[Creating objdir /usr/obj/usr/src/amd64.amd64/usr.bin/python...]
/usr/src/usr.bin/python/configure --prefix=/usr --sysconfdir=/etc --with-suffix=""
checking build system type... x86_64-unknown-freebsd15.0
checking host system type... x86_64-unknown-freebsd15.0
checking for python3.10... no
checking for python3... python3
checking for --enable-universalsdk... no
checking for --with-universal-archs... no
checking MACHDEP... "freebsd15"
checking for gcc... no
checking for cc... cc
checking whether the C compiler works... yes
checking for C compiler default output file name... a.out
checking for suffix of executables... 
checking whether we are cross compiling... no
checking for suffix of object files... o
checking whether we are using the GNU C compiler... yes
checking whether cc accepts -g... yes
checking for cc option to accept ISO C89... none needed
checking how to run the C preprocessor... cc -E
checking for grep that handles long lines and -e... /usr/bin/grep
checking for a sed that does not truncate output... /usr/bin/gsed
checking for --with-cxx-main=<compiler>... no
checking for c++... no
configure:

  By default, distutils will build C++ extension modules with "c++".
  If this is not intended, then set CXX on the configure command line.
  
checking for the platform triplet based on compiler characteristics... none
checking for multiarch... 
checking for -Wl,--no-as-needed... yes
checking for egrep... /usr/bin/grep -E
checking for ANSI C header files... yes
checking for sys/types.h... yes
checking for sys/stat.h... yes
checking for stdlib.h... yes
checking for string.h... yes
checking for memory.h... yes
checking for strings.h... yes
checking for inttypes.h... yes
checking for stdint.h... yes
checking for unistd.h... yes
checking minix/config.h usability... no
checking minix/config.h presence... no
checking for minix/config.h... no
checking whether it is safe to define __EXTENSIONS__... yes
checking for the Android API level... not Android
checking for --with-suffix... 
checking for case-insensitive build directory... no
checking LIBRARY... libpython$(VERSION)$(ABIFLAGS).a
checking LINKCC... $(PURIFY) $(MAINCC)
checking EXPORTSYMS... 
checking for GNU ld... yes
checking for --enable-shared... no
checking for --enable-profiling... no
checking LDLIBRARY... libpython$(VERSION)$(ABIFLAGS).a
checking for ar... ar
checking for readelf... readelf
checking for a BSD-compatible install... /usr/bin/ginstall -c
checking for a thread-safe mkdir -p... /usr/bin/gmkdir -p
checking for --with-pydebug... no
checking for --with-trace-refs... no
checking for --with-assertions... no
checking for --enable-optimizations... no
checking PROFILE_TASK... -m test --pgo --timeout=$(TESTTIMEOUT)
checking for --with-lto... no
checking for llvm-profdata... /usr/bin/llvm-profdata
checking for -Wextra... yes
checking whether cc accepts and needs -fno-strict-aliasing... no
checking if we can turn off cc unused result warning... yes
checking if we can turn off cc unused parameter warning... yes
checking if we can turn off cc missing field initializers warning... yes
checking if we can turn on cc mixed sign comparison warning... yes
checking if we can turn on cc unreachable code warning... yes
checking if we can turn on cc strict-prototypes warning... no
checking if we can make implicit function declaration an error in cc... yes
checking if we can use visibility in cc... yes
checking whether pthreads are available without options... no
checking whether cc accepts -Kpthread... no
checking whether cc accepts -Kthread... no
checking whether cc accepts -pthread... yes
checking whether c++ also accepts flags for thread support... yes
checking for ANSI C header files... (cached) yes
checking asm/types.h usability... no
checking asm/types.h presence... no
checking for asm/types.h... no
checking crypt.h usability... no
checking crypt.h presence... no
checking for crypt.h... no
checking conio.h usability... no
checking conio.h presence... no
checking for conio.h... no
checking direct.h usability... no
checking direct.h presence... no
checking for direct.h... no
checking dlfcn.h usability... yes
checking dlfcn.h presence... yes
checking for dlfcn.h... yes
checking errno.h usability... yes
checking errno.h presence... yes
checking for errno.h... yes
checking fcntl.h usability... yes
checking fcntl.h presence... yes
checking for fcntl.h... yes
checking grp.h usability... yes
checking grp.h presence... yes
checking for grp.h... yes
checking ieeefp.h usability... yes
checking ieeefp.h presence... yes
checking for ieeefp.h... yes
checking io.h usability... no
checking io.h presence... no
checking for io.h... no
checking langinfo.h usability... yes
checking langinfo.h presence... yes
checking for langinfo.h... yes
checking libintl.h usability... yes
checking libintl.h presence... yes
checking for libintl.h... yes
checking process.h usability... no
checking process.h presence... no
checking for process.h... no
checking pthread.h usability... yes
checking pthread.h presence... yes
checking for pthread.h... yes
checking sched.h usability... yes
checking sched.h presence... yes
checking for sched.h... yes
checking shadow.h usability... no
checking shadow.h presence... no
checking for shadow.h... no
checking signal.h usability... yes
checking signal.h presence... yes
checking for signal.h... yes
checking stropts.h usability... no
checking stropts.h presence... no
checking for stropts.h... no
checking termios.h usability... yes
checking termios.h presence... yes
checking for termios.h... yes
checking utime.h usability... yes
checking utime.h presence... yes
checking for utime.h... yes
checking poll.h usability... yes
checking poll.h presence... yes
checking for poll.h... yes
checking sys/devpoll.h usability... no
checking sys/devpoll.h presence... no
checking for sys/devpoll.h... no
checking sys/epoll.h usability... no
checking sys/epoll.h presence... no
checking for sys/epoll.h... no
checking sys/poll.h usability... yes
checking sys/poll.h presence... yes
checking for sys/poll.h... yes
checking sys/audioio.h usability... no
checking sys/audioio.h presence... no
checking for sys/audioio.h... no
checking sys/xattr.h usability... no
checking sys/xattr.h presence... no
checking for sys/xattr.h... no
checking sys/bsdtty.h usability... no
checking sys/bsdtty.h presence... no
checking for sys/bsdtty.h... no
checking sys/event.h usability... yes
checking sys/event.h presence... yes
checking for sys/event.h... yes
checking sys/file.h usability... yes
checking sys/file.h presence... yes
checking for sys/file.h... yes
checking sys/ioctl.h usability... yes
checking sys/ioctl.h presence... yes
checking for sys/ioctl.h... yes
checking sys/kern_control.h usability... no
checking sys/kern_control.h presence... no
checking for sys/kern_control.h... no
checking sys/loadavg.h usability... no
checking sys/loadavg.h presence... no
checking for sys/loadavg.h... no
checking sys/lock.h usability... yes
checking sys/lock.h presence... yes
checking for sys/lock.h... yes
checking sys/mkdev.h usability... no
checking sys/mkdev.h presence... no
checking for sys/mkdev.h... no
checking sys/modem.h usability... no
checking sys/modem.h presence... no
checking for sys/modem.h... no
checking sys/param.h usability... yes
checking sys/param.h presence... yes
checking for sys/param.h... yes
checking sys/random.h usability... yes
checking sys/random.h presence... yes
checking for sys/random.h... yes
checking sys/select.h usability... yes
checking sys/select.h presence... yes
checking for sys/select.h... yes
checking sys/sendfile.h usability... no
checking sys/sendfile.h presence... no
checking for sys/sendfile.h... no
checking sys/socket.h usability... yes
checking sys/socket.h presence... yes
checking for sys/socket.h... yes
checking sys/statvfs.h usability... yes
checking sys/statvfs.h presence... yes
checking for sys/statvfs.h... yes
checking for sys/stat.h... (cached) yes
checking sys/syscall.h usability... yes
checking sys/syscall.h presence... yes
checking for sys/syscall.h... yes
checking sys/sys_domain.h usability... yes
checking sys/sys_domain.h presence... yes
checking for sys/sys_domain.h... yes
checking sys/termio.h usability... no
checking sys/termio.h presence... no
checking for sys/termio.h... no
checking sys/time.h usability... yes
checking sys/time.h presence... yes
checking for sys/time.h... yes
checking sys/times.h usability... yes
checking sys/times.h presence... yes
checking for sys/times.h... yes
checking for sys/types.h... (cached) yes
checking sys/uio.h usability... yes
checking sys/uio.h presence... yes
checking for sys/uio.h... yes
checking sys/un.h usability... yes
checking sys/un.h presence... yes
checking for sys/un.h... yes
checking sys/utsname.h usability... yes
checking sys/utsname.h presence... yes
checking for sys/utsname.h... yes
checking sys/wait.h usability... yes
checking sys/wait.h presence... yes
checking for sys/wait.h... yes
checking pty.h usability... no
checking pty.h presence... no
checking for pty.h... no
checking libutil.h usability... yes
checking libutil.h presence... yes
checking for libutil.h... yes
checking sys/resource.h usability... yes
checking sys/resource.h presence... yes
checking for sys/resource.h... yes
checking netpacket/packet.h usability... no
checking netpacket/packet.h presence... no
checking for netpacket/packet.h... no
checking sysexits.h usability... yes
checking sysexits.h presence... yes
checking for sysexits.h... yes
checking bluetooth.h usability... yes
checking bluetooth.h presence... yes
checking for bluetooth.h... yes
checking linux/tipc.h usability... no
checking linux/tipc.h presence... no
checking for linux/tipc.h... no
checking linux/random.h usability... no
checking linux/random.h presence... no
checking for linux/random.h... no
checking spawn.h usability... yes
checking spawn.h presence... yes
checking for spawn.h... yes
checking util.h usability... yes
checking util.h presence... yes
checking for util.h... yes
checking alloca.h usability... no
checking alloca.h presence... no
checking for alloca.h... no
checking endian.h usability... yes
checking endian.h presence... yes
checking for endian.h... yes
checking sys/endian.h usability... yes
checking sys/endian.h presence... yes
checking for sys/endian.h... yes
checking sys/sysmacros.h usability... no
checking sys/sysmacros.h presence... no
checking for sys/sysmacros.h... no
checking linux/auxvec.h usability... no
checking linux/auxvec.h presence... no
checking for linux/auxvec.h... no
checking sys/auxv.h usability... yes
checking sys/auxv.h presence... yes
checking for sys/auxv.h... yes
checking linux/memfd.h usability... no
checking linux/memfd.h presence... no
checking for linux/memfd.h... no
checking linux/wait.h usability... no
checking linux/wait.h presence... no
checking for linux/wait.h... no
checking sys/memfd.h usability... no
checking sys/memfd.h presence... no
checking for sys/memfd.h... no
checking sys/mman.h usability... yes
checking sys/mman.h presence... yes
checking for sys/mman.h... yes
checking sys/eventfd.h usability... yes
checking sys/eventfd.h presence... yes
checking for sys/eventfd.h... yes
checking for dirent.h that defines DIR... yes
checking for library containing opendir... none required
checking whether sys/types.h defines makedev... yes
checking bluetooth/bluetooth.h usability... no
checking bluetooth/bluetooth.h presence... no
checking for bluetooth/bluetooth.h... no
checking for net/if.h... yes
checking for linux/netlink.h... no
checking for linux/qrtr.h... no
checking for linux/vm_sockets.h... no
checking for linux/can.h... no
checking for linux/can/bcm.h... no
checking for linux/can/j1939.h... no
checking for linux/can/raw.h... no
checking for clock_t in time.h... yes
checking for makedev... yes
checking for le64toh... no
checking for mode_t... yes
checking for off_t... yes
checking for pid_t... yes
checking for size_t... yes
checking for uid_t in sys/types.h... yes
checking for ssize_t... yes
checking for __uint128_t... yes
checking size of int... 4
checking size of long... 8
checking alignment of long... 8
checking size of long long... 8
checking size of void *... 8
checking size of short... 2
checking size of float... 4
checking size of double... 8
checking size of fpos_t... 8
checking size of size_t... 8
checking alignment of size_t... 8
checking size of pid_t... 4
checking size of uintptr_t... 8
checking for long double... yes
checking size of long double... 16
checking size of _Bool... 1
checking size of off_t... 8
checking whether to enable large file support... no
checking size of time_t... 8
checking for pthread_t... yes
checking size of pthread_t... 8
checking size of pthread_key_t... 4
checking whether pthread_key_t is compatible with int... yes
checking for --enable-framework... no
checking for dyld... no
checking for --with-address-sanitizer... no
checking for --with-memory-sanitizer... no
checking for --with-undefined-behavior-sanitizer... no
checking the extension of shared libraries... .so
checking LDSHARED... $(CC) -shared
checking CCSHARED... -fPIC
checking LINKFORSHARED... -Wl,--export-dynamic
checking CFLAGSFORSHARED... 
checking SHLIBS... $(LIBS)
checking for sendfile in -lsendfile... no
checking for dlopen in -ldl... yes
checking for shl_load in -ldld... no
checking uuid/uuid.h usability... yes
checking uuid/uuid.h presence... yes
checking for uuid/uuid.h... yes
checking uuid.h usability... yes
checking uuid.h presence... yes
checking for uuid.h... yes
checking for uuid_generate_time_safe... no
checking for uuid_generate_time in -luuid... yes
checking for uuid_create... yes
checking for uuid_enc_be... yes
checking for library containing sem_init... none required
checking for textdomain in -lintl... yes
checking aligned memory access is required... no
checking for --with-hash-algorithm... default
checking for --with-tzpath... "/usr/share/zoneinfo:/usr/lib/zoneinfo:/usr/share/lib/zoneinfo:/etc/zoneinfo"
checking for t_open in -lnsl... no
checking for socket in -lsocket... no
checking for --with-libs... no
checking for pkg-config... /usr/bin/pkg-config
checking pkg-config is at least version 0.9.0... yes
checking for --with-system-expat... no
checking for --with-system-ffi... yes
checking for --with-system-libmpdec... no
checking for --with-decimal-contextvar... yes
checking for --enable-loadable-sqlite-extensions... no
checking for --with-tcltk-includes... default
checking for --with-tcltk-libs... default
checking for --with-dbmliborder... 
checking if PTHREAD_SCOPE_SYSTEM is supported... yes
checking for pthread_sigmask... yes
checking for pthread_getcpuclockid... yes
checking if --enable-ipv6 is specified... yes
checking if RFC2553 API is available... yes
checking ipv6 stack type... kame
using libc
checking for CAN_RAW_FD_FRAMES... no
checking for CAN_RAW_JOIN_FILTERS... no
checking for --with-doc-strings... yes
checking for --with-pymalloc... yes
checking for --with-c-locale-coercion... yes
checking for --with-valgrind... no
checking for --with-dtrace... no
checking for dlopen... yes
checking DYNLOADFILE... dynload_shlib.o
checking MACHDEP_OBJS... none
checking for alarm... yes
checking for accept4... yes
checking for setitimer... yes
checking for getitimer... yes
checking for bind_textdomain_codeset... yes
checking for chown... yes
checking for clock... yes
checking for confstr... yes
checking for close_range... yes
checking for copy_file_range... yes
checking for ctermid... yes
checking for dup3... yes
checking for execv... yes
checking for explicit_bzero... yes
checking for explicit_memset... no
checking for faccessat... yes
checking for fchmod... yes
checking for fchmodat... yes
checking for fchown... yes
checking for fchownat... yes
checking for fdwalk... no
checking for fexecve... yes
checking for fdopendir... yes
checking for fork... yes
checking for fpathconf... yes
checking for fstatat... yes
checking for ftime... no
checking for ftruncate... yes
checking for futimesat... yes
checking for futimens... yes
checking for futimes... yes
checking for gai_strerror... yes
checking for getentropy... yes
checking for getgrgid_r... yes
checking for getgrnam_r... yes
checking for getgrouplist... yes
checking for getgroups... yes
checking for getlogin... yes
checking for getloadavg... yes
checking for getpeername... yes
checking for getpgid... yes
checking for getpid... yes
checking for getpriority... yes
checking for getresuid... yes
checking for getresgid... yes
checking for getpwent... yes
checking for getpwnam_r... yes
checking for getpwuid_r... yes
checking for getspnam... no
checking for getspent... no
checking for getsid... yes
checking for getwd... yes
checking for if_nameindex... yes
checking for initgroups... yes
checking for kill... yes
checking for killpg... yes
checking for lchown... yes
checking for lockf... yes
checking for linkat... yes
checking for lstat... yes
checking for lutimes... yes
checking for mmap... yes
checking for memrchr... yes
checking for mbrtowc... yes
checking for mkdirat... yes
checking for mkfifo... yes
checking for madvise... yes
checking for mkfifoat... yes
checking for mknod... yes
checking for mknodat... yes
checking for mktime... yes
checking for mremap... no
checking for nice... yes
checking for openat... yes
checking for pathconf... yes
checking for pause... yes
checking for pipe2... yes
checking for plock... no
checking for poll... yes
checking for posix_fallocate... yes
checking for posix_fadvise... yes
checking for posix_spawn... yes
checking for posix_spawnp... yes
checking for pread... yes
checking for preadv... yes
checking for preadv2... no
checking for pthread_condattr_setclock... yes
checking for pthread_init... no
checking for pthread_kill... yes
checking for pwrite... yes
checking for pwritev... yes
checking for pwritev2... no
checking for readlink... yes
checking for readlinkat... yes
checking for readv... yes
checking for realpath... yes
checking for renameat... yes
checking for sem_open... yes
checking for sem_timedwait... yes
checking for sem_clockwait... no
checking for sem_getvalue... yes
checking for sem_unlink... yes
checking for sendfile... yes
checking for setegid... yes
checking for seteuid... yes
checking for setgid... yes
checking for sethostname... yes
checking for setlocale... yes
checking for setregid... yes
checking for setreuid... yes
checking for setresuid... yes
checking for setresgid... yes
checking for setsid... yes
checking for setpgid... yes
checking for setpgrp... yes
checking for setpriority... yes
checking for setuid... yes
checking for setvbuf... yes
checking for sched_get_priority_max... yes
checking for sched_setaffinity... yes
checking for sched_setscheduler... yes
checking for sched_setparam... yes
checking for sched_rr_get_interval... yes
checking for sigaction... yes
checking for sigaltstack... yes
checking for sigfillset... yes
checking for siginterrupt... yes
checking for sigpending... yes
checking for sigrelse... yes
checking for sigtimedwait... yes
checking for sigwait... yes
checking for sigwaitinfo... yes
checking for snprintf... yes
checking for splice... no
checking for strftime... yes
checking for strlcpy... yes
checking for strsignal... yes
checking for symlinkat... yes
checking for sync... yes
checking for sysconf... yes
checking for tcgetpgrp... yes
checking for tcsetpgrp... yes
checking for tempnam... yes
checking for timegm... yes
checking for times... yes
checking for tmpfile... yes
checking for tmpnam... yes
checking for tmpnam_r... no
checking for truncate... yes
checking for uname... yes
checking for unlinkat... yes
checking for utimensat... yes
checking for utimes... yes
checking for vfork... yes
checking for waitid... yes
checking for waitpid... yes
checking for wait3... yes
checking for wait4... yes
checking for wcscoll... yes
checking for wcsftime... yes
checking for wcsxfrm... yes
checking for wmemcmp... yes
checking for writev... yes
checking for _getpty... no
checking for rtpSpawn... no
checking for lchmod... yes
checking whether dirfd is declared... yes
checking for chroot... yes
checking for link... yes
checking for symlink... yes
checking for fchdir... yes
checking for fsync... yes
checking for fdatasync... yes
checking for epoll... no
checking for epoll_create1... no
checking for kqueue... yes
checking for prlimit... no
checking for _dyld_shared_cache_contains_path... yes
checking for memfd_create... yes
checking for eventfd... yes
checking for ctermid_r... yes
checking for flock declaration... yes
checking for flock... yes
checking for getpagesize... yes
checking for broken unsetenv... no
checking for true... true
checking for inet_aton in -lc... yes
checking for chflags... yes
checking for lchflags... yes
checking for inflateCopy in -lz... yes
checking for hstrerror... yes
checking for inet_aton... yes
checking for inet_pton... yes
checking for setgroups... yes
checking for openpty... no
checking for openpty in -lutil... yes
checking for forkpty... yes
checking for fseek64... no
checking for fseeko... yes
checking for fstatvfs... yes
checking for ftell64... no
checking for ftello... yes
checking for statvfs... yes
checking for dup2... yes
checking for getpgrp... yes
checking for setpgrp... (cached) yes
checking for library containing crypt... -lcrypt
checking for library containing crypt_r... none required
checking for crypt_r... yes
checking for clock_gettime... yes
checking for clock_getres... yes
checking for clock_settime... yes
checking for major... yes
checking for getaddrinfo... yes
checking getaddrinfo bug... no
checking for getnameinfo... yes
checking whether time.h and sys/time.h may both be included... yes
checking whether struct tm is in sys/time.h or time.h... time.h
checking for struct tm.tm_zone... yes
checking for struct stat.st_rdev... yes
checking for struct stat.st_blksize... yes
checking for struct stat.st_flags... yes
checking for struct stat.st_gen... yes
checking for struct stat.st_birthtime... yes
checking for struct stat.st_blocks... yes
checking for struct passwd.pw_gecos... yes
checking for struct passwd.pw_passwd... yes
checking for siginfo_t.si_band... yes
checking for time.h that defines altzone... no
checking whether sys/select.h and sys/time.h may both be included... yes
checking for addrinfo... yes
checking for sockaddr_storage... yes
checking for sockaddr_alg... no
checking for an ANSI C-conforming const... yes
checking for working signed char... yes
checking for prototypes... yes
checking for variable length prototypes and stdarg.h... yes
checking for socketpair... yes
checking if sockaddr has sa_len member... yes
checking for gethostbyname_r... yes
checking gethostbyname_r with 6 args... yes
checking for __fpu_control... no
checking for __fpu_control in -lieee... no
checking for --with-libm=STRING... default LIBM="-lm"
checking for --with-libc=STRING... default LIBC=""
checking for x64 gcc inline assembler... yes
checking whether float word ordering is bigendian... no
checking whether we can use gcc inline assembler to get and set x87 control word... yes
checking whether we can use gcc inline assembler to get and set mc68881 fpcr... no
checking for x87-style double rounding... no
checking for acosh... yes
checking for asinh... yes
checking for atanh... yes
checking for copysign... yes
checking for erf... yes
checking for erfc... yes
checking for expm1... yes
checking for finite... yes
checking for gamma... yes
checking for hypot... yes
checking for lgamma... yes
checking for log1p... yes
checking for log2... yes
checking for round... yes
checking for tgamma... yes
checking whether isinf is declared... yes
checking whether isnan is declared... yes
checking whether isfinite is declared... yes
checking whether POSIX semaphores are enabled... yes
checking for broken sem_getvalue... no
checking whether RTLD_LAZY is declared... yes
checking whether RTLD_NOW is declared... yes
checking whether RTLD_GLOBAL is declared... yes
checking whether RTLD_LOCAL is declared... yes
checking whether RTLD_NODELETE is declared... yes
checking whether RTLD_NOLOAD is declared... yes
checking whether RTLD_DEEPBIND is declared... yes
checking whether RTLD_MEMBER is declared... no
checking digit size for Python's longs... no value specified
checking wchar.h usability... yes
checking wchar.h presence... yes
checking for wchar.h... yes
checking size of wchar_t... 4
checking for UCS-4 tcl... no
checking whether wchar_t is signed... yes
checking whether wchar_t is usable... no
checking whether byte ordering is bigendian... no
checking ABIFLAGS... 
checking SOABI... cpython-310
checking LDVERSION... $(VERSION)$(ABIFLAGS)
checking for --with-platlibdir... no
checking for --with-wheel-pkg-dir... no
checking whether right shift extends the sign bit... yes
checking for getc_unlocked() and friends... yes
checking how to link readline libs... -lreadline
checking whether rl_completion_append_character is declared... yes
checking whether rl_completion_suppress_append is declared... yes
checking for rl_pre_input_hook in -lreadline... yes
checking for rl_completion_display_matches_hook in -lreadline... yes
checking for rl_resize_terminal in -lreadline... yes
checking for rl_completion_matches in -lreadline... yes
checking whether rl_catch_signals is declared... yes
checking for append_history in -lreadline... yes
checking for broken nice()... yes
checking for broken poll()... no
checking for working tzset()... yes
checking for tv_nsec in struct stat... yes
checking for tv_nsec2 in struct stat... yes
checking curses.h usability... yes
checking curses.h presence... yes
checking for curses.h... yes
checking ncurses.h usability... yes
checking ncurses.h presence... yes
checking for ncurses.h... yes
checking for term.h... yes
checking whether mvwdelch is an expression... yes
checking whether WINDOW has _flags... yes
checking for is_pad... yes
checking for is_term_resized... yes
checking for resize_term... yes
checking for resizeterm... yes
checking for immedok... yes
checking for syncok... yes
checking for wchgat... yes
checking for filter... yes
checking for has_key... yes
checking for typeahead... yes
checking for use_env... yes
configure: checking for device files
checking for /dev/ptmx... yes
checking for /dev/ptc... no
checking for %zd printf() format support... yes
checking for socklen_t... yes
checking for broken mbstowcs... no
checking for --with-computed-gotos... no value specified
checking whether cc -pthread supports computed gotos... yes
checking for build directories... done
checking for -O2... yes
checking for glibc _FORTIFY_SOURCE/memmove bug... no
checking for stdatomic.h... yes
checking for builtin __atomic_load_n and __atomic_store_n functions... yes
checking for ensurepip... upgrade
checking if the dirent structure of a d_type field... yes
checking for the Linux getrandom() syscall... no
checking for the getrandom() function... yes
checking for library containing shm_open... none required
checking for sys/mman.h... (cached) yes
checking for shm_open... yes
checking for shm_unlink... yes
checking for pkg-config... /usr/bin/pkg-config
checking whether compiling and linking against OpenSSL works... yes
checking for --with-openssl-rpath... 
checking whether OpenSSL provides required APIs... yes
checking for --with-ssl-default-suites... python
checking for --with-builtin-hashlib-hashes... md5,sha1,sha256,sha512,sha3,blake2
checking for --with-experimental-isolated-subinterpreters... no
checking for --with-static-libpython... yes
checking for --disable-test-modules... no
configure: creating ./config.status
config.status: creating Makefile.pre
config.status: creating Misc/python.pc
config.status: creating Misc/python-embed.pc
config.status: creating Misc/python-config.sh
config.status: creating Modules/ld_so_aix
config.status: creating pyconfig.h
creating Modules/Setup.local
creating Makefile


If you want a release build with all stable optimizations active (PGO, etc),
please run ./configure --enable-optimizations


make
cc -pthread -c -Wno-unused-result -Wsign-compare -Wunreachable-code -DNDEBUG -g -fwrapv -O3 -Wall  -O2 -pipe -fno-common  -std=c99 -Wextra -Wno-unused-result -Wno-unused-parameter -Wno-missing-field-initializers -Werror=implicit-function-declaration -fvisibility=hidden  -I/usr/src/usr.bin/python/Include/internal -IObjects -IInclude -IPython -I. -I/usr/src/usr.bin/python/Include    -DPy_BUILD_CORE -o Programs/python.o /usr/src/usr.bin/python/Programs/python.c
cc -pthread -c -Wno-unused-result -Wsign-compare -Wunreachable-code -DNDEBUG -g -fwrapv -O3 -Wall  -O2 -pipe -fno-common  -std=c99 -Wextra -Wno-unused-result -Wno-unused-parameter -Wno-missing-field-initializers -Werror=implicit-function-declaration -fvisibility=hidden  -I/usr/src/usr.bin/python/Include/internal -IObjects -IInclude -IPython -I. -I/usr/src/usr.bin/python/Include    -DPy_BUILD_CORE -o Parser/token.o /usr/src/usr.bin/python/Parser/token.c
cc -pthread -c -Wno-unused-result -Wsign-compare -Wunreachable-code -DNDEBUG -g -fwrapv -O3 -Wall  -O2 -pipe -fno-common  -std=c99 -Wextra -Wno-unused-result -Wno-unused-parameter -Wno-missing-field-initializers -Werror=implicit-function-declaration -fvisibility=hidden  -I/usr/src/usr.bin/python/Include/internal -IObjects -IInclude -IPython -I. -I/usr/src/usr.bin/python/Include    -DPy_BUILD_CORE -o Parser/pegen.o /usr/src/usr.bin/python/Parser/pegen.c
cc -pthread -c -Wno-unused-result -Wsign-compare -Wunreachable-code -DNDEBUG -g -fwrapv -O3 -Wall  -O2 -pipe -fno-common  -std=c99 -Wextra -Wno-unused-result -Wno-unused-parameter -Wno-missing-field-initializers -Werror=implicit-function-declaration -fvisibility=hidden  -I/usr/src/usr.bin/python/Include/internal -IObjects -IInclude -IPython -I. -I/usr/src/usr.bin/python/Include    -DPy_BUILD_CORE -o Parser/parser.o /usr/src/usr.bin/python/Parser/parser.c
cc -pthread -c -Wno-unused-result -Wsign-compare -Wunreachable-code -DNDEBUG -g -fwrapv -O3 -Wall  -O2 -pipe -fno-common  -std=c99 -Wextra -Wno-unused-result -Wno-unused-parameter -Wno-missing-field-initializers -Werror=implicit-function-declaration -fvisibility=hidden  -I/usr/src/usr.bin/python/Include/internal -IObjects -IInclude -IPython -I. -I/usr/src/usr.bin/python/Include    -DPy_BUILD_CORE -o Parser/string_parser.o /usr/src/usr.bin/python/Parser/string_parser.c
cc -pthread -c -Wno-unused-result -Wsign-compare -Wunreachable-code -DNDEBUG -g -fwrapv -O3 -Wall  -O2 -pipe -fno-common  -std=c99 -Wextra -Wno-unused-result -Wno-unused-parameter -Wno-missing-field-initializers -Werror=implicit-function-declaration -fvisibility=hidden  -I/usr/src/usr.bin/python/Include/internal -IObjects -IInclude -IPython -I. -I/usr/src/usr.bin/python/Include    -DPy_BUILD_CORE -o Parser/peg_api.o /usr/src/usr.bin/python/Parser/peg_api.c
cc -pthread -c -Wno-unused-result -Wsign-compare -Wunreachable-code -DNDEBUG -g -fwrapv -O3 -Wall  -O2 -pipe -fno-common  -std=c99 -Wextra -Wno-unused-result -Wno-unused-parameter -Wno-missing-field-initializers -Werror=implicit-function-declaration -fvisibility=hidden  -I/usr/src/usr.bin/python/Include/internal -IObjects -IInclude -IPython -I. -I/usr/src/usr.bin/python/Include    -DPy_BUILD_CORE -o Parser/myreadline.o /usr/src/usr.bin/python/Parser/myreadline.c
cc -pthread -c -Wno-unused-result -Wsign-compare -Wunreachable-code -DNDEBUG -g -fwrapv -O3 -Wall  -O2 -pipe -fno-common  -std=c99 -Wextra -Wno-unused-result -Wno-unused-parameter -Wno-missing-field-initializers -Werror=implicit-function-declaration -fvisibility=hidden  -I/usr/src/usr.bin/python/Include/internal -IObjects -IInclude -IPython -I. -I/usr/src/usr.bin/python/Include    -DPy_BUILD_CORE -o Parser/tokenizer.o /usr/src/usr.bin/python/Parser/tokenizer.c
cc -pthread -c -Wno-unused-result -Wsign-compare -Wunreachable-code -DNDEBUG -g -fwrapv -O3 -Wall  -O2 -pipe -fno-common  -std=c99 -Wextra -Wno-unused-result -Wno-unused-parameter -Wno-missing-field-initializers -Werror=implicit-function-declaration -fvisibility=hidden  -I/usr/src/usr.bin/python/Include/internal -IObjects -IInclude -IPython -I. -I/usr/src/usr.bin/python/Include    -DPy_BUILD_CORE -o Objects/abstract.o /usr/src/usr.bin/python/Objects/abstract.c
cc -pthread -c -Wno-unused-result -Wsign-compare -Wunreachable-code -DNDEBUG -g -fwrapv -O3 -Wall  -O2 -pipe -fno-common  -std=c99 -Wextra -Wno-unused-result -Wno-unused-parameter -Wno-missing-field-initializers -Werror=implicit-function-declaration -fvisibility=hidden  -I/usr/src/usr.bin/python/Include/internal -IObjects -IInclude -IPython -I. -I/usr/src/usr.bin/python/Include    -DPy_BUILD_CORE -o Objects/accu.o /usr/src/usr.bin/python/Objects/accu.c
cc -pthread -c -Wno-unused-result -Wsign-compare -Wunreachable-code -DNDEBUG -g -fwrapv -O3 -Wall  -O2 -pipe -fno-common  -std=c99 -Wextra -Wno-unused-result -Wno-unused-parameter -Wno-missing-field-initializers -Werror=implicit-function-declaration -fvisibility=hidden  -I/usr/src/usr.bin/python/Include/internal -IObjects -IInclude -IPython -I. -I/usr/src/usr.bin/python/Include    -DPy_BUILD_CORE -o Objects/boolobject.o /usr/src/usr.bin/python/Objects/boolobject.c
cc -pthread -c -Wno-unused-result -Wsign-compare -Wunreachable-code -DNDEBUG -g -fwrapv -O3 -Wall  -O2 -pipe -fno-common  -std=c99 -Wextra -Wno-unused-result -Wno-unused-parameter -Wno-missing-field-initializers -Werror=implicit-function-declaration -fvisibility=hidden  -I/usr/src/usr.bin/python/Include/internal -IObjects -IInclude -IPython -I. -I/usr/src/usr.bin/python/Include    -DPy_BUILD_CORE -o Objects/bytes_methods.o /usr/src/usr.bin/python/Objects/bytes_methods.c
cc -pthread -c -Wno-unused-result -Wsign-compare -Wunreachable-code -DNDEBUG -g -fwrapv -O3 -Wall  -O2 -pipe -fno-common  -std=c99 -Wextra -Wno-unused-result -Wno-unused-parameter -Wno-missing-field-initializers -Werror=implicit-function-declaration -fvisibility=hidden  -I/usr/src/usr.bin/python/Include/internal -IObjects -IInclude -IPython -I. -I/usr/src/usr.bin/python/Include    -DPy_BUILD_CORE -o Objects/bytearrayobject.o /usr/src/usr.bin/python/Objects/bytearrayobject.c
cc -pthread -c -Wno-unused-result -Wsign-compare -Wunreachable-code -DNDEBUG -g -fwrapv -O3 -Wall  -O2 -pipe -fno-common  -std=c99 -Wextra -Wno-unused-result -Wno-unused-parameter -Wno-missing-field-initializers -Werror=implicit-function-declaration -fvisibility=hidden  -I/usr/src/usr.bin/python/Include/internal -IObjects -IInclude -IPython -I. -I/usr/src/usr.bin/python/Include    -DPy_BUILD_CORE -o Objects/bytesobject.o /usr/src/usr.bin/python/Objects/bytesobject.c
cc -pthread -c -Wno-unused-result -Wsign-compare -Wunreachable-code -DNDEBUG -g -fwrapv -O3 -Wall  -O2 -pipe -fno-common  -std=c99 -Wextra -Wno-unused-result -Wno-unused-parameter -Wno-missing-field-initializers -Werror=implicit-function-declaration -fvisibility=hidden  -I/usr/src/usr.bin/python/Include/internal -IObjects -IInclude -IPython -I. -I/usr/src/usr.bin/python/Include    -DPy_BUILD_CORE -o Objects/call.o /usr/src/usr.bin/python/Objects/call.c
cc -pthread -c -Wno-unused-result -Wsign-compare -Wunreachable-code -DNDEBUG -g -fwrapv -O3 -Wall  -O2 -pipe -fno-common  -std=c99 -Wextra -Wno-unused-result -Wno-unused-parameter -Wno-missing-field-initializers -Werror=implicit-function-declaration -fvisibility=hidden  -I/usr/src/usr.bin/python/Include/internal -IObjects -IInclude -IPython -I. -I/usr/src/usr.bin/python/Include    -DPy_BUILD_CORE -o Objects/capsule.o /usr/src/usr.bin/python/Objects/capsule.c
cc -pthread -c -Wno-unused-result -Wsign-compare -Wunreachable-code -DNDEBUG -g -fwrapv -O3 -Wall  -O2 -pipe -fno-common  -std=c99 -Wextra -Wno-unused-result -Wno-unused-parameter -Wno-missing-field-initializers -Werror=implicit-function-declaration -fvisibility=hidden  -I/usr/src/usr.bin/python/Include/internal -IObjects -IInclude -IPython -I. -I/usr/src/usr.bin/python/Include    -DPy_BUILD_CORE -o Objects/cellobject.o /usr/src/usr.bin/python/Objects/cellobject.c
cc -pthread -c -Wno-unused-result -Wsign-compare -Wunreachable-code -DNDEBUG -g -fwrapv -O3 -Wall  -O2 -pipe -fno-common  -std=c99 -Wextra -Wno-unused-result -Wno-unused-parameter -Wno-missing-field-initializers -Werror=implicit-function-declaration -fvisibility=hidden  -I/usr/src/usr.bin/python/Include/internal -IObjects -IInclude -IPython -I. -I/usr/src/usr.bin/python/Include    -DPy_BUILD_CORE -o Objects/classobject.o /usr/src/usr.bin/python/Objects/classobject.c
cc -pthread -c -Wno-unused-result -Wsign-compare -Wunreachable-code -DNDEBUG -g -fwrapv -O3 -Wall  -O2 -pipe -fno-common  -std=c99 -Wextra -Wno-unused-result -Wno-unused-parameter -Wno-missing-field-initializers -Werror=implicit-function-declaration -fvisibility=hidden  -I/usr/src/usr.bin/python/Include/internal -IObjects -IInclude -IPython -I. -I/usr/src/usr.bin/python/Include    -DPy_BUILD_CORE -o Objects/codeobject.o /usr/src/usr.bin/python/Objects/codeobject.c
cc -pthread -c -Wno-unused-result -Wsign-compare -Wunreachable-code -DNDEBUG -g -fwrapv -O3 -Wall  -O2 -pipe -fno-common  -std=c99 -Wextra -Wno-unused-result -Wno-unused-parameter -Wno-missing-field-initializers -Werror=implicit-function-declaration -fvisibility=hidden  -I/usr/src/usr.bin/python/Include/internal -IObjects -IInclude -IPython -I. -I/usr/src/usr.bin/python/Include    -DPy_BUILD_CORE -o Objects/complexobject.o /usr/src/usr.bin/python/Objects/complexobject.c
cc -pthread -c -Wno-unused-result -Wsign-compare -Wunreachable-code -DNDEBUG -g -fwrapv -O3 -Wall  -O2 -pipe -fno-common  -std=c99 -Wextra -Wno-unused-result -Wno-unused-parameter -Wno-missing-field-initializers -Werror=implicit-function-declaration -fvisibility=hidden  -I/usr/src/usr.bin/python/Include/internal -IObjects -IInclude -IPython -I. -I/usr/src/usr.bin/python/Include    -DPy_BUILD_CORE -o Objects/descrobject.o /usr/src/usr.bin/python/Objects/descrobject.c
cc -pthread -c -Wno-unused-result -Wsign-compare -Wunreachable-code -DNDEBUG -g -fwrapv -O3 -Wall  -O2 -pipe -fno-common  -std=c99 -Wextra -Wno-unused-result -Wno-unused-parameter -Wno-missing-field-initializers -Werror=implicit-function-declaration -fvisibility=hidden  -I/usr/src/usr.bin/python/Include/internal -IObjects -IInclude -IPython -I. -I/usr/src/usr.bin/python/Include    -DPy_BUILD_CORE -o Objects/enumobject.o /usr/src/usr.bin/python/Objects/enumobject.c
cc -pthread -c -Wno-unused-result -Wsign-compare -Wunreachable-code -DNDEBUG -g -fwrapv -O3 -Wall  -O2 -pipe -fno-common  -std=c99 -Wextra -Wno-unused-result -Wno-unused-parameter -Wno-missing-field-initializers -Werror=implicit-function-declaration -fvisibility=hidden  -I/usr/src/usr.bin/python/Include/internal -IObjects -IInclude -IPython -I. -I/usr/src/usr.bin/python/Include    -DPy_BUILD_CORE -o Objects/exceptions.o /usr/src/usr.bin/python/Objects/exceptions.c
cc -pthread -c -Wno-unused-result -Wsign-compare -Wunreachable-code -DNDEBUG -g -fwrapv -O3 -Wall  -O2 -pipe -fno-common  -std=c99 -Wextra -Wno-unused-result -Wno-unused-parameter -Wno-missing-field-initializers -Werror=implicit-function-declaration -fvisibility=hidden  -I/usr/src/usr.bin/python/Include/internal -IObjects -IInclude -IPython -I. -I/usr/src/usr.bin/python/Include    -DPy_BUILD_CORE -o Objects/genericaliasobject.o /usr/src/usr.bin/python/Objects/genericaliasobject.c
cc -pthread -c -Wno-unused-result -Wsign-compare -Wunreachable-code -DNDEBUG -g -fwrapv -O3 -Wall  -O2 -pipe -fno-common  -std=c99 -Wextra -Wno-unused-result -Wno-unused-parameter -Wno-missing-field-initializers -Werror=implicit-function-declaration -fvisibility=hidden  -I/usr/src/usr.bin/python/Include/internal -IObjects -IInclude -IPython -I. -I/usr/src/usr.bin/python/Include    -DPy_BUILD_CORE -o Objects/genobject.o /usr/src/usr.bin/python/Objects/genobject.c
cc -pthread -c -Wno-unused-result -Wsign-compare -Wunreachable-code -DNDEBUG -g -fwrapv -O3 -Wall  -O2 -pipe -fno-common  -std=c99 -Wextra -Wno-unused-result -Wno-unused-parameter -Wno-missing-field-initializers -Werror=implicit-function-declaration -fvisibility=hidden  -I/usr/src/usr.bin/python/Include/internal -IObjects -IInclude -IPython -I. -I/usr/src/usr.bin/python/Include    -DPy_BUILD_CORE -o Objects/fileobject.o /usr/src/usr.bin/python/Objects/fileobject.c
/usr/src/usr.bin/python/Objects/fileobject.c:256:9: warning: variable 'newlinetypes' set but not used [-Wunused-but-set-variable]
    int newlinetypes = 0;
        ^
1 warning generated.
cc -pthread -c -Wno-unused-result -Wsign-compare -Wunreachable-code -DNDEBUG -g -fwrapv -O3 -Wall  -O2 -pipe -fno-common  -std=c99 -Wextra -Wno-unused-result -Wno-unused-parameter -Wno-missing-field-initializers -Werror=implicit-function-declaration -fvisibility=hidden  -I/usr/src/usr.bin/python/Include/internal -IObjects -IInclude -IPython -I. -I/usr/src/usr.bin/python/Include    -DPy_BUILD_CORE -o Objects/floatobject.o /usr/src/usr.bin/python/Objects/floatobject.c
cc -pthread -c -Wno-unused-result -Wsign-compare -Wunreachable-code -DNDEBUG -g -fwrapv -O3 -Wall  -O2 -pipe -fno-common  -std=c99 -Wextra -Wno-unused-result -Wno-unused-parameter -Wno-missing-field-initializers -Werror=implicit-function-declaration -fvisibility=hidden  -I/usr/src/usr.bin/python/Include/internal -IObjects -IInclude -IPython -I. -I/usr/src/usr.bin/python/Include    -DPy_BUILD_CORE -o Objects/frameobject.o /usr/src/usr.bin/python/Objects/frameobject.c
cc -pthread -c -Wno-unused-result -Wsign-compare -Wunreachable-code -DNDEBUG -g -fwrapv -O3 -Wall  -O2 -pipe -fno-common  -std=c99 -Wextra -Wno-unused-result -Wno-unused-parameter -Wno-missing-field-initializers -Werror=implicit-function-declaration -fvisibility=hidden  -I/usr/src/usr.bin/python/Include/internal -IObjects -IInclude -IPython -I. -I/usr/src/usr.bin/python/Include    -DPy_BUILD_CORE -o Objects/funcobject.o /usr/src/usr.bin/python/Objects/funcobject.c
cc -pthread -c -Wno-unused-result -Wsign-compare -Wunreachable-code -DNDEBUG -g -fwrapv -O3 -Wall  -O2 -pipe -fno-common  -std=c99 -Wextra -Wno-unused-result -Wno-unused-parameter -Wno-missing-field-initializers -Werror=implicit-function-declaration -fvisibility=hidden  -I/usr/src/usr.bin/python/Include/internal -IObjects -IInclude -IPython -I. -I/usr/src/usr.bin/python/Include    -DPy_BUILD_CORE -o Objects/interpreteridobject.o /usr/src/usr.bin/python/Objects/interpreteridobject.c
cc -pthread -c -Wno-unused-result -Wsign-compare -Wunreachable-code -DNDEBUG -g -fwrapv -O3 -Wall  -O2 -pipe -fno-common  -std=c99 -Wextra -Wno-unused-result -Wno-unused-parameter -Wno-missing-field-initializers -Werror=implicit-function-declaration -fvisibility=hidden  -I/usr/src/usr.bin/python/Include/internal -IObjects -IInclude -IPython -I. -I/usr/src/usr.bin/python/Include    -DPy_BUILD_CORE -o Objects/iterobject.o /usr/src/usr.bin/python/Objects/iterobject.c
cc -pthread -c -Wno-unused-result -Wsign-compare -Wunreachable-code -DNDEBUG -g -fwrapv -O3 -Wall  -O2 -pipe -fno-common  -std=c99 -Wextra -Wno-unused-result -Wno-unused-parameter -Wno-missing-field-initializers -Werror=implicit-function-declaration -fvisibility=hidden  -I/usr/src/usr.bin/python/Include/internal -IObjects -IInclude -IPython -I. -I/usr/src/usr.bin/python/Include    -DPy_BUILD_CORE -o Objects/listobject.o /usr/src/usr.bin/python/Objects/listobject.c
cc -pthread -c -Wno-unused-result -Wsign-compare -Wunreachable-code -DNDEBUG -g -fwrapv -O3 -Wall  -O2 -pipe -fno-common  -std=c99 -Wextra -Wno-unused-result -Wno-unused-parameter -Wno-missing-field-initializers -Werror=implicit-function-declaration -fvisibility=hidden  -I/usr/src/usr.bin/python/Include/internal -IObjects -IInclude -IPython -I. -I/usr/src/usr.bin/python/Include    -DPy_BUILD_CORE -o Objects/longobject.o /usr/src/usr.bin/python/Objects/longobject.c
cc -pthread -c -Wno-unused-result -Wsign-compare -Wunreachable-code -DNDEBUG -g -fwrapv -O3 -Wall  -O2 -pipe -fno-common  -std=c99 -Wextra -Wno-unused-result -Wno-unused-parameter -Wno-missing-field-initializers -Werror=implicit-function-declaration -fvisibility=hidden  -I/usr/src/usr.bin/python/Include/internal -IObjects -IInclude -IPython -I. -I/usr/src/usr.bin/python/Include    -DPy_BUILD_CORE -o Objects/dictobject.o /usr/src/usr.bin/python/Objects/dictobject.c
/usr/src/usr.bin/python/Objects/dictobject.c:2281:16: warning: variable 'i' set but not used [-Wunused-but-set-variable]
    Py_ssize_t i, j;
               ^
1 warning generated.
cc -pthread -c -Wno-unused-result -Wsign-compare -Wunreachable-code -DNDEBUG -g -fwrapv -O3 -Wall  -O2 -pipe -fno-common  -std=c99 -Wextra -Wno-unused-result -Wno-unused-parameter -Wno-missing-field-initializers -Werror=implicit-function-declaration -fvisibility=hidden  -I/usr/src/usr.bin/python/Include/internal -IObjects -IInclude -IPython -I. -I/usr/src/usr.bin/python/Include    -DPy_BUILD_CORE -o Objects/odictobject.o /usr/src/usr.bin/python/Objects/odictobject.c
cc -pthread -c -Wno-unused-result -Wsign-compare -Wunreachable-code -DNDEBUG -g -fwrapv -O3 -Wall  -O2 -pipe -fno-common  -std=c99 -Wextra -Wno-unused-result -Wno-unused-parameter -Wno-missing-field-initializers -Werror=implicit-function-declaration -fvisibility=hidden  -I/usr/src/usr.bin/python/Include/internal -IObjects -IInclude -IPython -I. -I/usr/src/usr.bin/python/Include    -DPy_BUILD_CORE -o Objects/memoryobject.o /usr/src/usr.bin/python/Objects/memoryobject.c
cc -pthread -c -Wno-unused-result -Wsign-compare -Wunreachable-code -DNDEBUG -g -fwrapv -O3 -Wall  -O2 -pipe -fno-common  -std=c99 -Wextra -Wno-unused-result -Wno-unused-parameter -Wno-missing-field-initializers -Werror=implicit-function-declaration -fvisibility=hidden  -I/usr/src/usr.bin/python/Include/internal -IObjects -IInclude -IPython -I. -I/usr/src/usr.bin/python/Include    -DPy_BUILD_CORE -o Objects/methodobject.o /usr/src/usr.bin/python/Objects/methodobject.c
cc -pthread -c -Wno-unused-result -Wsign-compare -Wunreachable-code -DNDEBUG -g -fwrapv -O3 -Wall  -O2 -pipe -fno-common  -std=c99 -Wextra -Wno-unused-result -Wno-unused-parameter -Wno-missing-field-initializers -Werror=implicit-function-declaration -fvisibility=hidden  -I/usr/src/usr.bin/python/Include/internal -IObjects -IInclude -IPython -I. -I/usr/src/usr.bin/python/Include    -DPy_BUILD_CORE -o Objects/moduleobject.o /usr/src/usr.bin/python/Objects/moduleobject.c
cc -pthread -c -Wno-unused-result -Wsign-compare -Wunreachable-code -DNDEBUG -g -fwrapv -O3 -Wall  -O2 -pipe -fno-common  -std=c99 -Wextra -Wno-unused-result -Wno-unused-parameter -Wno-missing-field-initializers -Werror=implicit-function-declaration -fvisibility=hidden  -I/usr/src/usr.bin/python/Include/internal -IObjects -IInclude -IPython -I. -I/usr/src/usr.bin/python/Include    -DPy_BUILD_CORE -o Objects/namespaceobject.o /usr/src/usr.bin/python/Objects/namespaceobject.c
cc -pthread -c -Wno-unused-result -Wsign-compare -Wunreachable-code -DNDEBUG -g -fwrapv -O3 -Wall  -O2 -pipe -fno-common  -std=c99 -Wextra -Wno-unused-result -Wno-unused-parameter -Wno-missing-field-initializers -Werror=implicit-function-declaration -fvisibility=hidden  -I/usr/src/usr.bin/python/Include/internal -IObjects -IInclude -IPython -I. -I/usr/src/usr.bin/python/Include    -DPy_BUILD_CORE -o Objects/object.o /usr/src/usr.bin/python/Objects/object.c
cc -pthread -c -Wno-unused-result -Wsign-compare -Wunreachable-code -DNDEBUG -g -fwrapv -O3 -Wall  -O2 -pipe -fno-common  -std=c99 -Wextra -Wno-unused-result -Wno-unused-parameter -Wno-missing-field-initializers -Werror=implicit-function-declaration -fvisibility=hidden  -I/usr/src/usr.bin/python/Include/internal -IObjects -IInclude -IPython -I. -I/usr/src/usr.bin/python/Include    -DPy_BUILD_CORE -o Objects/obmalloc.o /usr/src/usr.bin/python/Objects/obmalloc.c
cc -pthread -c -Wno-unused-result -Wsign-compare -Wunreachable-code -DNDEBUG -g -fwrapv -O3 -Wall  -O2 -pipe -fno-common  -std=c99 -Wextra -Wno-unused-result -Wno-unused-parameter -Wno-missing-field-initializers -Werror=implicit-function-declaration -fvisibility=hidden  -I/usr/src/usr.bin/python/Include/internal -IObjects -IInclude -IPython -I. -I/usr/src/usr.bin/python/Include    -DPy_BUILD_CORE -o Objects/picklebufobject.o /usr/src/usr.bin/python/Objects/picklebufobject.c
cc -pthread -c -Wno-unused-result -Wsign-compare -Wunreachable-code -DNDEBUG -g -fwrapv -O3 -Wall  -O2 -pipe -fno-common  -std=c99 -Wextra -Wno-unused-result -Wno-unused-parameter -Wno-missing-field-initializers -Werror=implicit-function-declaration -fvisibility=hidden  -I/usr/src/usr.bin/python/Include/internal -IObjects -IInclude -IPython -I. -I/usr/src/usr.bin/python/Include    -DPy_BUILD_CORE -o Objects/rangeobject.o /usr/src/usr.bin/python/Objects/rangeobject.c
cc -pthread -c -Wno-unused-result -Wsign-compare -Wunreachable-code -DNDEBUG -g -fwrapv -O3 -Wall  -O2 -pipe -fno-common  -std=c99 -Wextra -Wno-unused-result -Wno-unused-parameter -Wno-missing-field-initializers -Werror=implicit-function-declaration -fvisibility=hidden  -I/usr/src/usr.bin/python/Include/internal -IObjects -IInclude -IPython -I. -I/usr/src/usr.bin/python/Include    -DPy_BUILD_CORE -o Objects/setobject.o /usr/src/usr.bin/python/Objects/setobject.c
cc -pthread -c -Wno-unused-result -Wsign-compare -Wunreachable-code -DNDEBUG -g -fwrapv -O3 -Wall  -O2 -pipe -fno-common  -std=c99 -Wextra -Wno-unused-result -Wno-unused-parameter -Wno-missing-field-initializers -Werror=implicit-function-declaration -fvisibility=hidden  -I/usr/src/usr.bin/python/Include/internal -IObjects -IInclude -IPython -I. -I/usr/src/usr.bin/python/Include    -DPy_BUILD_CORE -o Objects/sliceobject.o /usr/src/usr.bin/python/Objects/sliceobject.c
cc -pthread -c -Wno-unused-result -Wsign-compare -Wunreachable-code -DNDEBUG -g -fwrapv -O3 -Wall  -O2 -pipe -fno-common  -std=c99 -Wextra -Wno-unused-result -Wno-unused-parameter -Wno-missing-field-initializers -Werror=implicit-function-declaration -fvisibility=hidden  -I/usr/src/usr.bin/python/Include/internal -IObjects -IInclude -IPython -I. -I/usr/src/usr.bin/python/Include    -DPy_BUILD_CORE -o Objects/structseq.o /usr/src/usr.bin/python/Objects/structseq.c
cc -pthread -c -Wno-unused-result -Wsign-compare -Wunreachable-code -DNDEBUG -g -fwrapv -O3 -Wall  -O2 -pipe -fno-common  -std=c99 -Wextra -Wno-unused-result -Wno-unused-parameter -Wno-missing-field-initializers -Werror=implicit-function-declaration -fvisibility=hidden  -I/usr/src/usr.bin/python/Include/internal -IObjects -IInclude -IPython -I. -I/usr/src/usr.bin/python/Include    -DPy_BUILD_CORE -o Objects/tupleobject.o /usr/src/usr.bin/python/Objects/tupleobject.c
cc -pthread -c -Wno-unused-result -Wsign-compare -Wunreachable-code -DNDEBUG -g -fwrapv -O3 -Wall  -O2 -pipe -fno-common  -std=c99 -Wextra -Wno-unused-result -Wno-unused-parameter -Wno-missing-field-initializers -Werror=implicit-function-declaration -fvisibility=hidden  -I/usr/src/usr.bin/python/Include/internal -IObjects -IInclude -IPython -I. -I/usr/src/usr.bin/python/Include    -DPy_BUILD_CORE -o Objects/typeobject.o /usr/src/usr.bin/python/Objects/typeobject.c
cc -pthread -c -Wno-unused-result -Wsign-compare -Wunreachable-code -DNDEBUG -g -fwrapv -O3 -Wall  -O2 -pipe -fno-common  -std=c99 -Wextra -Wno-unused-result -Wno-unused-parameter -Wno-missing-field-initializers -Werror=implicit-function-declaration -fvisibility=hidden  -I/usr/src/usr.bin/python/Include/internal -IObjects -IInclude -IPython -I. -I/usr/src/usr.bin/python/Include    -DPy_BUILD_CORE -o Objects/unicodeobject.o /usr/src/usr.bin/python/Objects/unicodeobject.c
cc -pthread -c -Wno-unused-result -Wsign-compare -Wunreachable-code -DNDEBUG -g -fwrapv -O3 -Wall  -O2 -pipe -fno-common  -std=c99 -Wextra -Wno-unused-result -Wno-unused-parameter -Wno-missing-field-initializers -Werror=implicit-function-declaration -fvisibility=hidden  -I/usr/src/usr.bin/python/Include/internal -IObjects -IInclude -IPython -I. -I/usr/src/usr.bin/python/Include    -DPy_BUILD_CORE -o Objects/unicodectype.o /usr/src/usr.bin/python/Objects/unicodectype.c
cc -pthread -c -Wno-unused-result -Wsign-compare -Wunreachable-code -DNDEBUG -g -fwrapv -O3 -Wall  -O2 -pipe -fno-common  -std=c99 -Wextra -Wno-unused-result -Wno-unused-parameter -Wno-missing-field-initializers -Werror=implicit-function-declaration -fvisibility=hidden  -I/usr/src/usr.bin/python/Include/internal -IObjects -IInclude -IPython -I. -I/usr/src/usr.bin/python/Include    -DPy_BUILD_CORE -o Objects/unionobject.o /usr/src/usr.bin/python/Objects/unionobject.c
cc -pthread -c -Wno-unused-result -Wsign-compare -Wunreachable-code -DNDEBUG -g -fwrapv -O3 -Wall  -O2 -pipe -fno-common  -std=c99 -Wextra -Wno-unused-result -Wno-unused-parameter -Wno-missing-field-initializers -Werror=implicit-function-declaration -fvisibility=hidden  -I/usr/src/usr.bin/python/Include/internal -IObjects -IInclude -IPython -I. -I/usr/src/usr.bin/python/Include    -DPy_BUILD_CORE -o Objects/weakrefobject.o /usr/src/usr.bin/python/Objects/weakrefobject.c
cc -pthread -c -Wno-unused-result -Wsign-compare -Wunreachable-code -DNDEBUG -g -fwrapv -O3 -Wall  -O2 -pipe -fno-common  -std=c99 -Wextra -Wno-unused-result -Wno-unused-parameter -Wno-missing-field-initializers -Werror=implicit-function-declaration -fvisibility=hidden  -I/usr/src/usr.bin/python/Include/internal -IObjects -IInclude -IPython -I. -I/usr/src/usr.bin/python/Include    -DPy_BUILD_CORE -o Python/_warnings.o /usr/src/usr.bin/python/Python/_warnings.c
cc -pthread -c -Wno-unused-result -Wsign-compare -Wunreachable-code -DNDEBUG -g -fwrapv -O3 -Wall  -O2 -pipe -fno-common  -std=c99 -Wextra -Wno-unused-result -Wno-unused-parameter -Wno-missing-field-initializers -Werror=implicit-function-declaration -fvisibility=hidden  -I/usr/src/usr.bin/python/Include/internal -IObjects -IInclude -IPython -I. -I/usr/src/usr.bin/python/Include    -DPy_BUILD_CORE -o Python/Python-ast.o /usr/src/usr.bin/python/Python/Python-ast.c
cc -pthread -c -Wno-unused-result -Wsign-compare -Wunreachable-code -DNDEBUG -g -fwrapv -O3 -Wall  -O2 -pipe -fno-common  -std=c99 -Wextra -Wno-unused-result -Wno-unused-parameter -Wno-missing-field-initializers -Werror=implicit-function-declaration -fvisibility=hidden  -I/usr/src/usr.bin/python/Include/internal -IObjects -IInclude -IPython -I. -I/usr/src/usr.bin/python/Include    -DPy_BUILD_CORE -o Python/asdl.o /usr/src/usr.bin/python/Python/asdl.c
cc -pthread -c -Wno-unused-result -Wsign-compare -Wunreachable-code -DNDEBUG -g -fwrapv -O3 -Wall  -O2 -pipe -fno-common  -std=c99 -Wextra -Wno-unused-result -Wno-unused-parameter -Wno-missing-field-initializers -Werror=implicit-function-declaration -fvisibility=hidden  -I/usr/src/usr.bin/python/Include/internal -IObjects -IInclude -IPython -I. -I/usr/src/usr.bin/python/Include    -DPy_BUILD_CORE -o Python/ast.o /usr/src/usr.bin/python/Python/ast.c
cc -pthread -c -Wno-unused-result -Wsign-compare -Wunreachable-code -DNDEBUG -g -fwrapv -O3 -Wall  -O2 -pipe -fno-common  -std=c99 -Wextra -Wno-unused-result -Wno-unused-parameter -Wno-missing-field-initializers -Werror=implicit-function-declaration -fvisibility=hidden  -I/usr/src/usr.bin/python/Include/internal -IObjects -IInclude -IPython -I. -I/usr/src/usr.bin/python/Include    -DPy_BUILD_CORE -o Python/ast_opt.o /usr/src/usr.bin/python/Python/ast_opt.c
cc -pthread -c -Wno-unused-result -Wsign-compare -Wunreachable-code -DNDEBUG -g -fwrapv -O3 -Wall  -O2 -pipe -fno-common  -std=c99 -Wextra -Wno-unused-result -Wno-unused-parameter -Wno-missing-field-initializers -Werror=implicit-function-declaration -fvisibility=hidden  -I/usr/src/usr.bin/python/Include/internal -IObjects -IInclude -IPython -I. -I/usr/src/usr.bin/python/Include    -DPy_BUILD_CORE -o Python/ast_unparse.o /usr/src/usr.bin/python/Python/ast_unparse.c
cc -pthread -c -Wno-unused-result -Wsign-compare -Wunreachable-code -DNDEBUG -g -fwrapv -O3 -Wall  -O2 -pipe -fno-common  -std=c99 -Wextra -Wno-unused-result -Wno-unused-parameter -Wno-missing-field-initializers -Werror=implicit-function-declaration -fvisibility=hidden  -I/usr/src/usr.bin/python/Include/internal -IObjects -IInclude -IPython -I. -I/usr/src/usr.bin/python/Include    -DPy_BUILD_CORE -o Python/bltinmodule.o /usr/src/usr.bin/python/Python/bltinmodule.c
cc -pthread -c -Wno-unused-result -Wsign-compare -Wunreachable-code -DNDEBUG -g -fwrapv -O3 -Wall  -O2 -pipe -fno-common  -std=c99 -Wextra -Wno-unused-result -Wno-unused-parameter -Wno-missing-field-initializers -Werror=implicit-function-declaration -fvisibility=hidden  -I/usr/src/usr.bin/python/Include/internal -IObjects -IInclude -IPython -I. -I/usr/src/usr.bin/python/Include    -DPy_BUILD_CORE -o Python/ceval.o /usr/src/usr.bin/python/Python/ceval.c
cc -pthread -c -Wno-unused-result -Wsign-compare -Wunreachable-code -DNDEBUG -g -fwrapv -O3 -Wall  -O2 -pipe -fno-common  -std=c99 -Wextra -Wno-unused-result -Wno-unused-parameter -Wno-missing-field-initializers -Werror=implicit-function-declaration -fvisibility=hidden  -I/usr/src/usr.bin/python/Include/internal -IObjects -IInclude -IPython -I. -I/usr/src/usr.bin/python/Include    -DPy_BUILD_CORE -o Python/codecs.o /usr/src/usr.bin/python/Python/codecs.c
cc -pthread -c -Wno-unused-result -Wsign-compare -Wunreachable-code -DNDEBUG -g -fwrapv -O3 -Wall  -O2 -pipe -fno-common  -std=c99 -Wextra -Wno-unused-result -Wno-unused-parameter -Wno-missing-field-initializers -Werror=implicit-function-declaration -fvisibility=hidden  -I/usr/src/usr.bin/python/Include/internal -IObjects -IInclude -IPython -I. -I/usr/src/usr.bin/python/Include    -DPy_BUILD_CORE -o Python/compile.o /usr/src/usr.bin/python/Python/compile.c
cc -pthread -c -Wno-unused-result -Wsign-compare -Wunreachable-code -DNDEBUG -g -fwrapv -O3 -Wall  -O2 -pipe -fno-common  -std=c99 -Wextra -Wno-unused-result -Wno-unused-parameter -Wno-missing-field-initializers -Werror=implicit-function-declaration -fvisibility=hidden  -I/usr/src/usr.bin/python/Include/internal -IObjects -IInclude -IPython -I. -I/usr/src/usr.bin/python/Include    -DPy_BUILD_CORE -o Python/context.o /usr/src/usr.bin/python/Python/context.c
cc -pthread -c -Wno-unused-result -Wsign-compare -Wunreachable-code -DNDEBUG -g -fwrapv -O3 -Wall  -O2 -pipe -fno-common  -std=c99 -Wextra -Wno-unused-result -Wno-unused-parameter -Wno-missing-field-initializers -Werror=implicit-function-declaration -fvisibility=hidden  -I/usr/src/usr.bin/python/Include/internal -IObjects -IInclude -IPython -I. -I/usr/src/usr.bin/python/Include    -DPy_BUILD_CORE -o Python/dynamic_annotations.o /usr/src/usr.bin/python/Python/dynamic_annotations.c
cc -pthread -c -Wno-unused-result -Wsign-compare -Wunreachable-code -DNDEBUG -g -fwrapv -O3 -Wall  -O2 -pipe -fno-common  -std=c99 -Wextra -Wno-unused-result -Wno-unused-parameter -Wno-missing-field-initializers -Werror=implicit-function-declaration -fvisibility=hidden  -I/usr/src/usr.bin/python/Include/internal -IObjects -IInclude -IPython -I. -I/usr/src/usr.bin/python/Include    -DPy_BUILD_CORE -o Python/errors.o /usr/src/usr.bin/python/Python/errors.c
cc -pthread -c -Wno-unused-result -Wsign-compare -Wunreachable-code -DNDEBUG -g -fwrapv -O3 -Wall  -O2 -pipe -fno-common  -std=c99 -Wextra -Wno-unused-result -Wno-unused-parameter -Wno-missing-field-initializers -Werror=implicit-function-declaration -fvisibility=hidden  -I/usr/src/usr.bin/python/Include/internal -IObjects -IInclude -IPython -I. -I/usr/src/usr.bin/python/Include    -DPy_BUILD_CORE -o Python/frozenmain.o /usr/src/usr.bin/python/Python/frozenmain.c
cc -pthread -c -Wno-unused-result -Wsign-compare -Wunreachable-code -DNDEBUG -g -fwrapv -O3 -Wall  -O2 -pipe -fno-common  -std=c99 -Wextra -Wno-unused-result -Wno-unused-parameter -Wno-missing-field-initializers -Werror=implicit-function-declaration -fvisibility=hidden  -I/usr/src/usr.bin/python/Include/internal -IObjects -IInclude -IPython -I. -I/usr/src/usr.bin/python/Include    -DPy_BUILD_CORE -o Python/future.o /usr/src/usr.bin/python/Python/future.c
cc -pthread -c -Wno-unused-result -Wsign-compare -Wunreachable-code -DNDEBUG -g -fwrapv -O3 -Wall  -O2 -pipe -fno-common  -std=c99 -Wextra -Wno-unused-result -Wno-unused-parameter -Wno-missing-field-initializers -Werror=implicit-function-declaration -fvisibility=hidden  -I/usr/src/usr.bin/python/Include/internal -IObjects -IInclude -IPython -I. -I/usr/src/usr.bin/python/Include    -DPy_BUILD_CORE -o Python/getargs.o /usr/src/usr.bin/python/Python/getargs.c
cc -pthread -c -Wno-unused-result -Wsign-compare -Wunreachable-code -DNDEBUG -g -fwrapv -O3 -Wall  -O2 -pipe -fno-common  -std=c99 -Wextra -Wno-unused-result -Wno-unused-parameter -Wno-missing-field-initializers -Werror=implicit-function-declaration -fvisibility=hidden  -I/usr/src/usr.bin/python/Include/internal -IObjects -IInclude -IPython -I. -I/usr/src/usr.bin/python/Include    -DPy_BUILD_CORE -o Python/getcompiler.o /usr/src/usr.bin/python/Python/getcompiler.c
cc -pthread -c -Wno-unused-result -Wsign-compare -Wunreachable-code -DNDEBUG -g -fwrapv -O3 -Wall  -O2 -pipe -fno-common  -std=c99 -Wextra -Wno-unused-result -Wno-unused-parameter -Wno-missing-field-initializers -Werror=implicit-function-declaration -fvisibility=hidden  -I/usr/src/usr.bin/python/Include/internal -IObjects -IInclude -IPython -I. -I/usr/src/usr.bin/python/Include    -DPy_BUILD_CORE -o Python/getcopyright.o /usr/src/usr.bin/python/Python/getcopyright.c
cc -pthread -c -Wno-unused-result -Wsign-compare -Wunreachable-code -DNDEBUG -g -fwrapv -O3 -Wall  -O2 -pipe -fno-common  -std=c99 -Wextra -Wno-unused-result -Wno-unused-parameter -Wno-missing-field-initializers -Werror=implicit-function-declaration -fvisibility=hidden  -I/usr/src/usr.bin/python/Include/internal -IObjects -IInclude -IPython -I. -I/usr/src/usr.bin/python/Include    -DPy_BUILD_CORE -DPLATFORM='"freebsd15"' -o Python/getplatform.o /usr/src/usr.bin/python/Python/getplatform.c
cc -pthread -c -Wno-unused-result -Wsign-compare -Wunreachable-code -DNDEBUG -g -fwrapv -O3 -Wall  -O2 -pipe -fno-common  -std=c99 -Wextra -Wno-unused-result -Wno-unused-parameter -Wno-missing-field-initializers -Werror=implicit-function-declaration -fvisibility=hidden  -I/usr/src/usr.bin/python/Include/internal -IObjects -IInclude -IPython -I. -I/usr/src/usr.bin/python/Include    -DPy_BUILD_CORE -o Python/getversion.o /usr/src/usr.bin/python/Python/getversion.c
cc -pthread -c -Wno-unused-result -Wsign-compare -Wunreachable-code -DNDEBUG -g -fwrapv -O3 -Wall  -O2 -pipe -fno-common  -std=c99 -Wextra -Wno-unused-result -Wno-unused-parameter -Wno-missing-field-initializers -Werror=implicit-function-declaration -fvisibility=hidden  -I/usr/src/usr.bin/python/Include/internal -IObjects -IInclude -IPython -I. -I/usr/src/usr.bin/python/Include    -DPy_BUILD_CORE -o Python/hamt.o /usr/src/usr.bin/python/Python/hamt.c
cc -pthread -c -Wno-unused-result -Wsign-compare -Wunreachable-code -DNDEBUG -g -fwrapv -O3 -Wall  -O2 -pipe -fno-common  -std=c99 -Wextra -Wno-unused-result -Wno-unused-parameter -Wno-missing-field-initializers -Werror=implicit-function-declaration -fvisibility=hidden  -I/usr/src/usr.bin/python/Include/internal -IObjects -IInclude -IPython -I. -I/usr/src/usr.bin/python/Include    -DPy_BUILD_CORE -o Python/hashtable.o /usr/src/usr.bin/python/Python/hashtable.c
cc -pthread -c -Wno-unused-result -Wsign-compare -Wunreachable-code -DNDEBUG -g -fwrapv -O3 -Wall  -O2 -pipe -fno-common  -std=c99 -Wextra -Wno-unused-result -Wno-unused-parameter -Wno-missing-field-initializers -Werror=implicit-function-declaration -fvisibility=hidden  -I/usr/src/usr.bin/python/Include/internal -IObjects -IInclude -IPython -I. -I/usr/src/usr.bin/python/Include    -DPy_BUILD_CORE -o Python/import.o /usr/src/usr.bin/python/Python/import.c
cc -pthread -c -Wno-unused-result -Wsign-compare -Wunreachable-code -DNDEBUG -g -fwrapv -O3 -Wall  -O2 -pipe -fno-common  -std=c99 -Wextra -Wno-unused-result -Wno-unused-parameter -Wno-missing-field-initializers -Werror=implicit-function-declaration -fvisibility=hidden  -I/usr/src/usr.bin/python/Include/internal -IObjects -IInclude -IPython -I. -I/usr/src/usr.bin/python/Include    -DPy_BUILD_CORE -I. -o Python/importdl.o /usr/src/usr.bin/python/Python/importdl.c
cc -pthread -c -Wno-unused-result -Wsign-compare -Wunreachable-code -DNDEBUG -g -fwrapv -O3 -Wall  -O2 -pipe -fno-common  -std=c99 -Wextra -Wno-unused-result -Wno-unused-parameter -Wno-missing-field-initializers -Werror=implicit-function-declaration -fvisibility=hidden  -I/usr/src/usr.bin/python/Include/internal -IObjects -IInclude -IPython -I. -I/usr/src/usr.bin/python/Include    -DPy_BUILD_CORE  -DPLATLIBDIR='"lib"'  -o Python/initconfig.o /usr/src/usr.bin/python/Python/initconfig.c
cc -pthread -c -Wno-unused-result -Wsign-compare -Wunreachable-code -DNDEBUG -g -fwrapv -O3 -Wall  -O2 -pipe -fno-common  -std=c99 -Wextra -Wno-unused-result -Wno-unused-parameter -Wno-missing-field-initializers -Werror=implicit-function-declaration -fvisibility=hidden  -I/usr/src/usr.bin/python/Include/internal -IObjects -IInclude -IPython -I. -I/usr/src/usr.bin/python/Include    -DPy_BUILD_CORE -o Python/marshal.o /usr/src/usr.bin/python/Python/marshal.c
cc -pthread -c -Wno-unused-result -Wsign-compare -Wunreachable-code -DNDEBUG -g -fwrapv -O3 -Wall  -O2 -pipe -fno-common  -std=c99 -Wextra -Wno-unused-result -Wno-unused-parameter -Wno-missing-field-initializers -Werror=implicit-function-declaration -fvisibility=hidden  -I/usr/src/usr.bin/python/Include/internal -IObjects -IInclude -IPython -I. -I/usr/src/usr.bin/python/Include    -DPy_BUILD_CORE -o Python/modsupport.o /usr/src/usr.bin/python/Python/modsupport.c
cc -pthread -c -Wno-unused-result -Wsign-compare -Wunreachable-code -DNDEBUG -g -fwrapv -O3 -Wall  -O2 -pipe -fno-common  -std=c99 -Wextra -Wno-unused-result -Wno-unused-parameter -Wno-missing-field-initializers -Werror=implicit-function-declaration -fvisibility=hidden  -I/usr/src/usr.bin/python/Include/internal -IObjects -IInclude -IPython -I. -I/usr/src/usr.bin/python/Include    -DPy_BUILD_CORE -o Python/mysnprintf.o /usr/src/usr.bin/python/Python/mysnprintf.c
cc -pthread -c -Wno-unused-result -Wsign-compare -Wunreachable-code -DNDEBUG -g -fwrapv -O3 -Wall  -O2 -pipe -fno-common  -std=c99 -Wextra -Wno-unused-result -Wno-unused-parameter -Wno-missing-field-initializers -Werror=implicit-function-declaration -fvisibility=hidden  -I/usr/src/usr.bin/python/Include/internal -IObjects -IInclude -IPython -I. -I/usr/src/usr.bin/python/Include    -DPy_BUILD_CORE -o Python/mystrtoul.o /usr/src/usr.bin/python/Python/mystrtoul.c
cc -pthread -c -Wno-unused-result -Wsign-compare -Wunreachable-code -DNDEBUG -g -fwrapv -O3 -Wall  -O2 -pipe -fno-common  -std=c99 -Wextra -Wno-unused-result -Wno-unused-parameter -Wno-missing-field-initializers -Werror=implicit-function-declaration -fvisibility=hidden  -I/usr/src/usr.bin/python/Include/internal -IObjects -IInclude -IPython -I. -I/usr/src/usr.bin/python/Include    -DPy_BUILD_CORE -o Python/pathconfig.o /usr/src/usr.bin/python/Python/pathconfig.c
cc -pthread -c -Wno-unused-result -Wsign-compare -Wunreachable-code -DNDEBUG -g -fwrapv -O3 -Wall  -O2 -pipe -fno-common  -std=c99 -Wextra -Wno-unused-result -Wno-unused-parameter -Wno-missing-field-initializers -Werror=implicit-function-declaration -fvisibility=hidden  -I/usr/src/usr.bin/python/Include/internal -IObjects -IInclude -IPython -I. -I/usr/src/usr.bin/python/Include    -DPy_BUILD_CORE -o Python/preconfig.o /usr/src/usr.bin/python/Python/preconfig.c
cc -pthread -c -Wno-unused-result -Wsign-compare -Wunreachable-code -DNDEBUG -g -fwrapv -O3 -Wall  -O2 -pipe -fno-common  -std=c99 -Wextra -Wno-unused-result -Wno-unused-parameter -Wno-missing-field-initializers -Werror=implicit-function-declaration -fvisibility=hidden  -I/usr/src/usr.bin/python/Include/internal -IObjects -IInclude -IPython -I. -I/usr/src/usr.bin/python/Include    -DPy_BUILD_CORE -o Python/pyarena.o /usr/src/usr.bin/python/Python/pyarena.c
cc -pthread -c -Wno-unused-result -Wsign-compare -Wunreachable-code -DNDEBUG -g -fwrapv -O3 -Wall  -O2 -pipe -fno-common  -std=c99 -Wextra -Wno-unused-result -Wno-unused-parameter -Wno-missing-field-initializers -Werror=implicit-function-declaration -fvisibility=hidden  -I/usr/src/usr.bin/python/Include/internal -IObjects -IInclude -IPython -I. -I/usr/src/usr.bin/python/Include    -DPy_BUILD_CORE -o Python/pyctype.o /usr/src/usr.bin/python/Python/pyctype.c
cc -pthread -c -Wno-unused-result -Wsign-compare -Wunreachable-code -DNDEBUG -g -fwrapv -O3 -Wall  -O2 -pipe -fno-common  -std=c99 -Wextra -Wno-unused-result -Wno-unused-parameter -Wno-missing-field-initializers -Werror=implicit-function-declaration -fvisibility=hidden  -I/usr/src/usr.bin/python/Include/internal -IObjects -IInclude -IPython -I. -I/usr/src/usr.bin/python/Include    -DPy_BUILD_CORE -o Python/pyfpe.o /usr/src/usr.bin/python/Python/pyfpe.c
cc -pthread -c -Wno-unused-result -Wsign-compare -Wunreachable-code -DNDEBUG -g -fwrapv -O3 -Wall  -O2 -pipe -fno-common  -std=c99 -Wextra -Wno-unused-result -Wno-unused-parameter -Wno-missing-field-initializers -Werror=implicit-function-declaration -fvisibility=hidden  -I/usr/src/usr.bin/python/Include/internal -IObjects -IInclude -IPython -I. -I/usr/src/usr.bin/python/Include    -DPy_BUILD_CORE -o Python/pyhash.o /usr/src/usr.bin/python/Python/pyhash.c
cc -pthread -c -Wno-unused-result -Wsign-compare -Wunreachable-code -DNDEBUG -g -fwrapv -O3 -Wall  -O2 -pipe -fno-common  -std=c99 -Wextra -Wno-unused-result -Wno-unused-parameter -Wno-missing-field-initializers -Werror=implicit-function-declaration -fvisibility=hidden  -I/usr/src/usr.bin/python/Include/internal -IObjects -IInclude -IPython -I. -I/usr/src/usr.bin/python/Include    -DPy_BUILD_CORE -o Python/pylifecycle.o /usr/src/usr.bin/python/Python/pylifecycle.c
cc -pthread -c -Wno-unused-result -Wsign-compare -Wunreachable-code -DNDEBUG -g -fwrapv -O3 -Wall  -O2 -pipe -fno-common  -std=c99 -Wextra -Wno-unused-result -Wno-unused-parameter -Wno-missing-field-initializers -Werror=implicit-function-declaration -fvisibility=hidden  -I/usr/src/usr.bin/python/Include/internal -IObjects -IInclude -IPython -I. -I/usr/src/usr.bin/python/Include    -DPy_BUILD_CORE -o Python/pymath.o /usr/src/usr.bin/python/Python/pymath.c
cc -pthread -c -Wno-unused-result -Wsign-compare -Wunreachable-code -DNDEBUG -g -fwrapv -O3 -Wall  -O2 -pipe -fno-common  -std=c99 -Wextra -Wno-unused-result -Wno-unused-parameter -Wno-missing-field-initializers -Werror=implicit-function-declaration -fvisibility=hidden  -I/usr/src/usr.bin/python/Include/internal -IObjects -IInclude -IPython -I. -I/usr/src/usr.bin/python/Include    -DPy_BUILD_CORE -o Python/pystate.o /usr/src/usr.bin/python/Python/pystate.c
cc -pthread -c -Wno-unused-result -Wsign-compare -Wunreachable-code -DNDEBUG -g -fwrapv -O3 -Wall  -O2 -pipe -fno-common  -std=c99 -Wextra -Wno-unused-result -Wno-unused-parameter -Wno-missing-field-initializers -Werror=implicit-function-declaration -fvisibility=hidden  -I/usr/src/usr.bin/python/Include/internal -IObjects -IInclude -IPython -I. -I/usr/src/usr.bin/python/Include    -DPy_BUILD_CORE -o Python/pythonrun.o /usr/src/usr.bin/python/Python/pythonrun.c
cc -pthread -c -Wno-unused-result -Wsign-compare -Wunreachable-code -DNDEBUG -g -fwrapv -O3 -Wall  -O2 -pipe -fno-common  -std=c99 -Wextra -Wno-unused-result -Wno-unused-parameter -Wno-missing-field-initializers -Werror=implicit-function-declaration -fvisibility=hidden  -I/usr/src/usr.bin/python/Include/internal -IObjects -IInclude -IPython -I. -I/usr/src/usr.bin/python/Include    -DPy_BUILD_CORE -o Python/pytime.o /usr/src/usr.bin/python/Python/pytime.c
cc -pthread -c -Wno-unused-result -Wsign-compare -Wunreachable-code -DNDEBUG -g -fwrapv -O3 -Wall  -O2 -pipe -fno-common  -std=c99 -Wextra -Wno-unused-result -Wno-unused-parameter -Wno-missing-field-initializers -Werror=implicit-function-declaration -fvisibility=hidden  -I/usr/src/usr.bin/python/Include/internal -IObjects -IInclude -IPython -I. -I/usr/src/usr.bin/python/Include    -DPy_BUILD_CORE -o Python/bootstrap_hash.o /usr/src/usr.bin/python/Python/bootstrap_hash.c
cc -pthread -c -Wno-unused-result -Wsign-compare -Wunreachable-code -DNDEBUG -g -fwrapv -O3 -Wall  -O2 -pipe -fno-common  -std=c99 -Wextra -Wno-unused-result -Wno-unused-parameter -Wno-missing-field-initializers -Werror=implicit-function-declaration -fvisibility=hidden  -I/usr/src/usr.bin/python/Include/internal -IObjects -IInclude -IPython -I. -I/usr/src/usr.bin/python/Include    -DPy_BUILD_CORE -o Python/structmember.o /usr/src/usr.bin/python/Python/structmember.c
cc -pthread -c -Wno-unused-result -Wsign-compare -Wunreachable-code -DNDEBUG -g -fwrapv -O3 -Wall  -O2 -pipe -fno-common  -std=c99 -Wextra -Wno-unused-result -Wno-unused-parameter -Wno-missing-field-initializers -Werror=implicit-function-declaration -fvisibility=hidden  -I/usr/src/usr.bin/python/Include/internal -IObjects -IInclude -IPython -I. -I/usr/src/usr.bin/python/Include    -DPy_BUILD_CORE -o Python/symtable.o /usr/src/usr.bin/python/Python/symtable.c
cc -pthread -c -Wno-unused-result -Wsign-compare -Wunreachable-code -DNDEBUG -g -fwrapv -O3 -Wall  -O2 -pipe -fno-common  -std=c99 -Wextra -Wno-unused-result -Wno-unused-parameter -Wno-missing-field-initializers -Werror=implicit-function-declaration -fvisibility=hidden  -I/usr/src/usr.bin/python/Include/internal -IObjects -IInclude -IPython -I. -I/usr/src/usr.bin/python/Include    -DPy_BUILD_CORE  -DABIFLAGS='""'    -o Python/sysmodule.o /usr/src/usr.bin/python/Python/sysmodule.c
cc -pthread -c -Wno-unused-result -Wsign-compare -Wunreachable-code -DNDEBUG -g -fwrapv -O3 -Wall  -O2 -pipe -fno-common  -std=c99 -Wextra -Wno-unused-result -Wno-unused-parameter -Wno-missing-field-initializers -Werror=implicit-function-declaration -fvisibility=hidden  -I/usr/src/usr.bin/python/Include/internal -IObjects -IInclude -IPython -I. -I/usr/src/usr.bin/python/Include    -DPy_BUILD_CORE -o Python/thread.o /usr/src/usr.bin/python/Python/thread.c
cc -pthread -c -Wno-unused-result -Wsign-compare -Wunreachable-code -DNDEBUG -g -fwrapv -O3 -Wall  -O2 -pipe -fno-common  -std=c99 -Wextra -Wno-unused-result -Wno-unused-parameter -Wno-missing-field-initializers -Werror=implicit-function-declaration -fvisibility=hidden  -I/usr/src/usr.bin/python/Include/internal -IObjects -IInclude -IPython -I. -I/usr/src/usr.bin/python/Include    -DPy_BUILD_CORE -o Python/traceback.o /usr/src/usr.bin/python/Python/traceback.c
cc -pthread -c -Wno-unused-result -Wsign-compare -Wunreachable-code -DNDEBUG -g -fwrapv -O3 -Wall  -O2 -pipe -fno-common  -std=c99 -Wextra -Wno-unused-result -Wno-unused-parameter -Wno-missing-field-initializers -Werror=implicit-function-declaration -fvisibility=hidden  -I/usr/src/usr.bin/python/Include/internal -IObjects -IInclude -IPython -I. -I/usr/src/usr.bin/python/Include    -DPy_BUILD_CORE -o Python/getopt.o /usr/src/usr.bin/python/Python/getopt.c
cc -pthread -c -Wno-unused-result -Wsign-compare -Wunreachable-code -DNDEBUG -g -fwrapv -O3 -Wall  -O2 -pipe -fno-common  -std=c99 -Wextra -Wno-unused-result -Wno-unused-parameter -Wno-missing-field-initializers -Werror=implicit-function-declaration -fvisibility=hidden  -I/usr/src/usr.bin/python/Include/internal -IObjects -IInclude -IPython -I. -I/usr/src/usr.bin/python/Include    -DPy_BUILD_CORE -o Python/pystrcmp.o /usr/src/usr.bin/python/Python/pystrcmp.c
cc -pthread -c -Wno-unused-result -Wsign-compare -Wunreachable-code -DNDEBUG -g -fwrapv -O3 -Wall  -O2 -pipe -fno-common  -std=c99 -Wextra -Wno-unused-result -Wno-unused-parameter -Wno-missing-field-initializers -Werror=implicit-function-declaration -fvisibility=hidden  -I/usr/src/usr.bin/python/Include/internal -IObjects -IInclude -IPython -I. -I/usr/src/usr.bin/python/Include    -DPy_BUILD_CORE -o Python/pystrtod.o /usr/src/usr.bin/python/Python/pystrtod.c
cc -pthread -c -Wno-unused-result -Wsign-compare -Wunreachable-code -DNDEBUG -g -fwrapv -O3 -Wall  -O2 -pipe -fno-common  -std=c99 -Wextra -Wno-unused-result -Wno-unused-parameter -Wno-missing-field-initializers -Werror=implicit-function-declaration -fvisibility=hidden  -I/usr/src/usr.bin/python/Include/internal -IObjects -IInclude -IPython -I. -I/usr/src/usr.bin/python/Include    -DPy_BUILD_CORE -o Python/pystrhex.o /usr/src/usr.bin/python/Python/pystrhex.c
cc -pthread -c -Wno-unused-result -Wsign-compare -Wunreachable-code -DNDEBUG -g -fwrapv -O3 -Wall  -O2 -pipe -fno-common  -std=c99 -Wextra -Wno-unused-result -Wno-unused-parameter -Wno-missing-field-initializers -Werror=implicit-function-declaration -fvisibility=hidden  -I/usr/src/usr.bin/python/Include/internal -IObjects -IInclude -IPython -I. -I/usr/src/usr.bin/python/Include    -DPy_BUILD_CORE -fno-strict-aliasing -o Python/dtoa.o /usr/src/usr.bin/python/Python/dtoa.c
cc -pthread -c -Wno-unused-result -Wsign-compare -Wunreachable-code -DNDEBUG -g -fwrapv -O3 -Wall  -O2 -pipe -fno-common  -std=c99 -Wextra -Wno-unused-result -Wno-unused-parameter -Wno-missing-field-initializers -Werror=implicit-function-declaration -fvisibility=hidden  -I/usr/src/usr.bin/python/Include/internal -IObjects -IInclude -IPython -I. -I/usr/src/usr.bin/python/Include    -DPy_BUILD_CORE -o Python/formatter_unicode.o /usr/src/usr.bin/python/Python/formatter_unicode.c
cc -pthread -c -Wno-unused-result -Wsign-compare -Wunreachable-code -DNDEBUG -g -fwrapv -O3 -Wall  -O2 -pipe -fno-common  -std=c99 -Wextra -Wno-unused-result -Wno-unused-parameter -Wno-missing-field-initializers -Werror=implicit-function-declaration -fvisibility=hidden  -I/usr/src/usr.bin/python/Include/internal -IObjects -IInclude -IPython -I. -I/usr/src/usr.bin/python/Include    -DPy_BUILD_CORE -o Python/fileutils.o /usr/src/usr.bin/python/Python/fileutils.c
cc -pthread -c -Wno-unused-result -Wsign-compare -Wunreachable-code -DNDEBUG -g -fwrapv -O3 -Wall  -O2 -pipe -fno-common  -std=c99 -Wextra -Wno-unused-result -Wno-unused-parameter -Wno-missing-field-initializers -Werror=implicit-function-declaration -fvisibility=hidden  -I/usr/src/usr.bin/python/Include/internal -IObjects -IInclude -IPython -I. -I/usr/src/usr.bin/python/Include    -DPy_BUILD_CORE -o Python/suggestions.o /usr/src/usr.bin/python/Python/suggestions.c
cc -pthread -c -Wno-unused-result -Wsign-compare -Wunreachable-code -DNDEBUG -g -fwrapv -O3 -Wall  -O2 -pipe -fno-common  -std=c99 -Wextra -Wno-unused-result -Wno-unused-parameter -Wno-missing-field-initializers -Werror=implicit-function-declaration -fvisibility=hidden  -I/usr/src/usr.bin/python/Include/internal -IObjects -IInclude -IPython -I. -I/usr/src/usr.bin/python/Include    -DPy_BUILD_CORE  -DSOABI='"cpython-310"'  -o Python/dynload_shlib.o /usr/src/usr.bin/python/Python/dynload_shlib.c
cc -pthread -c -Wno-unused-result -Wsign-compare -Wunreachable-code -DNDEBUG -g -fwrapv -O3 -Wall  -O2 -pipe -fno-common  -std=c99 -Wextra -Wno-unused-result -Wno-unused-parameter -Wno-missing-field-initializers -Werror=implicit-function-declaration -fvisibility=hidden  -I/usr/src/usr.bin/python/Include/internal -IObjects -IInclude -IPython -I. -I/usr/src/usr.bin/python/Include    -DPy_BUILD_CORE -o Modules/config.o Modules/config.c
cc -pthread -c -Wno-unused-result -Wsign-compare -Wunreachable-code -DNDEBUG -g -fwrapv -O3 -Wall  -O2 -pipe -fno-common  -std=c99 -Wextra -Wno-unused-result -Wno-unused-parameter -Wno-missing-field-initializers -Werror=implicit-function-declaration -fvisibility=hidden  -I/usr/src/usr.bin/python/Include/internal -IObjects -IInclude -IPython -I. -I/usr/src/usr.bin/python/Include    -DPy_BUILD_CORE -DPYTHONPATH='""'  -DPREFIX='"/usr"'  -DEXEC_PREFIX='"/usr"'  -DVERSION='"3.10"'  -DVPATH='"/usr/src/usr.bin/python"'  -o Modules/getpath.o /usr/src/usr.bin/python/Modules/getpath.c
cc -pthread -c -Wno-unused-result -Wsign-compare -Wunreachable-code -DNDEBUG -g -fwrapv -O3 -Wall  -O2 -pipe -fno-common  -std=c99 -Wextra -Wno-unused-result -Wno-unused-parameter -Wno-missing-field-initializers -Werror=implicit-function-declaration -fvisibility=hidden  -I/usr/src/usr.bin/python/Include/internal -IObjects -IInclude -IPython -I. -I/usr/src/usr.bin/python/Include    -DPy_BUILD_CORE -o Modules/main.o /usr/src/usr.bin/python/Modules/main.c
cc -pthread -c -Wno-unused-result -Wsign-compare -Wunreachable-code -DNDEBUG -g -fwrapv -O3 -Wall  -O2 -pipe -fno-common  -std=c99 -Wextra -Wno-unused-result -Wno-unused-parameter -Wno-missing-field-initializers -Werror=implicit-function-declaration -fvisibility=hidden  -I/usr/src/usr.bin/python/Include/internal -IObjects -IInclude -IPython -I. -I/usr/src/usr.bin/python/Include    -DPy_BUILD_CORE -o Modules/gcmodule.o /usr/src/usr.bin/python/Modules/gcmodule.c
cc -pthread -Wno-unused-result -Wsign-compare -Wunreachable-code -DNDEBUG -g -fwrapv -O3 -Wall  -O2 -pipe -fno-common  -std=c99 -Wextra -Wno-unused-result -Wno-unused-parameter -Wno-missing-field-initializers -Werror=implicit-function-declaration -fvisibility=hidden  -I/usr/src/usr.bin/python/Include/internal -IObjects -IInclude -IPython -I. -I/usr/src/usr.bin/python/Include    -DPy_BUILD_CORE_BUILTIN  -DPy_BUILD_CORE_BUILTIN -I/usr/src/usr.bin/python/Include/internal -c /usr/src/usr.bin/python/Modules/posixmodule.c -o Modules/posixmodule.o
cc -pthread -Wno-unused-result -Wsign-compare -Wunreachable-code -DNDEBUG -g -fwrapv -O3 -Wall  -O2 -pipe -fno-common  -std=c99 -Wextra -Wno-unused-result -Wno-unused-parameter -Wno-missing-field-initializers -Werror=implicit-function-declaration -fvisibility=hidden  -I/usr/src/usr.bin/python/Include/internal -IObjects -IInclude -IPython -I. -I/usr/src/usr.bin/python/Include    -DPy_BUILD_CORE_BUILTIN  -c /usr/src/usr.bin/python/Modules/errnomodule.c -o Modules/errnomodule.o
cc -pthread -Wno-unused-result -Wsign-compare -Wunreachable-code -DNDEBUG -g -fwrapv -O3 -Wall  -O2 -pipe -fno-common  -std=c99 -Wextra -Wno-unused-result -Wno-unused-parameter -Wno-missing-field-initializers -Werror=implicit-function-declaration -fvisibility=hidden  -I/usr/src/usr.bin/python/Include/internal -IObjects -IInclude -IPython -I. -I/usr/src/usr.bin/python/Include    -DPy_BUILD_CORE_BUILTIN  -c /usr/src/usr.bin/python/Modules/pwdmodule.c -o Modules/pwdmodule.o
cc -pthread -Wno-unused-result -Wsign-compare -Wunreachable-code -DNDEBUG -g -fwrapv -O3 -Wall  -O2 -pipe -fno-common  -std=c99 -Wextra -Wno-unused-result -Wno-unused-parameter -Wno-missing-field-initializers -Werror=implicit-function-declaration -fvisibility=hidden  -I/usr/src/usr.bin/python/Include/internal -IObjects -IInclude -IPython -I. -I/usr/src/usr.bin/python/Include    -DPy_BUILD_CORE_BUILTIN  -DPy_BUILD_CORE_BUILTIN -c /usr/src/usr.bin/python/Modules/_sre.c -o Modules/_sre.o
cc -pthread -Wno-unused-result -Wsign-compare -Wunreachable-code -DNDEBUG -g -fwrapv -O3 -Wall  -O2 -pipe -fno-common  -std=c99 -Wextra -Wno-unused-result -Wno-unused-parameter -Wno-missing-field-initializers -Werror=implicit-function-declaration -fvisibility=hidden  -I/usr/src/usr.bin/python/Include/internal -IObjects -IInclude -IPython -I. -I/usr/src/usr.bin/python/Include    -DPy_BUILD_CORE_BUILTIN  -c /usr/src/usr.bin/python/Modules/_codecsmodule.c -o Modules/_codecsmodule.o
cc -pthread -Wno-unused-result -Wsign-compare -Wunreachable-code -DNDEBUG -g -fwrapv -O3 -Wall  -O2 -pipe -fno-common  -std=c99 -Wextra -Wno-unused-result -Wno-unused-parameter -Wno-missing-field-initializers -Werror=implicit-function-declaration -fvisibility=hidden  -I/usr/src/usr.bin/python/Include/internal -IObjects -IInclude -IPython -I. -I/usr/src/usr.bin/python/Include    -DPy_BUILD_CORE_BUILTIN  -c /usr/src/usr.bin/python/Modules/_weakref.c -o Modules/_weakref.o
cc -pthread -Wno-unused-result -Wsign-compare -Wunreachable-code -DNDEBUG -g -fwrapv -O3 -Wall  -O2 -pipe -fno-common  -std=c99 -Wextra -Wno-unused-result -Wno-unused-parameter -Wno-missing-field-initializers -Werror=implicit-function-declaration -fvisibility=hidden  -I/usr/src/usr.bin/python/Include/internal -IObjects -IInclude -IPython -I. -I/usr/src/usr.bin/python/Include    -DPy_BUILD_CORE_BUILTIN  -DPy_BUILD_CORE_BUILTIN -I/usr/src/usr.bin/python/Include/internal -c /usr/src/usr.bin/python/Modules/_functoolsmodule.c -o Modules/_functoolsmodule.o
cc -pthread -Wno-unused-result -Wsign-compare -Wunreachable-code -DNDEBUG -g -fwrapv -O3 -Wall  -O2 -pipe -fno-common  -std=c99 -Wextra -Wno-unused-result -Wno-unused-parameter -Wno-missing-field-initializers -Werror=implicit-function-declaration -fvisibility=hidden  -I/usr/src/usr.bin/python/Include/internal -IObjects -IInclude -IPython -I. -I/usr/src/usr.bin/python/Include    -DPy_BUILD_CORE_BUILTIN  -DPy_BUILD_CORE_BUILTIN -c /usr/src/usr.bin/python/Modules/_operator.c -o Modules/_operator.o
cc -pthread -Wno-unused-result -Wsign-compare -Wunreachable-code -DNDEBUG -g -fwrapv -O3 -Wall  -O2 -pipe -fno-common  -std=c99 -Wextra -Wno-unused-result -Wno-unused-parameter -Wno-missing-field-initializers -Werror=implicit-function-declaration -fvisibility=hidden  -I/usr/src/usr.bin/python/Include/internal -IObjects -IInclude -IPython -I. -I/usr/src/usr.bin/python/Include    -DPy_BUILD_CORE_BUILTIN  -c /usr/src/usr.bin/python/Modules/_collectionsmodule.c -o Modules/_collectionsmodule.o
cc -pthread -Wno-unused-result -Wsign-compare -Wunreachable-code -DNDEBUG -g -fwrapv -O3 -Wall  -O2 -pipe -fno-common  -std=c99 -Wextra -Wno-unused-result -Wno-unused-parameter -Wno-missing-field-initializers -Werror=implicit-function-declaration -fvisibility=hidden  -I/usr/src/usr.bin/python/Include/internal -IObjects -IInclude -IPython -I. -I/usr/src/usr.bin/python/Include    -DPy_BUILD_CORE_BUILTIN  -DPy_BUILD_CORE_BUILTIN -c /usr/src/usr.bin/python/Modules/_abc.c -o Modules/_abc.o
cc -pthread -Wno-unused-result -Wsign-compare -Wunreachable-code -DNDEBUG -g -fwrapv -O3 -Wall  -O2 -pipe -fno-common  -std=c99 -Wextra -Wno-unused-result -Wno-unused-parameter -Wno-missing-field-initializers -Werror=implicit-function-declaration -fvisibility=hidden  -I/usr/src/usr.bin/python/Include/internal -IObjects -IInclude -IPython -I. -I/usr/src/usr.bin/python/Include    -DPy_BUILD_CORE_BUILTIN  -c /usr/src/usr.bin/python/Modules/itertoolsmodule.c -o Modules/itertoolsmodule.o
cc -pthread -Wno-unused-result -Wsign-compare -Wunreachable-code -DNDEBUG -g -fwrapv -O3 -Wall  -O2 -pipe -fno-common  -std=c99 -Wextra -Wno-unused-result -Wno-unused-parameter -Wno-missing-field-initializers -Werror=implicit-function-declaration -fvisibility=hidden  -I/usr/src/usr.bin/python/Include/internal -IObjects -IInclude -IPython -I. -I/usr/src/usr.bin/python/Include    -DPy_BUILD_CORE_BUILTIN  -c /usr/src/usr.bin/python/Modules/atexitmodule.c -o Modules/atexitmodule.o
cc -pthread -Wno-unused-result -Wsign-compare -Wunreachable-code -DNDEBUG -g -fwrapv -O3 -Wall  -O2 -pipe -fno-common  -std=c99 -Wextra -Wno-unused-result -Wno-unused-parameter -Wno-missing-field-initializers -Werror=implicit-function-declaration -fvisibility=hidden  -I/usr/src/usr.bin/python/Include/internal -IObjects -IInclude -IPython -I. -I/usr/src/usr.bin/python/Include    -DPy_BUILD_CORE_BUILTIN  -DPy_BUILD_CORE_BUILTIN -I/usr/src/usr.bin/python/Include/internal -c /usr/src/usr.bin/python/Modules/signalmodule.c -o Modules/signalmodule.o
cc -pthread -Wno-unused-result -Wsign-compare -Wunreachable-code -DNDEBUG -g -fwrapv -O3 -Wall  -O2 -pipe -fno-common  -std=c99 -Wextra -Wno-unused-result -Wno-unused-parameter -Wno-missing-field-initializers -Werror=implicit-function-declaration -fvisibility=hidden  -I/usr/src/usr.bin/python/Include/internal -IObjects -IInclude -IPython -I. -I/usr/src/usr.bin/python/Include    -DPy_BUILD_CORE_BUILTIN  -c /usr/src/usr.bin/python/Modules/_stat.c -o Modules/_stat.o
cc -pthread -Wno-unused-result -Wsign-compare -Wunreachable-code -DNDEBUG -g -fwrapv -O3 -Wall  -O2 -pipe -fno-common  -std=c99 -Wextra -Wno-unused-result -Wno-unused-parameter -Wno-missing-field-initializers -Werror=implicit-function-declaration -fvisibility=hidden  -I/usr/src/usr.bin/python/Include/internal -IObjects -IInclude -IPython -I. -I/usr/src/usr.bin/python/Include    -DPy_BUILD_CORE_BUILTIN  -DPy_BUILD_CORE_BUILTIN -I/usr/src/usr.bin/python/Include/internal -c /usr/src/usr.bin/python/Modules/timemodule.c -o Modules/timemodule.o
cc -pthread -Wno-unused-result -Wsign-compare -Wunreachable-code -DNDEBUG -g -fwrapv -O3 -Wall  -O2 -pipe -fno-common  -std=c99 -Wextra -Wno-unused-result -Wno-unused-parameter -Wno-missing-field-initializers -Werror=implicit-function-declaration -fvisibility=hidden  -I/usr/src/usr.bin/python/Include/internal -IObjects -IInclude -IPython -I. -I/usr/src/usr.bin/python/Include    -DPy_BUILD_CORE_BUILTIN  -DPy_BUILD_CORE_BUILTIN -I/usr/src/usr.bin/python/Include/internal -c /usr/src/usr.bin/python/Modules/_threadmodule.c -o Modules/_threadmodule.o
/usr/src/usr.bin/python/Modules/_threadmodule.c:1654:26: warning: implicit conversion from '_PyTime_t' (aka 'long') to 'double' changes value from 9223372036854775 to 9223372036854776 [-Wimplicit-const-int-float-conversion]
    double timeout_max = (_PyTime_t)PY_TIMEOUT_MAX * 1e-6;
                         ^~~~~~~~~~~~~~~~~~~~~~~~~ ~
1 warning generated.
cc -pthread -Wno-unused-result -Wsign-compare -Wunreachable-code -DNDEBUG -g -fwrapv -O3 -Wall  -O2 -pipe -fno-common  -std=c99 -Wextra -Wno-unused-result -Wno-unused-parameter -Wno-missing-field-initializers -Werror=implicit-function-declaration -fvisibility=hidden  -I/usr/src/usr.bin/python/Include/internal -IObjects -IInclude -IPython -I. -I/usr/src/usr.bin/python/Include    -DPy_BUILD_CORE_BUILTIN  -DPy_BUILD_CORE_BUILTIN -c /usr/src/usr.bin/python/Modules/_localemodule.c -o Modules/_localemodule.o
cc -pthread -Wno-unused-result -Wsign-compare -Wunreachable-code -DNDEBUG -g -fwrapv -O3 -Wall  -O2 -pipe -fno-common  -std=c99 -Wextra -Wno-unused-result -Wno-unused-parameter -Wno-missing-field-initializers -Werror=implicit-function-declaration -fvisibility=hidden  -I/usr/src/usr.bin/python/Include/internal -IObjects -IInclude -IPython -I. -I/usr/src/usr.bin/python/Include    -DPy_BUILD_CORE_BUILTIN  -DPy_BUILD_CORE_BUILTIN -I/usr/src/usr.bin/python/Include/internal -I/usr/src/usr.bin/python/Modules/_io -c /usr/src/usr.bin/python/Modules/_io/_iomodule.c -o Modules/_iomodule.o
cc -pthread -Wno-unused-result -Wsign-compare -Wunreachable-code -DNDEBUG -g -fwrapv -O3 -Wall  -O2 -pipe -fno-common  -std=c99 -Wextra -Wno-unused-result -Wno-unused-parameter -Wno-missing-field-initializers -Werror=implicit-function-declaration -fvisibility=hidden  -I/usr/src/usr.bin/python/Include/internal -IObjects -IInclude -IPython -I. -I/usr/src/usr.bin/python/Include    -DPy_BUILD_CORE_BUILTIN  -DPy_BUILD_CORE_BUILTIN -I/usr/src/usr.bin/python/Include/internal -I/usr/src/usr.bin/python/Modules/_io -c /usr/src/usr.bin/python/Modules/_io/iobase.c -o Modules/iobase.o
cc -pthread -Wno-unused-result -Wsign-compare -Wunreachable-code -DNDEBUG -g -fwrapv -O3 -Wall  -O2 -pipe -fno-common  -std=c99 -Wextra -Wno-unused-result -Wno-unused-parameter -Wno-missing-field-initializers -Werror=implicit-function-declaration -fvisibility=hidden  -I/usr/src/usr.bin/python/Include/internal -IObjects -IInclude -IPython -I. -I/usr/src/usr.bin/python/Include    -DPy_BUILD_CORE_BUILTIN  -DPy_BUILD_CORE_BUILTIN -I/usr/src/usr.bin/python/Include/internal -I/usr/src/usr.bin/python/Modules/_io -c /usr/src/usr.bin/python/Modules/_io/fileio.c -o Modules/fileio.o
cc -pthread -Wno-unused-result -Wsign-compare -Wunreachable-code -DNDEBUG -g -fwrapv -O3 -Wall  -O2 -pipe -fno-common  -std=c99 -Wextra -Wno-unused-result -Wno-unused-parameter -Wno-missing-field-initializers -Werror=implicit-function-declaration -fvisibility=hidden  -I/usr/src/usr.bin/python/Include/internal -IObjects -IInclude -IPython -I. -I/usr/src/usr.bin/python/Include    -DPy_BUILD_CORE_BUILTIN  -DPy_BUILD_CORE_BUILTIN -I/usr/src/usr.bin/python/Include/internal -I/usr/src/usr.bin/python/Modules/_io -c /usr/src/usr.bin/python/Modules/_io/bytesio.c -o Modules/bytesio.o
cc -pthread -Wno-unused-result -Wsign-compare -Wunreachable-code -DNDEBUG -g -fwrapv -O3 -Wall  -O2 -pipe -fno-common  -std=c99 -Wextra -Wno-unused-result -Wno-unused-parameter -Wno-missing-field-initializers -Werror=implicit-function-declaration -fvisibility=hidden  -I/usr/src/usr.bin/python/Include/internal -IObjects -IInclude -IPython -I. -I/usr/src/usr.bin/python/Include    -DPy_BUILD_CORE_BUILTIN  -DPy_BUILD_CORE_BUILTIN -I/usr/src/usr.bin/python/Include/internal -I/usr/src/usr.bin/python/Modules/_io -c /usr/src/usr.bin/python/Modules/_io/bufferedio.c -o Modules/bufferedio.o
/usr/src/usr.bin/python/Modules/_io/bufferedio.c:1075:19: warning: variable 'written' set but not used [-Wunused-but-set-variable]
    Py_ssize_t n, written = 0;
                  ^
/usr/src/usr.bin/python/Modules/_io/bufferedio.c:1863:16: warning: variable 'written' set but not used [-Wunused-but-set-variable]
    Py_ssize_t written = 0;
               ^
2 warnings generated.
cc -pthread -Wno-unused-result -Wsign-compare -Wunreachable-code -DNDEBUG -g -fwrapv -O3 -Wall  -O2 -pipe -fno-common  -std=c99 -Wextra -Wno-unused-result -Wno-unused-parameter -Wno-missing-field-initializers -Werror=implicit-function-declaration -fvisibility=hidden  -I/usr/src/usr.bin/python/Include/internal -IObjects -IInclude -IPython -I. -I/usr/src/usr.bin/python/Include    -DPy_BUILD_CORE_BUILTIN  -DPy_BUILD_CORE_BUILTIN -I/usr/src/usr.bin/python/Include/internal -I/usr/src/usr.bin/python/Modules/_io -c /usr/src/usr.bin/python/Modules/_io/textio.c -o Modules/textio.o
cc -pthread -Wno-unused-result -Wsign-compare -Wunreachable-code -DNDEBUG -g -fwrapv -O3 -Wall  -O2 -pipe -fno-common  -std=c99 -Wextra -Wno-unused-result -Wno-unused-parameter -Wno-missing-field-initializers -Werror=implicit-function-declaration -fvisibility=hidden  -I/usr/src/usr.bin/python/Include/internal -IObjects -IInclude -IPython -I. -I/usr/src/usr.bin/python/Include    -DPy_BUILD_CORE_BUILTIN  -DPy_BUILD_CORE_BUILTIN -I/usr/src/usr.bin/python/Include/internal -I/usr/src/usr.bin/python/Modules/_io -c /usr/src/usr.bin/python/Modules/_io/stringio.c -o Modules/stringio.o
cc -pthread -Wno-unused-result -Wsign-compare -Wunreachable-code -DNDEBUG -g -fwrapv -O3 -Wall  -O2 -pipe -fno-common  -std=c99 -Wextra -Wno-unused-result -Wno-unused-parameter -Wno-missing-field-initializers -Werror=implicit-function-declaration -fvisibility=hidden  -I/usr/src/usr.bin/python/Include/internal -IObjects -IInclude -IPython -I. -I/usr/src/usr.bin/python/Include    -DPy_BUILD_CORE_BUILTIN  -c /usr/src/usr.bin/python/Modules/faulthandler.c -o Modules/faulthandler.o
cc -pthread -Wno-unused-result -Wsign-compare -Wunreachable-code -DNDEBUG -g -fwrapv -O3 -Wall  -O2 -pipe -fno-common  -std=c99 -Wextra -Wno-unused-result -Wno-unused-parameter -Wno-missing-field-initializers -Werror=implicit-function-declaration -fvisibility=hidden  -I/usr/src/usr.bin/python/Include/internal -IObjects -IInclude -IPython -I. -I/usr/src/usr.bin/python/Include    -DPy_BUILD_CORE_BUILTIN  -c /usr/src/usr.bin/python/Modules/_tracemalloc.c -o Modules/_tracemalloc.o
cc -pthread -Wno-unused-result -Wsign-compare -Wunreachable-code -DNDEBUG -g -fwrapv -O3 -Wall  -O2 -pipe -fno-common  -std=c99 -Wextra -Wno-unused-result -Wno-unused-parameter -Wno-missing-field-initializers -Werror=implicit-function-declaration -fvisibility=hidden  -I/usr/src/usr.bin/python/Include/internal -IObjects -IInclude -IPython -I. -I/usr/src/usr.bin/python/Include    -DPy_BUILD_CORE_BUILTIN  -c /usr/src/usr.bin/python/Modules/symtablemodule.c -o Modules/symtablemodule.o
cc -pthread -Wno-unused-result -Wsign-compare -Wunreachable-code -DNDEBUG -g -fwrapv -O3 -Wall  -O2 -pipe -fno-common  -std=c99 -Wextra -Wno-unused-result -Wno-unused-parameter -Wno-missing-field-initializers -Werror=implicit-function-declaration -fvisibility=hidden  -I/usr/src/usr.bin/python/Include/internal -IObjects -IInclude -IPython -I. -I/usr/src/usr.bin/python/Include    -DPy_BUILD_CORE_BUILTIN  -c /usr/src/usr.bin/python/Modules/xxsubtype.c -o Modules/xxsubtype.o
cc -pthread -c -Wno-unused-result -Wsign-compare -Wunreachable-code -DNDEBUG -g -fwrapv -O3 -Wall  -O2 -pipe -fno-common  -std=c99 -Wextra -Wno-unused-result -Wno-unused-parameter -Wno-missing-field-initializers -Werror=implicit-function-declaration -fvisibility=hidden  -I/usr/src/usr.bin/python/Include/internal -IObjects -IInclude -IPython -I. -I/usr/src/usr.bin/python/Include    -DPy_BUILD_CORE  -DGITVERSION="\"`LC_ALL=C `\""  -DGITTAG="\"`LC_ALL=C `\""  -DGITBRANCH="\"`LC_ALL=C `\""  -o Modules/getbuildinfo.o /usr/src/usr.bin/python/Modules/getbuildinfo.c
cc -pthread -c -Wno-unused-result -Wsign-compare -Wunreachable-code -DNDEBUG -g -fwrapv -O3 -Wall  -O2 -pipe -fno-common  -std=c99 -Wextra -Wno-unused-result -Wno-unused-parameter -Wno-missing-field-initializers -Werror=implicit-function-declaration -fvisibility=hidden  -I/usr/src/usr.bin/python/Include/internal -IObjects -IInclude -IPython -I. -I/usr/src/usr.bin/python/Include    -DPy_BUILD_CORE -o Python/frozen.o /usr/src/usr.bin/python/Python/frozen.c
rm -f libpython3.10.a
ar rcs libpython3.10.a Modules/getbuildinfo.o  Parser/token.o Parser/pegen.o  Parser/parser.o  Parser/string_parser.o  Parser/peg_api.o Parser/myreadline.o Parser/tokenizer.o  Objects/abstract.o  Objects/accu.o  Objects/boolobject.o  Objects/bytes_methods.o  Objects/bytearrayobject.o  Objects/bytesobject.o  Objects/call.o  Objects/capsule.o  Objects/cellobject.o  Objects/classobject.o  Objects/codeobject.o  Objects/complexobject.o  Objects/descrobject.o  Objects/enumobject.o  Objects/exceptions.o  Objects/genericaliasobject.o  Objects/genobject.o  Objects/fileobject.o  Objects/floatobject.o  Objects/frameobject.o  Objects/funcobject.o  Objects/interpreteridobject.o  Objects/iterobject.o  Objects/listobject.o  Objects/longobject.o  Objects/dictobject.o  Objects/odictobject.o  Objects/memoryobject.o  Objects/methodobject.o  Objects/moduleobject.o  Objects/namespaceobject.o  Objects/object.o  Objects/obmalloc.o  Objects/picklebufobject.o  Objects/rangeobject.o  Objects/setobject.o  Objects/sliceobject.o  Objects/structseq.o  Objects/tupleobject.o  Objects/typeobject.o  Objects/unicodeobject.o  Objects/unicodectype.o  Objects/unionobject.o  Objects/weakrefobject.o  Python/_warnings.o  Python/Python-ast.o  Python/asdl.o  Python/ast.o  Python/ast_opt.o  Python/ast_unparse.o  Python/bltinmodule.o  Python/ceval.o  Python/codecs.o  Python/compile.o  Python/context.o  Python/dynamic_annotations.o  Python/errors.o  Python/frozenmain.o  Python/future.o  Python/getargs.o  Python/getcompiler.o  Python/getcopyright.o  Python/getplatform.o  Python/getversion.o  Python/hamt.o  Python/hashtable.o  Python/import.o  Python/importdl.o  Python/initconfig.o  Python/marshal.o  Python/modsupport.o  Python/mysnprintf.o  Python/mystrtoul.o  Python/pathconfig.o  Python/preconfig.o  Python/pyarena.o  Python/pyctype.o  Python/pyfpe.o  Python/pyhash.o  Python/pylifecycle.o  Python/pymath.o  Python/pystate.o  Python/pythonrun.o  Python/pytime.o  Python/bootstrap_hash.o  Python/structmember.o  Python/symtable.o  Python/sysmodule.o  Python/thread.o  Python/traceback.o  Python/getopt.o  Python/pystrcmp.o  Python/pystrtod.o  Python/pystrhex.o  Python/dtoa.o  Python/formatter_unicode.o  Python/fileutils.o  Python/suggestions.o  Python/dynload_shlib.o        Modules/config.o  Modules/getpath.o  Modules/main.o  Modules/gcmodule.o  Modules/posixmodule.o  Modules/errnomodule.o  Modules/pwdmodule.o  Modules/_sre.o  Modules/_codecsmodule.o  Modules/_weakref.o  Modules/_functoolsmodule.o  Modules/_operator.o  Modules/_collectionsmodule.o  Modules/_abc.o  Modules/itertoolsmodule.o  Modules/atexitmodule.o  Modules/signalmodule.o  Modules/_stat.o  Modules/timemodule.o  Modules/_threadmodule.o  Modules/_localemodule.o  Modules/_iomodule.o Modules/iobase.o Modules/fileio.o Modules/bytesio.o Modules/bufferedio.o Modules/textio.o Modules/stringio.o  Modules/faulthandler.o  Modules/_tracemalloc.o  Modules/symtablemodule.o  Modules/xxsubtype.o  Python/frozen.o
cc -pthread     -Wl,--export-dynamic -o python Programs/python.o libpython3.10.a -lcrypt -lintl -ldl  -lutil -lm   -lm 
./python -E -S -m sysconfig --generate-posix-vars ; if test $? -ne 0 ; then  echo "generate-posix-vars failed" ;  rm -f ./pybuilddir.txt ;  exit 1 ;  fi
cc -pthread -c -fPIC -Wno-unused-result -Wsign-compare -Wunreachable-code -DNDEBUG -g -fwrapv -O3 -Wall  -O2 -pipe -fno-common  -std=c99 -Wextra -Wno-unused-result -Wno-unused-parameter -Wno-missing-field-initializers -Werror=implicit-function-declaration -fvisibility=hidden  -I/usr/src/usr.bin/python/Include/internal -IObjects -IInclude -IPython -I. -I/usr/src/usr.bin/python/Include    -DPy_BUILD_CORE -o Modules/_math.o /usr/src/usr.bin/python/Modules/_math.c
 CC='cc -pthread' LDSHARED='cc -pthread -shared    ' OPT='-DNDEBUG -g -fwrapv -O3 -Wall'  _TCLTK_INCLUDES='' _TCLTK_LIBS=''  ./python -E /usr/src/usr.bin/python/setup.py  build
running build
running build_ext
INFO: Can't locate Tcl/Tk libs and/or headers
building '_struct' extension
creating build/temp.freebsd-15.0-CURRENT-amd64-3.10/usr
creating build/temp.freebsd-15.0-CURRENT-amd64-3.10/usr/src
creating build/temp.freebsd-15.0-CURRENT-amd64-3.10/usr/src/usr.bin
creating build/temp.freebsd-15.0-CURRENT-amd64-3.10/usr/src/usr.bin/python
creating build/temp.freebsd-15.0-CURRENT-amd64-3.10/usr/src/usr.bin/python/Modules
cc -pthread -fPIC -Wno-unused-result -Wsign-compare -Wunreachable-code -DNDEBUG -g -fwrapv -O3 -Wall -std=c99 -Wextra -Wno-unused-result -Wno-unused-parameter -Wno-missing-field-initializers -Werror=implicit-function-declaration -fvisibility=hidden -I/usr/src/usr.bin/python/Include/internal -I. -IObjects -IPython -I/usr/local/include -I/usr/src/usr.bin/python/Include -I/usr/obj/usr/src/amd64.amd64/usr.bin/python -c /usr/src/usr.bin/python/Modules/_struct.c -o build/temp.freebsd-15.0-CURRENT-amd64-3.10/usr/src/usr.bin/python/Modules/_struct.o -DPy_BUILD_CORE_MODULE
cc -pthread -shared build/temp.freebsd-15.0-CURRENT-amd64-3.10/usr/src/usr.bin/python/Modules/_struct.o -L/usr/local/lib -o build/lib.freebsd-15.0-CURRENT-amd64-3.10/_struct.cpython-310.so
building 'array' extension
cc -pthread -fPIC -Wno-unused-result -Wsign-compare -Wunreachable-code -DNDEBUG -g -fwrapv -O3 -Wall -std=c99 -Wextra -Wno-unused-result -Wno-unused-parameter -Wno-missing-field-initializers -Werror=implicit-function-declaration -fvisibility=hidden -I/usr/src/usr.bin/python/Include/internal -I. -IObjects -IPython -I/usr/local/include -I/usr/src/usr.bin/python/Include -I/usr/obj/usr/src/amd64.amd64/usr.bin/python -c /usr/src/usr.bin/python/Modules/arraymodule.c -o build/temp.freebsd-15.0-CURRENT-amd64-3.10/usr/src/usr.bin/python/Modules/arraymodule.o -DPy_BUILD_CORE_MODULE
cc -pthread -shared build/temp.freebsd-15.0-CURRENT-amd64-3.10/usr/src/usr.bin/python/Modules/arraymodule.o -L/usr/local/lib -o build/lib.freebsd-15.0-CURRENT-amd64-3.10/array.cpython-310.so
building '_contextvars' extension
cc -pthread -fPIC -Wno-unused-result -Wsign-compare -Wunreachable-code -DNDEBUG -g -fwrapv -O3 -Wall -std=c99 -Wextra -Wno-unused-result -Wno-unused-parameter -Wno-missing-field-initializers -Werror=implicit-function-declaration -fvisibility=hidden -I/usr/src/usr.bin/python/Include/internal -I. -IObjects -IPython -I/usr/local/include -I/usr/src/usr.bin/python/Include -I/usr/obj/usr/src/amd64.amd64/usr.bin/python -c /usr/src/usr.bin/python/Modules/_contextvarsmodule.c -o build/temp.freebsd-15.0-CURRENT-amd64-3.10/usr/src/usr.bin/python/Modules/_contextvarsmodule.o
cc -pthread -shared build/temp.freebsd-15.0-CURRENT-amd64-3.10/usr/src/usr.bin/python/Modules/_contextvarsmodule.o -L/usr/local/lib -o build/lib.freebsd-15.0-CURRENT-amd64-3.10/_contextvars.cpython-310.so
building 'math' extension
cc -pthread -fPIC -Wno-unused-result -Wsign-compare -Wunreachable-code -DNDEBUG -g -fwrapv -O3 -Wall -std=c99 -Wextra -Wno-unused-result -Wno-unused-parameter -Wno-missing-field-initializers -Werror=implicit-function-declaration -fvisibility=hidden -I/usr/src/usr.bin/python/Include/internal -I. -IObjects -IPython -I/usr/local/include -I/usr/src/usr.bin/python/Include -I/usr/obj/usr/src/amd64.amd64/usr.bin/python -c /usr/src/usr.bin/python/Modules/mathmodule.c -o build/temp.freebsd-15.0-CURRENT-amd64-3.10/usr/src/usr.bin/python/Modules/mathmodule.o -DPy_BUILD_CORE_MODULE
cc -pthread -shared build/temp.freebsd-15.0-CURRENT-amd64-3.10/usr/src/usr.bin/python/Modules/mathmodule.o Modules/_math.o -L/usr/local/lib -lm -o build/lib.freebsd-15.0-CURRENT-amd64-3.10/math.cpython-310.so
building 'cmath' extension
cc -pthread -fPIC -Wno-unused-result -Wsign-compare -Wunreachable-code -DNDEBUG -g -fwrapv -O3 -Wall -std=c99 -Wextra -Wno-unused-result -Wno-unused-parameter -Wno-missing-field-initializers -Werror=implicit-function-declaration -fvisibility=hidden -I/usr/src/usr.bin/python/Include/internal -I. -IObjects -IPython -I/usr/local/include -I/usr/src/usr.bin/python/Include -I/usr/obj/usr/src/amd64.amd64/usr.bin/python -c /usr/src/usr.bin/python/Modules/cmathmodule.c -o build/temp.freebsd-15.0-CURRENT-amd64-3.10/usr/src/usr.bin/python/Modules/cmathmodule.o -DPy_BUILD_CORE_MODULE
cc -pthread -shared build/temp.freebsd-15.0-CURRENT-amd64-3.10/usr/src/usr.bin/python/Modules/cmathmodule.o Modules/_math.o -L/usr/local/lib -lm -o build/lib.freebsd-15.0-CURRENT-amd64-3.10/cmath.cpython-310.so
building '_datetime' extension
cc -pthread -fPIC -Wno-unused-result -Wsign-compare -Wunreachable-code -DNDEBUG -g -fwrapv -O3 -Wall -std=c99 -Wextra -Wno-unused-result -Wno-unused-parameter -Wno-missing-field-initializers -Werror=implicit-function-declaration -fvisibility=hidden -I/usr/src/usr.bin/python/Include/internal -I. -IObjects -IPython -I/usr/local/include -I/usr/src/usr.bin/python/Include -I/usr/obj/usr/src/amd64.amd64/usr.bin/python -c /usr/src/usr.bin/python/Modules/_datetimemodule.c -o build/temp.freebsd-15.0-CURRENT-amd64-3.10/usr/src/usr.bin/python/Modules/_datetimemodule.o -DPy_BUILD_CORE_MODULE
cc -pthread -shared build/temp.freebsd-15.0-CURRENT-amd64-3.10/usr/src/usr.bin/python/Modules/_datetimemodule.o -L/usr/local/lib -lm -o build/lib.freebsd-15.0-CURRENT-amd64-3.10/_datetime.cpython-310.so
building '_zoneinfo' extension
cc -pthread -fPIC -Wno-unused-result -Wsign-compare -Wunreachable-code -DNDEBUG -g -fwrapv -O3 -Wall -std=c99 -Wextra -Wno-unused-result -Wno-unused-parameter -Wno-missing-field-initializers -Werror=implicit-function-declaration -fvisibility=hidden -I/usr/src/usr.bin/python/Include/internal -I. -IObjects -IPython -I/usr/local/include -I/usr/src/usr.bin/python/Include -I/usr/obj/usr/src/amd64.amd64/usr.bin/python -c /usr/src/usr.bin/python/Modules/_zoneinfo.c -o build/temp.freebsd-15.0-CURRENT-amd64-3.10/usr/src/usr.bin/python/Modules/_zoneinfo.o -DPy_BUILD_CORE_MODULE
cc -pthread -shared build/temp.freebsd-15.0-CURRENT-amd64-3.10/usr/src/usr.bin/python/Modules/_zoneinfo.o -L/usr/local/lib -o build/lib.freebsd-15.0-CURRENT-amd64-3.10/_zoneinfo.cpython-310.so
building '_random' extension
cc -pthread -fPIC -Wno-unused-result -Wsign-compare -Wunreachable-code -DNDEBUG -g -fwrapv -O3 -Wall -std=c99 -Wextra -Wno-unused-result -Wno-unused-parameter -Wno-missing-field-initializers -Werror=implicit-function-declaration -fvisibility=hidden -I/usr/src/usr.bin/python/Include/internal -I. -IObjects -IPython -I/usr/local/include -I/usr/src/usr.bin/python/Include -I/usr/obj/usr/src/amd64.amd64/usr.bin/python -c /usr/src/usr.bin/python/Modules/_randommodule.c -o build/temp.freebsd-15.0-CURRENT-amd64-3.10/usr/src/usr.bin/python/Modules/_randommodule.o -DPy_BUILD_CORE_MODULE
cc -pthread -shared build/temp.freebsd-15.0-CURRENT-amd64-3.10/usr/src/usr.bin/python/Modules/_randommodule.o -L/usr/local/lib -o build/lib.freebsd-15.0-CURRENT-amd64-3.10/_random.cpython-310.so
building '_bisect' extension
cc -pthread -fPIC -Wno-unused-result -Wsign-compare -Wunreachable-code -DNDEBUG -g -fwrapv -O3 -Wall -std=c99 -Wextra -Wno-unused-result -Wno-unused-parameter -Wno-missing-field-initializers -Werror=implicit-function-declaration -fvisibility=hidden -I/usr/src/usr.bin/python/Include/internal -I. -IObjects -IPython -I/usr/local/include -I/usr/src/usr.bin/python/Include -I/usr/obj/usr/src/amd64.amd64/usr.bin/python -c /usr/src/usr.bin/python/Modules/_bisectmodule.c -o build/temp.freebsd-15.0-CURRENT-amd64-3.10/usr/src/usr.bin/python/Modules/_bisectmodule.o
cc -pthread -shared build/temp.freebsd-15.0-CURRENT-amd64-3.10/usr/src/usr.bin/python/Modules/_bisectmodule.o -L/usr/local/lib -o build/lib.freebsd-15.0-CURRENT-amd64-3.10/_bisect.cpython-310.so
building '_heapq' extension
cc -pthread -fPIC -Wno-unused-result -Wsign-compare -Wunreachable-code -DNDEBUG -g -fwrapv -O3 -Wall -std=c99 -Wextra -Wno-unused-result -Wno-unused-parameter -Wno-missing-field-initializers -Werror=implicit-function-declaration -fvisibility=hidden -I/usr/src/usr.bin/python/Include/internal -I. -IObjects -IPython -I/usr/local/include -I/usr/src/usr.bin/python/Include -I/usr/obj/usr/src/amd64.amd64/usr.bin/python -c /usr/src/usr.bin/python/Modules/_heapqmodule.c -o build/temp.freebsd-15.0-CURRENT-amd64-3.10/usr/src/usr.bin/python/Modules/_heapqmodule.o -DPy_BUILD_CORE_MODULE
cc -pthread -shared build/temp.freebsd-15.0-CURRENT-amd64-3.10/usr/src/usr.bin/python/Modules/_heapqmodule.o -L/usr/local/lib -o build/lib.freebsd-15.0-CURRENT-amd64-3.10/_heapq.cpython-310.so
building '_pickle' extension
cc -pthread -fPIC -Wno-unused-result -Wsign-compare -Wunreachable-code -DNDEBUG -g -fwrapv -O3 -Wall -std=c99 -Wextra -Wno-unused-result -Wno-unused-parameter -Wno-missing-field-initializers -Werror=implicit-function-declaration -fvisibility=hidden -I/usr/src/usr.bin/python/Include/internal -I. -IObjects -IPython -I/usr/local/include -I/usr/src/usr.bin/python/Include -I/usr/obj/usr/src/amd64.amd64/usr.bin/python -c /usr/src/usr.bin/python/Modules/_pickle.c -o build/temp.freebsd-15.0-CURRENT-amd64-3.10/usr/src/usr.bin/python/Modules/_pickle.o -DPy_BUILD_CORE_MODULE
cc -pthread -shared build/temp.freebsd-15.0-CURRENT-amd64-3.10/usr/src/usr.bin/python/Modules/_pickle.o -L/usr/local/lib -o build/lib.freebsd-15.0-CURRENT-amd64-3.10/_pickle.cpython-310.so
building '_json' extension
cc -pthread -fPIC -Wno-unused-result -Wsign-compare -Wunreachable-code -DNDEBUG -g -fwrapv -O3 -Wall -std=c99 -Wextra -Wno-unused-result -Wno-unused-parameter -Wno-missing-field-initializers -Werror=implicit-function-declaration -fvisibility=hidden -I/usr/src/usr.bin/python/Include/internal -I. -IObjects -IPython -I/usr/local/include -I/usr/src/usr.bin/python/Include -I/usr/obj/usr/src/amd64.amd64/usr.bin/python -c /usr/src/usr.bin/python/Modules/_json.c -o build/temp.freebsd-15.0-CURRENT-amd64-3.10/usr/src/usr.bin/python/Modules/_json.o -DPy_BUILD_CORE_MODULE
cc -pthread -shared build/temp.freebsd-15.0-CURRENT-amd64-3.10/usr/src/usr.bin/python/Modules/_json.o -L/usr/local/lib -o build/lib.freebsd-15.0-CURRENT-amd64-3.10/_json.cpython-310.so
building '_lsprof' extension
cc -pthread -fPIC -Wno-unused-result -Wsign-compare -Wunreachable-code -DNDEBUG -g -fwrapv -O3 -Wall -std=c99 -Wextra -Wno-unused-result -Wno-unused-parameter -Wno-missing-field-initializers -Werror=implicit-function-declaration -fvisibility=hidden -I/usr/src/usr.bin/python/Include/internal -I. -IObjects -IPython -I/usr/local/include -I/usr/src/usr.bin/python/Include -I/usr/obj/usr/src/amd64.amd64/usr.bin/python -c /usr/src/usr.bin/python/Modules/_lsprof.c -o build/temp.freebsd-15.0-CURRENT-amd64-3.10/usr/src/usr.bin/python/Modules/_lsprof.o
cc -pthread -fPIC -Wno-unused-result -Wsign-compare -Wunreachable-code -DNDEBUG -g -fwrapv -O3 -Wall -std=c99 -Wextra -Wno-unused-result -Wno-unused-parameter -Wno-missing-field-initializers -Werror=implicit-function-declaration -fvisibility=hidden -I/usr/src/usr.bin/python/Include/internal -I. -IObjects -IPython -I/usr/local/include -I/usr/src/usr.bin/python/Include -I/usr/obj/usr/src/amd64.amd64/usr.bin/python -c /usr/src/usr.bin/python/Modules/rotatingtree.c -o build/temp.freebsd-15.0-CURRENT-amd64-3.10/usr/src/usr.bin/python/Modules/rotatingtree.o
cc -pthread -shared build/temp.freebsd-15.0-CURRENT-amd64-3.10/usr/src/usr.bin/python/Modules/_lsprof.o build/temp.freebsd-15.0-CURRENT-amd64-3.10/usr/src/usr.bin/python/Modules/rotatingtree.o -L/usr/local/lib -o build/lib.freebsd-15.0-CURRENT-amd64-3.10/_lsprof.cpython-310.so
building 'unicodedata' extension
cc -pthread -fPIC -Wno-unused-result -Wsign-compare -Wunreachable-code -DNDEBUG -g -fwrapv -O3 -Wall -std=c99 -Wextra -Wno-unused-result -Wno-unused-parameter -Wno-missing-field-initializers -Werror=implicit-function-declaration -fvisibility=hidden -I/usr/src/usr.bin/python/Include/internal -I. -IObjects -IPython -I/usr/local/include -I/usr/src/usr.bin/python/Include -I/usr/obj/usr/src/amd64.amd64/usr.bin/python -c /usr/src/usr.bin/python/Modules/unicodedata.c -o build/temp.freebsd-15.0-CURRENT-amd64-3.10/usr/src/usr.bin/python/Modules/unicodedata.o -DPy_BUILD_CORE_MODULE
cc -pthread -shared build/temp.freebsd-15.0-CURRENT-amd64-3.10/usr/src/usr.bin/python/Modules/unicodedata.o -L/usr/local/lib -o build/lib.freebsd-15.0-CURRENT-amd64-3.10/unicodedata.cpython-310.so
building '_opcode' extension
cc -pthread -fPIC -Wno-unused-result -Wsign-compare -Wunreachable-code -DNDEBUG -g -fwrapv -O3 -Wall -std=c99 -Wextra -Wno-unused-result -Wno-unused-parameter -Wno-missing-field-initializers -Werror=implicit-function-declaration -fvisibility=hidden -I/usr/src/usr.bin/python/Include/internal -I. -IObjects -IPython -I/usr/local/include -I/usr/src/usr.bin/python/Include -I/usr/obj/usr/src/amd64.amd64/usr.bin/python -c /usr/src/usr.bin/python/Modules/_opcode.c -o build/temp.freebsd-15.0-CURRENT-amd64-3.10/usr/src/usr.bin/python/Modules/_opcode.o
cc -pthread -shared build/temp.freebsd-15.0-CURRENT-amd64-3.10/usr/src/usr.bin/python/Modules/_opcode.o -L/usr/local/lib -o build/lib.freebsd-15.0-CURRENT-amd64-3.10/_opcode.cpython-310.so
building '_asyncio' extension
cc -pthread -fPIC -Wno-unused-result -Wsign-compare -Wunreachable-code -DNDEBUG -g -fwrapv -O3 -Wall -std=c99 -Wextra -Wno-unused-result -Wno-unused-parameter -Wno-missing-field-initializers -Werror=implicit-function-declaration -fvisibility=hidden -I/usr/src/usr.bin/python/Include/internal -I. -IObjects -IPython -I/usr/local/include -I/usr/src/usr.bin/python/Include -I/usr/obj/usr/src/amd64.amd64/usr.bin/python -c /usr/src/usr.bin/python/Modules/_asynciomodule.c -o build/temp.freebsd-15.0-CURRENT-amd64-3.10/usr/src/usr.bin/python/Modules/_asynciomodule.o -DPy_BUILD_CORE_MODULE
cc -pthread -shared build/temp.freebsd-15.0-CURRENT-amd64-3.10/usr/src/usr.bin/python/Modules/_asynciomodule.o -L/usr/local/lib -o build/lib.freebsd-15.0-CURRENT-amd64-3.10/_asyncio.cpython-310.so
building '_queue' extension
cc -pthread -fPIC -Wno-unused-result -Wsign-compare -Wunreachable-code -DNDEBUG -g -fwrapv -O3 -Wall -std=c99 -Wextra -Wno-unused-result -Wno-unused-parameter -Wno-missing-field-initializers -Werror=implicit-function-declaration -fvisibility=hidden -I/usr/src/usr.bin/python/Include/internal -I. -IObjects -IPython -I/usr/local/include -I/usr/src/usr.bin/python/Include -I/usr/obj/usr/src/amd64.amd64/usr.bin/python -c /usr/src/usr.bin/python/Modules/_queuemodule.c -o build/temp.freebsd-15.0-CURRENT-amd64-3.10/usr/src/usr.bin/python/Modules/_queuemodule.o -DPy_BUILD_CORE_MODULE
cc -pthread -shared build/temp.freebsd-15.0-CURRENT-amd64-3.10/usr/src/usr.bin/python/Modules/_queuemodule.o -L/usr/local/lib -o build/lib.freebsd-15.0-CURRENT-amd64-3.10/_queue.cpython-310.so
building '_statistics' extension
cc -pthread -fPIC -Wno-unused-result -Wsign-compare -Wunreachable-code -DNDEBUG -g -fwrapv -O3 -Wall -std=c99 -Wextra -Wno-unused-result -Wno-unused-parameter -Wno-missing-field-initializers -Werror=implicit-function-declaration -fvisibility=hidden -I/usr/src/usr.bin/python/Include/internal -I. -IObjects -IPython -I/usr/local/include -I/usr/src/usr.bin/python/Include -I/usr/obj/usr/src/amd64.amd64/usr.bin/python -c /usr/src/usr.bin/python/Modules/_statisticsmodule.c -o build/temp.freebsd-15.0-CURRENT-amd64-3.10/usr/src/usr.bin/python/Modules/_statisticsmodule.o
cc -pthread -shared build/temp.freebsd-15.0-CURRENT-amd64-3.10/usr/src/usr.bin/python/Modules/_statisticsmodule.o -L/usr/local/lib -o build/lib.freebsd-15.0-CURRENT-amd64-3.10/_statistics.cpython-310.so
building 'fcntl' extension
cc -pthread -fPIC -Wno-unused-result -Wsign-compare -Wunreachable-code -DNDEBUG -g -fwrapv -O3 -Wall -std=c99 -Wextra -Wno-unused-result -Wno-unused-parameter -Wno-missing-field-initializers -Werror=implicit-function-declaration -fvisibility=hidden -I/usr/src/usr.bin/python/Include/internal -I. -IObjects -IPython -I/usr/local/include -I/usr/src/usr.bin/python/Include -I/usr/obj/usr/src/amd64.amd64/usr.bin/python -c /usr/src/usr.bin/python/Modules/fcntlmodule.c -o build/temp.freebsd-15.0-CURRENT-amd64-3.10/usr/src/usr.bin/python/Modules/fcntlmodule.o
cc -pthread -shared build/temp.freebsd-15.0-CURRENT-amd64-3.10/usr/src/usr.bin/python/Modules/fcntlmodule.o -L/usr/local/lib -o build/lib.freebsd-15.0-CURRENT-amd64-3.10/fcntl.cpython-310.so
building 'grp' extension
cc -pthread -fPIC -Wno-unused-result -Wsign-compare -Wunreachable-code -DNDEBUG -g -fwrapv -O3 -Wall -std=c99 -Wextra -Wno-unused-result -Wno-unused-parameter -Wno-missing-field-initializers -Werror=implicit-function-declaration -fvisibility=hidden -I/usr/src/usr.bin/python/Include/internal -I. -IObjects -IPython -I/usr/local/include -I/usr/src/usr.bin/python/Include -I/usr/obj/usr/src/amd64.amd64/usr.bin/python -c /usr/src/usr.bin/python/Modules/grpmodule.c -o build/temp.freebsd-15.0-CURRENT-amd64-3.10/usr/src/usr.bin/python/Modules/grpmodule.o
cc -pthread -shared build/temp.freebsd-15.0-CURRENT-amd64-3.10/usr/src/usr.bin/python/Modules/grpmodule.o -L/usr/local/lib -o build/lib.freebsd-15.0-CURRENT-amd64-3.10/grp.cpython-310.so
building 'select' extension
cc -pthread -fPIC -Wno-unused-result -Wsign-compare -Wunreachable-code -DNDEBUG -g -fwrapv -O3 -Wall -std=c99 -Wextra -Wno-unused-result -Wno-unused-parameter -Wno-missing-field-initializers -Werror=implicit-function-declaration -fvisibility=hidden -I/usr/src/usr.bin/python/Include/internal -I. -IObjects -IPython -I/usr/local/include -I/usr/src/usr.bin/python/Include -I/usr/obj/usr/src/amd64.amd64/usr.bin/python -c /usr/src/usr.bin/python/Modules/selectmodule.c -o build/temp.freebsd-15.0-CURRENT-amd64-3.10/usr/src/usr.bin/python/Modules/selectmodule.o
cc -pthread -shared build/temp.freebsd-15.0-CURRENT-amd64-3.10/usr/src/usr.bin/python/Modules/selectmodule.o -L/usr/local/lib -o build/lib.freebsd-15.0-CURRENT-amd64-3.10/select.cpython-310.so
building 'mmap' extension
cc -pthread -fPIC -Wno-unused-result -Wsign-compare -Wunreachable-code -DNDEBUG -g -fwrapv -O3 -Wall -std=c99 -Wextra -Wno-unused-result -Wno-unused-parameter -Wno-missing-field-initializers -Werror=implicit-function-declaration -fvisibility=hidden -I/usr/src/usr.bin/python/Include/internal -I. -IObjects -IPython -I/usr/local/include -I/usr/src/usr.bin/python/Include -I/usr/obj/usr/src/amd64.amd64/usr.bin/python -c /usr/src/usr.bin/python/Modules/mmapmodule.c -o build/temp.freebsd-15.0-CURRENT-amd64-3.10/usr/src/usr.bin/python/Modules/mmapmodule.o
cc -pthread -shared build/temp.freebsd-15.0-CURRENT-amd64-3.10/usr/src/usr.bin/python/Modules/mmapmodule.o -L/usr/local/lib -o build/lib.freebsd-15.0-CURRENT-amd64-3.10/mmap.cpython-310.so
building 'syslog' extension
cc -pthread -fPIC -Wno-unused-result -Wsign-compare -Wunreachable-code -DNDEBUG -g -fwrapv -O3 -Wall -std=c99 -Wextra -Wno-unused-result -Wno-unused-parameter -Wno-missing-field-initializers -Werror=implicit-function-declaration -fvisibility=hidden -I/usr/src/usr.bin/python/Include/internal -I. -IObjects -IPython -I/usr/local/include -I/usr/src/usr.bin/python/Include -I/usr/obj/usr/src/amd64.amd64/usr.bin/python -c /usr/src/usr.bin/python/Modules/syslogmodule.c -o build/temp.freebsd-15.0-CURRENT-amd64-3.10/usr/src/usr.bin/python/Modules/syslogmodule.o
cc -pthread -shared build/temp.freebsd-15.0-CURRENT-amd64-3.10/usr/src/usr.bin/python/Modules/syslogmodule.o -L/usr/local/lib -o build/lib.freebsd-15.0-CURRENT-amd64-3.10/syslog.cpython-310.so
building '_xxsubinterpreters' extension
cc -pthread -fPIC -Wno-unused-result -Wsign-compare -Wunreachable-code -DNDEBUG -g -fwrapv -O3 -Wall -std=c99 -Wextra -Wno-unused-result -Wno-unused-parameter -Wno-missing-field-initializers -Werror=implicit-function-declaration -fvisibility=hidden -I/usr/src/usr.bin/python/Include/internal -I. -IObjects -IPython -I/usr/local/include -I/usr/src/usr.bin/python/Include -I/usr/obj/usr/src/amd64.amd64/usr.bin/python -c /usr/src/usr.bin/python/Modules/_xxsubinterpretersmodule.c -o build/temp.freebsd-15.0-CURRENT-amd64-3.10/usr/src/usr.bin/python/Modules/_xxsubinterpretersmodule.o
cc -pthread -shared build/temp.freebsd-15.0-CURRENT-amd64-3.10/usr/src/usr.bin/python/Modules/_xxsubinterpretersmodule.o -L/usr/local/lib -o build/lib.freebsd-15.0-CURRENT-amd64-3.10/_xxsubinterpreters.cpython-310.so
building 'audioop' extension
cc -pthread -fPIC -Wno-unused-result -Wsign-compare -Wunreachable-code -DNDEBUG -g -fwrapv -O3 -Wall -std=c99 -Wextra -Wno-unused-result -Wno-unused-parameter -Wno-missing-field-initializers -Werror=implicit-function-declaration -fvisibility=hidden -I/usr/src/usr.bin/python/Include/internal -I. -IObjects -IPython -I/usr/local/include -I/usr/src/usr.bin/python/Include -I/usr/obj/usr/src/amd64.amd64/usr.bin/python -c /usr/src/usr.bin/python/Modules/audioop.c -o build/temp.freebsd-15.0-CURRENT-amd64-3.10/usr/src/usr.bin/python/Modules/audioop.o
cc -pthread -shared build/temp.freebsd-15.0-CURRENT-amd64-3.10/usr/src/usr.bin/python/Modules/audioop.o -L/usr/local/lib -lm -o build/lib.freebsd-15.0-CURRENT-amd64-3.10/audioop.cpython-310.so
building '_csv' extension
cc -pthread -fPIC -Wno-unused-result -Wsign-compare -Wunreachable-code -DNDEBUG -g -fwrapv -O3 -Wall -std=c99 -Wextra -Wno-unused-result -Wno-unused-parameter -Wno-missing-field-initializers -Werror=implicit-function-declaration -fvisibility=hidden -I/usr/src/usr.bin/python/Include/internal -I. -IObjects -IPython -I/usr/local/include -I/usr/src/usr.bin/python/Include -I/usr/obj/usr/src/amd64.amd64/usr.bin/python -c /usr/src/usr.bin/python/Modules/_csv.c -o build/temp.freebsd-15.0-CURRENT-amd64-3.10/usr/src/usr.bin/python/Modules/_csv.o
cc -pthread -shared build/temp.freebsd-15.0-CURRENT-amd64-3.10/usr/src/usr.bin/python/Modules/_csv.o -L/usr/local/lib -o build/lib.freebsd-15.0-CURRENT-amd64-3.10/_csv.cpython-310.so
building '_posixsubprocess' extension
cc -pthread -fPIC -Wno-unused-result -Wsign-compare -Wunreachable-code -DNDEBUG -g -fwrapv -O3 -Wall -std=c99 -Wextra -Wno-unused-result -Wno-unused-parameter -Wno-missing-field-initializers -Werror=implicit-function-declaration -fvisibility=hidden -I/usr/src/usr.bin/python/Include/internal -I. -IObjects -IPython -I/usr/local/include -I/usr/src/usr.bin/python/Include -I/usr/obj/usr/src/amd64.amd64/usr.bin/python -c /usr/src/usr.bin/python/Modules/_posixsubprocess.c -o build/temp.freebsd-15.0-CURRENT-amd64-3.10/usr/src/usr.bin/python/Modules/_posixsubprocess.o -DPy_BUILD_CORE_MODULE
cc -pthread -shared build/temp.freebsd-15.0-CURRENT-amd64-3.10/usr/src/usr.bin/python/Modules/_posixsubprocess.o -L/usr/local/lib -o build/lib.freebsd-15.0-CURRENT-amd64-3.10/_posixsubprocess.cpython-310.so
building '_testcapi' extension
cc -pthread -fPIC -Wno-unused-result -Wsign-compare -Wunreachable-code -DNDEBUG -g -fwrapv -O3 -Wall -std=c99 -Wextra -Wno-unused-result -Wno-unused-parameter -Wno-missing-field-initializers -Werror=implicit-function-declaration -fvisibility=hidden -I/usr/src/usr.bin/python/Include/internal -I. -IObjects -IPython -I/usr/local/include -I/usr/src/usr.bin/python/Include -I/usr/obj/usr/src/amd64.amd64/usr.bin/python -c /usr/src/usr.bin/python/Modules/_testcapimodule.c -o build/temp.freebsd-15.0-CURRENT-amd64-3.10/usr/src/usr.bin/python/Modules/_testcapimodule.o
cc -pthread -shared build/temp.freebsd-15.0-CURRENT-amd64-3.10/usr/src/usr.bin/python/Modules/_testcapimodule.o -L/usr/local/lib -o build/lib.freebsd-15.0-CURRENT-amd64-3.10/_testcapi.cpython-310.so
building '_testclinic' extension
cc -pthread -fPIC -Wno-unused-result -Wsign-compare -Wunreachable-code -DNDEBUG -g -fwrapv -O3 -Wall -std=c99 -Wextra -Wno-unused-result -Wno-unused-parameter -Wno-missing-field-initializers -Werror=implicit-function-declaration -fvisibility=hidden -I/usr/src/usr.bin/python/Include/internal -I. -IObjects -IPython -I/usr/local/include -I/usr/src/usr.bin/python/Include -I/usr/obj/usr/src/amd64.amd64/usr.bin/python -c /usr/src/usr.bin/python/Modules/_testclinic.c -o build/temp.freebsd-15.0-CURRENT-amd64-3.10/usr/src/usr.bin/python/Modules/_testclinic.o
cc -pthread -shared build/temp.freebsd-15.0-CURRENT-amd64-3.10/usr/src/usr.bin/python/Modules/_testclinic.o -L/usr/local/lib -o build/lib.freebsd-15.0-CURRENT-amd64-3.10/_testclinic.cpython-310.so
building '_testinternalcapi' extension
cc -pthread -fPIC -Wno-unused-result -Wsign-compare -Wunreachable-code -DNDEBUG -g -fwrapv -O3 -Wall -std=c99 -Wextra -Wno-unused-result -Wno-unused-parameter -Wno-missing-field-initializers -Werror=implicit-function-declaration -fvisibility=hidden -I/usr/src/usr.bin/python/Include/internal -I. -IObjects -IPython -I/usr/local/include -I/usr/src/usr.bin/python/Include -I/usr/obj/usr/src/amd64.amd64/usr.bin/python -c /usr/src/usr.bin/python/Modules/_testinternalcapi.c -o build/temp.freebsd-15.0-CURRENT-amd64-3.10/usr/src/usr.bin/python/Modules/_testinternalcapi.o -DPy_BUILD_CORE_MODULE
cc -pthread -shared build/temp.freebsd-15.0-CURRENT-amd64-3.10/usr/src/usr.bin/python/Modules/_testinternalcapi.o -L/usr/local/lib -o build/lib.freebsd-15.0-CURRENT-amd64-3.10/_testinternalcapi.cpython-310.so
building '_testbuffer' extension
cc -pthread -fPIC -Wno-unused-result -Wsign-compare -Wunreachable-code -DNDEBUG -g -fwrapv -O3 -Wall -std=c99 -Wextra -Wno-unused-result -Wno-unused-parameter -Wno-missing-field-initializers -Werror=implicit-function-declaration -fvisibility=hidden -I/usr/src/usr.bin/python/Include/internal -I. -IObjects -IPython -I/usr/local/include -I/usr/src/usr.bin/python/Include -I/usr/obj/usr/src/amd64.amd64/usr.bin/python -c /usr/src/usr.bin/python/Modules/_testbuffer.c -o build/temp.freebsd-15.0-CURRENT-amd64-3.10/usr/src/usr.bin/python/Modules/_testbuffer.o
cc -pthread -shared build/temp.freebsd-15.0-CURRENT-amd64-3.10/usr/src/usr.bin/python/Modules/_testbuffer.o -L/usr/local/lib -o build/lib.freebsd-15.0-CURRENT-amd64-3.10/_testbuffer.cpython-310.so
building '_testimportmultiple' extension
cc -pthread -fPIC -Wno-unused-result -Wsign-compare -Wunreachable-code -DNDEBUG -g -fwrapv -O3 -Wall -std=c99 -Wextra -Wno-unused-result -Wno-unused-parameter -Wno-missing-field-initializers -Werror=implicit-function-declaration -fvisibility=hidden -I/usr/src/usr.bin/python/Include/internal -I. -IObjects -IPython -I/usr/local/include -I/usr/src/usr.bin/python/Include -I/usr/obj/usr/src/amd64.amd64/usr.bin/python -c /usr/src/usr.bin/python/Modules/_testimportmultiple.c -o build/temp.freebsd-15.0-CURRENT-amd64-3.10/usr/src/usr.bin/python/Modules/_testimportmultiple.o
cc -pthread -shared build/temp.freebsd-15.0-CURRENT-amd64-3.10/usr/src/usr.bin/python/Modules/_testimportmultiple.o -L/usr/local/lib -o build/lib.freebsd-15.0-CURRENT-amd64-3.10/_testimportmultiple.cpython-310.so
building '_testmultiphase' extension
cc -pthread -fPIC -Wno-unused-result -Wsign-compare -Wunreachable-code -DNDEBUG -g -fwrapv -O3 -Wall -std=c99 -Wextra -Wno-unused-result -Wno-unused-parameter -Wno-missing-field-initializers -Werror=implicit-function-declaration -fvisibility=hidden -I/usr/src/usr.bin/python/Include/internal -I. -IObjects -IPython -I/usr/local/include -I/usr/src/usr.bin/python/Include -I/usr/obj/usr/src/amd64.amd64/usr.bin/python -c /usr/src/usr.bin/python/Modules/_testmultiphase.c -o build/temp.freebsd-15.0-CURRENT-amd64-3.10/usr/src/usr.bin/python/Modules/_testmultiphase.o
cc -pthread -shared build/temp.freebsd-15.0-CURRENT-amd64-3.10/usr/src/usr.bin/python/Modules/_testmultiphase.o -L/usr/local/lib -o build/lib.freebsd-15.0-CURRENT-amd64-3.10/_testmultiphase.cpython-310.so
building '_xxtestfuzz' extension
creating build/temp.freebsd-15.0-CURRENT-amd64-3.10/usr/src/usr.bin/python/Modules/_xxtestfuzz
cc -pthread -fPIC -Wno-unused-result -Wsign-compare -Wunreachable-code -DNDEBUG -g -fwrapv -O3 -Wall -std=c99 -Wextra -Wno-unused-result -Wno-unused-parameter -Wno-missing-field-initializers -Werror=implicit-function-declaration -fvisibility=hidden -I/usr/src/usr.bin/python/Include/internal -I. -IObjects -IPython -I/usr/local/include -I/usr/src/usr.bin/python/Include -I/usr/obj/usr/src/amd64.amd64/usr.bin/python -c /usr/src/usr.bin/python/Modules/_xxtestfuzz/_xxtestfuzz.c -o build/temp.freebsd-15.0-CURRENT-amd64-3.10/usr/src/usr.bin/python/Modules/_xxtestfuzz/_xxtestfuzz.o
cc -pthread -fPIC -Wno-unused-result -Wsign-compare -Wunreachable-code -DNDEBUG -g -fwrapv -O3 -Wall -std=c99 -Wextra -Wno-unused-result -Wno-unused-parameter -Wno-missing-field-initializers -Werror=implicit-function-declaration -fvisibility=hidden -I/usr/src/usr.bin/python/Include/internal -I. -IObjects -IPython -I/usr/local/include -I/usr/src/usr.bin/python/Include -I/usr/obj/usr/src/amd64.amd64/usr.bin/python -c /usr/src/usr.bin/python/Modules/_xxtestfuzz/fuzzer.c -o build/temp.freebsd-15.0-CURRENT-amd64-3.10/usr/src/usr.bin/python/Modules/_xxtestfuzz/fuzzer.o
cc -pthread -shared build/temp.freebsd-15.0-CURRENT-amd64-3.10/usr/src/usr.bin/python/Modules/_xxtestfuzz/_xxtestfuzz.o build/temp.freebsd-15.0-CURRENT-amd64-3.10/usr/src/usr.bin/python/Modules/_xxtestfuzz/fuzzer.o -L/usr/local/lib -o build/lib.freebsd-15.0-CURRENT-amd64-3.10/_xxtestfuzz.cpython-310.so
building 'readline' extension
cc -pthread -fPIC -Wno-unused-result -Wsign-compare -Wunreachable-code -DNDEBUG -g -fwrapv -O3 -Wall -std=c99 -Wextra -Wno-unused-result -Wno-unused-parameter -Wno-missing-field-initializers -Werror=implicit-function-declaration -fvisibility=hidden -I/usr/src/usr.bin/python/Include/internal -I. -IObjects -IPython -I/usr/local/include -I/usr/src/usr.bin/python/Include -I/usr/obj/usr/src/amd64.amd64/usr.bin/python -c /usr/src/usr.bin/python/Modules/readline.c -o build/temp.freebsd-15.0-CURRENT-amd64-3.10/usr/src/usr.bin/python/Modules/readline.o
cc -pthread -shared build/temp.freebsd-15.0-CURRENT-amd64-3.10/usr/src/usr.bin/python/Modules/readline.o -L/usr/lib/termcap -L/usr/local/lib -lreadline -o build/lib.freebsd-15.0-CURRENT-amd64-3.10/readline.cpython-310.so
building '_curses' extension
cc -pthread -fPIC -Wno-unused-result -Wsign-compare -Wunreachable-code -DNDEBUG -g -fwrapv -O3 -Wall -std=c99 -Wextra -Wno-unused-result -Wno-unused-parameter -Wno-missing-field-initializers -Werror=implicit-function-declaration -fvisibility=hidden -I/usr/src/usr.bin/python/Include/internal -DHAVE_NCURSESW=1 -I/usr/include/ncursesw -I. -IObjects -IPython -I/usr/local/include -I/usr/src/usr.bin/python/Include -I/usr/obj/usr/src/amd64.amd64/usr.bin/python -c /usr/src/usr.bin/python/Modules/_cursesmodule.c -o build/temp.freebsd-15.0-CURRENT-amd64-3.10/usr/src/usr.bin/python/Modules/_cursesmodule.o -DPy_BUILD_CORE_MODULE
cc -pthread -shared build/temp.freebsd-15.0-CURRENT-amd64-3.10/usr/src/usr.bin/python/Modules/_cursesmodule.o -L/usr/local/lib -lncursesw -o build/lib.freebsd-15.0-CURRENT-amd64-3.10/_curses.cpython-310.so
building '_curses_panel' extension
cc -pthread -fPIC -Wno-unused-result -Wsign-compare -Wunreachable-code -DNDEBUG -g -fwrapv -O3 -Wall -std=c99 -Wextra -Wno-unused-result -Wno-unused-parameter -Wno-missing-field-initializers -Werror=implicit-function-declaration -fvisibility=hidden -I/usr/src/usr.bin/python/Include/internal -DHAVE_NCURSESW=1 -I/usr/include/ncursesw -I. -IObjects -IPython -I/usr/local/include -I/usr/src/usr.bin/python/Include -I/usr/obj/usr/src/amd64.amd64/usr.bin/python -c /usr/src/usr.bin/python/Modules/_curses_panel.c -o build/temp.freebsd-15.0-CURRENT-amd64-3.10/usr/src/usr.bin/python/Modules/_curses_panel.o
cc -pthread -shared build/temp.freebsd-15.0-CURRENT-amd64-3.10/usr/src/usr.bin/python/Modules/_curses_panel.o -L/usr/local/lib -lpanelw -lncursesw -o build/lib.freebsd-15.0-CURRENT-amd64-3.10/_curses_panel.cpython-310.so
building '_crypt' extension
cc -pthread -fPIC -Wno-unused-result -Wsign-compare -Wunreachable-code -DNDEBUG -g -fwrapv -O3 -Wall -std=c99 -Wextra -Wno-unused-result -Wno-unused-parameter -Wno-missing-field-initializers -Werror=implicit-function-declaration -fvisibility=hidden -I/usr/src/usr.bin/python/Include/internal -I. -IObjects -IPython -I/usr/local/include -I/usr/src/usr.bin/python/Include -I/usr/obj/usr/src/amd64.amd64/usr.bin/python -c /usr/src/usr.bin/python/Modules/_cryptmodule.c -o build/temp.freebsd-15.0-CURRENT-amd64-3.10/usr/src/usr.bin/python/Modules/_cryptmodule.o
cc -pthread -shared build/temp.freebsd-15.0-CURRENT-amd64-3.10/usr/src/usr.bin/python/Modules/_cryptmodule.o -L/usr/local/lib -lcrypt -o build/lib.freebsd-15.0-CURRENT-amd64-3.10/_crypt.cpython-310.so
building '_socket' extension
cc -pthread -fPIC -Wno-unused-result -Wsign-compare -Wunreachable-code -DNDEBUG -g -fwrapv -O3 -Wall -std=c99 -Wextra -Wno-unused-result -Wno-unused-parameter -Wno-missing-field-initializers -Werror=implicit-function-declaration -fvisibility=hidden -I/usr/src/usr.bin/python/Include/internal -I. -IObjects -IPython -I/usr/local/include -I/usr/src/usr.bin/python/Include -I/usr/obj/usr/src/amd64.amd64/usr.bin/python -c /usr/src/usr.bin/python/Modules/socketmodule.c -o build/temp.freebsd-15.0-CURRENT-amd64-3.10/usr/src/usr.bin/python/Modules/socketmodule.o
In file included from /usr/src/usr.bin/python/Modules/socketmodule.c:245:
In file included from /usr/src/usr.bin/python/Modules/socketmodule.h:116:
In file included from /usr/include/bluetooth.h:53:
/usr/include/netgraph/bluetooth/include/ng_btsocket.h:242:2: warning: "Make sure new member of socket address initialized" [-W#warnings]
#warning "Make sure new member of socket address initialized"
 ^
/usr/src/usr.bin/python/Modules/socketmodule.c:1543:43: error: incomplete definition of type 'struct sockaddr_ctl'
            return Py_BuildValue("(II)", a->sc_id, a->sc_unit);
                                         ~^
/usr/src/usr.bin/python/Modules/socketmodule.c:1542:20: note: forward declaration of 'struct sockaddr_ctl'
            struct sockaddr_ctl *a = (struct sockaddr_ctl *)addr;
                   ^
/usr/src/usr.bin/python/Modules/socketmodule.c:1543:53: error: incomplete definition of type 'struct sockaddr_ctl'
            return Py_BuildValue("(II)", a->sc_id, a->sc_unit);
                                                   ~^
/usr/src/usr.bin/python/Modules/socketmodule.c:1542:20: note: forward declaration of 'struct sockaddr_ctl'
            struct sockaddr_ctl *a = (struct sockaddr_ctl *)addr;
                   ^
/usr/src/usr.bin/python/Modules/socketmodule.c:2277:51: error: no member named 'ctl' in 'union sock_addr'
            struct sockaddr_ctl *addr = &addrbuf->ctl;
                                         ~~~~~~~  ^
/usr/src/usr.bin/python/Modules/socketmodule.c:2278:17: error: incomplete definition of type 'struct sockaddr_ctl'
            addr->sc_family = AF_SYSTEM;
            ~~~~^
/usr/src/usr.bin/python/Modules/socketmodule.c:2277:20: note: forward declaration of 'struct sockaddr_ctl'
            struct sockaddr_ctl *addr = &addrbuf->ctl;
                   ^
/usr/src/usr.bin/python/Modules/socketmodule.c:2279:17: error: incomplete definition of type 'struct sockaddr_ctl'
            addr->ss_sysaddr = AF_SYS_CONTROL;
            ~~~~^
/usr/src/usr.bin/python/Modules/socketmodule.c:2277:20: note: forward declaration of 'struct sockaddr_ctl'
            struct sockaddr_ctl *addr = &addrbuf->ctl;
                   ^
/usr/src/usr.bin/python/Modules/socketmodule.c:2282:33: error: variable has incomplete type 'struct ctl_info'
                struct ctl_info info;
                                ^
/usr/src/usr.bin/python/Modules/socketmodule.c:2282:24: note: forward declaration of 'struct ctl_info'
                struct ctl_info info;
                       ^
/usr/src/usr.bin/python/Modules/socketmodule.c:2300:39: error: use of undeclared identifier 'CTLIOCGINFO'
                if (ioctl(s->sock_fd, CTLIOCGINFO, &info)) {
                                      ^
/usr/src/usr.bin/python/Modules/socketmodule.c:2306:21: error: incomplete definition of type 'struct sockaddr_ctl'
                addr->sc_id = info.ctl_id;
                ~~~~^
/usr/src/usr.bin/python/Modules/socketmodule.c:2277:20: note: forward declaration of 'struct sockaddr_ctl'
            struct sockaddr_ctl *addr = &addrbuf->ctl;
                   ^
/usr/src/usr.bin/python/Modules/socketmodule.c:2307:21: error: incomplete definition of type 'struct sockaddr_ctl'
                addr->sc_unit = 0;
                ~~~~^
/usr/src/usr.bin/python/Modules/socketmodule.c:2277:20: note: forward declaration of 'struct sockaddr_ctl'
            struct sockaddr_ctl *addr = &addrbuf->ctl;
                   ^
/usr/src/usr.bin/python/Modules/socketmodule.c:2309:48: error: incomplete definition of type 'struct sockaddr_ctl'
                                         &(addr->sc_id), &(addr->sc_unit))) {
                                           ~~~~^
/usr/src/usr.bin/python/Modules/socketmodule.c:2277:20: note: forward declaration of 'struct sockaddr_ctl'
            struct sockaddr_ctl *addr = &addrbuf->ctl;
                   ^
/usr/src/usr.bin/python/Modules/socketmodule.c:2309:64: error: incomplete definition of type 'struct sockaddr_ctl'
                                         &(addr->sc_id), &(addr->sc_unit))) {
                                                           ~~~~^
/usr/src/usr.bin/python/Modules/socketmodule.c:2277:20: note: forward declaration of 'struct sockaddr_ctl'
            struct sockaddr_ctl *addr = &addrbuf->ctl;
                   ^
/usr/src/usr.bin/python/Modules/socketmodule.c:2316:30: error: invalid application of 'sizeof' to an incomplete type 'struct sockaddr_ctl'
            *len_ret = sizeof(*addr);
                             ^~~~~~~
/usr/src/usr.bin/python/Modules/socketmodule.c:2277:20: note: forward declaration of 'struct sockaddr_ctl'
            struct sockaddr_ctl *addr = &addrbuf->ctl;
                   ^
/usr/src/usr.bin/python/Modules/socketmodule.c:2500:24: error: invalid application of 'sizeof' to an incomplete type 'struct sockaddr_ctl'
            *len_ret = sizeof (struct sockaddr_ctl);
                       ^      ~~~~~~~~~~~~~~~~~~~~~
/usr/src/usr.bin/python/Modules/socketmodule.c:2500:39: note: forward declaration of 'struct sockaddr_ctl'
            *len_ret = sizeof (struct sockaddr_ctl);
                                      ^
1 warning and 13 errors generated.
building '_ssl' extension
cc -pthread -fPIC -Wno-unused-result -Wsign-compare -Wunreachable-code -DNDEBUG -g -fwrapv -O3 -Wall -std=c99 -Wextra -Wno-unused-result -Wno-unused-parameter -Wno-missing-field-initializers -Werror=implicit-function-declaration -fvisibility=hidden -I/usr/src/usr.bin/python/Include/internal -I. -IObjects -IPython -I/usr/local/include -I/usr/src/usr.bin/python/Include -I/usr/obj/usr/src/amd64.amd64/usr.bin/python -c /usr/src/usr.bin/python/Modules/_ssl.c -o build/temp.freebsd-15.0-CURRENT-amd64-3.10/usr/src/usr.bin/python/Modules/_ssl.o
In file included from /usr/src/usr.bin/python/Modules/_ssl.c:29:
In file included from /usr/src/usr.bin/python/Modules/socketmodule.h:116:
In file included from /usr/include/bluetooth.h:53:
/usr/include/netgraph/bluetooth/include/ng_btsocket.h:242:2: warning: "Make sure new member of socket address initialized" [-W#warnings]
#warning "Make sure new member of socket address initialized"
 ^
1 warning generated.
cc -pthread -shared build/temp.freebsd-15.0-CURRENT-amd64-3.10/usr/src/usr.bin/python/Modules/_ssl.o -L/usr/local/lib -lssl -lcrypto -o build/lib.freebsd-15.0-CURRENT-amd64-3.10/_ssl.cpython-310.so
building '_hashlib' extension
cc -pthread -fPIC -Wno-unused-result -Wsign-compare -Wunreachable-code -DNDEBUG -g -fwrapv -O3 -Wall -std=c99 -Wextra -Wno-unused-result -Wno-unused-parameter -Wno-missing-field-initializers -Werror=implicit-function-declaration -fvisibility=hidden -I/usr/src/usr.bin/python/Include/internal -I. -IObjects -IPython -I/usr/local/include -I/usr/src/usr.bin/python/Include -I/usr/obj/usr/src/amd64.amd64/usr.bin/python -c /usr/src/usr.bin/python/Modules/_hashopenssl.c -o build/temp.freebsd-15.0-CURRENT-amd64-3.10/usr/src/usr.bin/python/Modules/_hashopenssl.o
cc -pthread -shared build/temp.freebsd-15.0-CURRENT-amd64-3.10/usr/src/usr.bin/python/Modules/_hashopenssl.o -L/usr/local/lib -lssl -lcrypto -o build/lib.freebsd-15.0-CURRENT-amd64-3.10/_hashlib.cpython-310.so
building '_sha256' extension
cc -pthread -fPIC -Wno-unused-result -Wsign-compare -Wunreachable-code -DNDEBUG -g -fwrapv -O3 -Wall -std=c99 -Wextra -Wno-unused-result -Wno-unused-parameter -Wno-missing-field-initializers -Werror=implicit-function-declaration -fvisibility=hidden -I/usr/src/usr.bin/python/Include/internal -I. -IObjects -IPython -I/usr/local/include -I/usr/src/usr.bin/python/Include -I/usr/obj/usr/src/amd64.amd64/usr.bin/python -c /usr/src/usr.bin/python/Modules/sha256module.c -o build/temp.freebsd-15.0-CURRENT-amd64-3.10/usr/src/usr.bin/python/Modules/sha256module.o -DPy_BUILD_CORE_MODULE
cc -pthread -shared build/temp.freebsd-15.0-CURRENT-amd64-3.10/usr/src/usr.bin/python/Modules/sha256module.o -L/usr/local/lib -o build/lib.freebsd-15.0-CURRENT-amd64-3.10/_sha256.cpython-310.so
building '_sha512' extension
cc -pthread -fPIC -Wno-unused-result -Wsign-compare -Wunreachable-code -DNDEBUG -g -fwrapv -O3 -Wall -std=c99 -Wextra -Wno-unused-result -Wno-unused-parameter -Wno-missing-field-initializers -Werror=implicit-function-declaration -fvisibility=hidden -I/usr/src/usr.bin/python/Include/internal -I. -IObjects -IPython -I/usr/local/include -I/usr/src/usr.bin/python/Include -I/usr/obj/usr/src/amd64.amd64/usr.bin/python -c /usr/src/usr.bin/python/Modules/sha512module.c -o build/temp.freebsd-15.0-CURRENT-amd64-3.10/usr/src/usr.bin/python/Modules/sha512module.o -DPy_BUILD_CORE_MODULE
cc -pthread -shared build/temp.freebsd-15.0-CURRENT-amd64-3.10/usr/src/usr.bin/python/Modules/sha512module.o -L/usr/local/lib -o build/lib.freebsd-15.0-CURRENT-amd64-3.10/_sha512.cpython-310.so
building '_md5' extension
cc -pthread -fPIC -Wno-unused-result -Wsign-compare -Wunreachable-code -DNDEBUG -g -fwrapv -O3 -Wall -std=c99 -Wextra -Wno-unused-result -Wno-unused-parameter -Wno-missing-field-initializers -Werror=implicit-function-declaration -fvisibility=hidden -I/usr/src/usr.bin/python/Include/internal -I. -IObjects -IPython -I/usr/local/include -I/usr/src/usr.bin/python/Include -I/usr/obj/usr/src/amd64.amd64/usr.bin/python -c /usr/src/usr.bin/python/Modules/md5module.c -o build/temp.freebsd-15.0-CURRENT-amd64-3.10/usr/src/usr.bin/python/Modules/md5module.o
cc -pthread -shared build/temp.freebsd-15.0-CURRENT-amd64-3.10/usr/src/usr.bin/python/Modules/md5module.o -L/usr/local/lib -o build/lib.freebsd-15.0-CURRENT-amd64-3.10/_md5.cpython-310.so
building '_sha1' extension
cc -pthread -fPIC -Wno-unused-result -Wsign-compare -Wunreachable-code -DNDEBUG -g -fwrapv -O3 -Wall -std=c99 -Wextra -Wno-unused-result -Wno-unused-parameter -Wno-missing-field-initializers -Werror=implicit-function-declaration -fvisibility=hidden -I/usr/src/usr.bin/python/Include/internal -I. -IObjects -IPython -I/usr/local/include -I/usr/src/usr.bin/python/Include -I/usr/obj/usr/src/amd64.amd64/usr.bin/python -c /usr/src/usr.bin/python/Modules/sha1module.c -o build/temp.freebsd-15.0-CURRENT-amd64-3.10/usr/src/usr.bin/python/Modules/sha1module.o
cc -pthread -shared build/temp.freebsd-15.0-CURRENT-amd64-3.10/usr/src/usr.bin/python/Modules/sha1module.o -L/usr/local/lib -o build/lib.freebsd-15.0-CURRENT-amd64-3.10/_sha1.cpython-310.so
building '_blake2' extension
creating build/temp.freebsd-15.0-CURRENT-amd64-3.10/usr/src/usr.bin/python/Modules/_blake2
cc -pthread -fPIC -Wno-unused-result -Wsign-compare -Wunreachable-code -DNDEBUG -g -fwrapv -O3 -Wall -std=c99 -Wextra -Wno-unused-result -Wno-unused-parameter -Wno-missing-field-initializers -Werror=implicit-function-declaration -fvisibility=hidden -I/usr/src/usr.bin/python/Include/internal -I. -IObjects -IPython -I/usr/local/include -I/usr/src/usr.bin/python/Include -I/usr/obj/usr/src/amd64.amd64/usr.bin/python -c /usr/src/usr.bin/python/Modules/_blake2/blake2b_impl.c -o build/temp.freebsd-15.0-CURRENT-amd64-3.10/usr/src/usr.bin/python/Modules/_blake2/blake2b_impl.o
cc -pthread -fPIC -Wno-unused-result -Wsign-compare -Wunreachable-code -DNDEBUG -g -fwrapv -O3 -Wall -std=c99 -Wextra -Wno-unused-result -Wno-unused-parameter -Wno-missing-field-initializers -Werror=implicit-function-declaration -fvisibility=hidden -I/usr/src/usr.bin/python/Include/internal -I. -IObjects -IPython -I/usr/local/include -I/usr/src/usr.bin/python/Include -I/usr/obj/usr/src/amd64.amd64/usr.bin/python -c /usr/src/usr.bin/python/Modules/_blake2/blake2module.c -o build/temp.freebsd-15.0-CURRENT-amd64-3.10/usr/src/usr.bin/python/Modules/_blake2/blake2module.o
cc -pthread -fPIC -Wno-unused-result -Wsign-compare -Wunreachable-code -DNDEBUG -g -fwrapv -O3 -Wall -std=c99 -Wextra -Wno-unused-result -Wno-unused-parameter -Wno-missing-field-initializers -Werror=implicit-function-declaration -fvisibility=hidden -I/usr/src/usr.bin/python/Include/internal -I. -IObjects -IPython -I/usr/local/include -I/usr/src/usr.bin/python/Include -I/usr/obj/usr/src/amd64.amd64/usr.bin/python -c /usr/src/usr.bin/python/Modules/_blake2/blake2s_impl.c -o build/temp.freebsd-15.0-CURRENT-amd64-3.10/usr/src/usr.bin/python/Modules/_blake2/blake2s_impl.o
cc -pthread -shared build/temp.freebsd-15.0-CURRENT-amd64-3.10/usr/src/usr.bin/python/Modules/_blake2/blake2b_impl.o build/temp.freebsd-15.0-CURRENT-amd64-3.10/usr/src/usr.bin/python/Modules/_blake2/blake2module.o build/temp.freebsd-15.0-CURRENT-amd64-3.10/usr/src/usr.bin/python/Modules/_blake2/blake2s_impl.o -L/usr/local/lib -o build/lib.freebsd-15.0-CURRENT-amd64-3.10/_blake2.cpython-310.so
building '_sha3' extension
creating build/temp.freebsd-15.0-CURRENT-amd64-3.10/usr/src/usr.bin/python/Modules/_sha3
cc -pthread -fPIC -Wno-unused-result -Wsign-compare -Wunreachable-code -DNDEBUG -g -fwrapv -O3 -Wall -std=c99 -Wextra -Wno-unused-result -Wno-unused-parameter -Wno-missing-field-initializers -Werror=implicit-function-declaration -fvisibility=hidden -I/usr/src/usr.bin/python/Include/internal -I. -IObjects -IPython -I/usr/local/include -I/usr/src/usr.bin/python/Include -I/usr/obj/usr/src/amd64.amd64/usr.bin/python -c /usr/src/usr.bin/python/Modules/_sha3/sha3module.c -o build/temp.freebsd-15.0-CURRENT-amd64-3.10/usr/src/usr.bin/python/Modules/_sha3/sha3module.o
cc -pthread -shared build/temp.freebsd-15.0-CURRENT-amd64-3.10/usr/src/usr.bin/python/Modules/_sha3/sha3module.o -L/usr/local/lib -o build/lib.freebsd-15.0-CURRENT-amd64-3.10/_sha3.cpython-310.so
building '_dbm' extension
cc -pthread -fPIC -Wno-unused-result -Wsign-compare -Wunreachable-code -DNDEBUG -g -fwrapv -O3 -Wall -std=c99 -Wextra -Wno-unused-result -Wno-unused-parameter -Wno-missing-field-initializers -Werror=implicit-function-declaration -fvisibility=hidden -I/usr/src/usr.bin/python/Include/internal -DHAVE_NDBM_H -I. -IObjects -IPython -I/usr/local/include -I/usr/src/usr.bin/python/Include -I/usr/obj/usr/src/amd64.amd64/usr.bin/python -c /usr/src/usr.bin/python/Modules/_dbmmodule.c -o build/temp.freebsd-15.0-CURRENT-amd64-3.10/usr/src/usr.bin/python/Modules/_dbmmodule.o
cc -pthread -shared build/temp.freebsd-15.0-CURRENT-amd64-3.10/usr/src/usr.bin/python/Modules/_dbmmodule.o -L/usr/local/lib -o build/lib.freebsd-15.0-CURRENT-amd64-3.10/_dbm.cpython-310.so
building '_gdbm' extension
cc -pthread -fPIC -Wno-unused-result -Wsign-compare -Wunreachable-code -DNDEBUG -g -fwrapv -O3 -Wall -std=c99 -Wextra -Wno-unused-result -Wno-unused-parameter -Wno-missing-field-initializers -Werror=implicit-function-declaration -fvisibility=hidden -I/usr/src/usr.bin/python/Include/internal -I. -IObjects -IPython -I/usr/local/include -I/usr/src/usr.bin/python/Include -I/usr/obj/usr/src/amd64.amd64/usr.bin/python -c /usr/src/usr.bin/python/Modules/_gdbmmodule.c -o build/temp.freebsd-15.0-CURRENT-amd64-3.10/usr/src/usr.bin/python/Modules/_gdbmmodule.o
cc -pthread -shared build/temp.freebsd-15.0-CURRENT-amd64-3.10/usr/src/usr.bin/python/Modules/_gdbmmodule.o -L/usr/local/lib -lgdbm -o build/lib.freebsd-15.0-CURRENT-amd64-3.10/_gdbm.cpython-310.so
building '_sqlite3' extension
creating build/temp.freebsd-15.0-CURRENT-amd64-3.10/usr/src/usr.bin/python/Modules/_sqlite
cc -pthread -fPIC -Wno-unused-result -Wsign-compare -Wunreachable-code -DNDEBUG -g -fwrapv -O3 -Wall -std=c99 -Wextra -Wno-unused-result -Wno-unused-parameter -Wno-missing-field-initializers -Werror=implicit-function-declaration -fvisibility=hidden -I/usr/src/usr.bin/python/Include/internal -DSQLITE_OMIT_LOAD_EXTENSION=1 -IModules/_sqlite -I/usr/include -I. -IObjects -IPython -I/usr/local/include -I/usr/src/usr.bin/python/Include -I/usr/obj/usr/src/amd64.amd64/usr.bin/python -c /usr/src/usr.bin/python/Modules/_sqlite/cache.c -o build/temp.freebsd-15.0-CURRENT-amd64-3.10/usr/src/usr.bin/python/Modules/_sqlite/cache.o
cc -pthread -fPIC -Wno-unused-result -Wsign-compare -Wunreachable-code -DNDEBUG -g -fwrapv -O3 -Wall -std=c99 -Wextra -Wno-unused-result -Wno-unused-parameter -Wno-missing-field-initializers -Werror=implicit-function-declaration -fvisibility=hidden -I/usr/src/usr.bin/python/Include/internal -DSQLITE_OMIT_LOAD_EXTENSION=1 -IModules/_sqlite -I/usr/include -I. -IObjects -IPython -I/usr/local/include -I/usr/src/usr.bin/python/Include -I/usr/obj/usr/src/amd64.amd64/usr.bin/python -c /usr/src/usr.bin/python/Modules/_sqlite/connection.c -o build/temp.freebsd-15.0-CURRENT-amd64-3.10/usr/src/usr.bin/python/Modules/_sqlite/connection.o
cc -pthread -fPIC -Wno-unused-result -Wsign-compare -Wunreachable-code -DNDEBUG -g -fwrapv -O3 -Wall -std=c99 -Wextra -Wno-unused-result -Wno-unused-parameter -Wno-missing-field-initializers -Werror=implicit-function-declaration -fvisibility=hidden -I/usr/src/usr.bin/python/Include/internal -DSQLITE_OMIT_LOAD_EXTENSION=1 -IModules/_sqlite -I/usr/include -I. -IObjects -IPython -I/usr/local/include -I/usr/src/usr.bin/python/Include -I/usr/obj/usr/src/amd64.amd64/usr.bin/python -c /usr/src/usr.bin/python/Modules/_sqlite/cursor.c -o build/temp.freebsd-15.0-CURRENT-amd64-3.10/usr/src/usr.bin/python/Modules/_sqlite/cursor.o
cc -pthread -fPIC -Wno-unused-result -Wsign-compare -Wunreachable-code -DNDEBUG -g -fwrapv -O3 -Wall -std=c99 -Wextra -Wno-unused-result -Wno-unused-parameter -Wno-missing-field-initializers -Werror=implicit-function-declaration -fvisibility=hidden -I/usr/src/usr.bin/python/Include/internal -DSQLITE_OMIT_LOAD_EXTENSION=1 -IModules/_sqlite -I/usr/include -I. -IObjects -IPython -I/usr/local/include -I/usr/src/usr.bin/python/Include -I/usr/obj/usr/src/amd64.amd64/usr.bin/python -c /usr/src/usr.bin/python/Modules/_sqlite/microprotocols.c -o build/temp.freebsd-15.0-CURRENT-amd64-3.10/usr/src/usr.bin/python/Modules/_sqlite/microprotocols.o
cc -pthread -fPIC -Wno-unused-result -Wsign-compare -Wunreachable-code -DNDEBUG -g -fwrapv -O3 -Wall -std=c99 -Wextra -Wno-unused-result -Wno-unused-parameter -Wno-missing-field-initializers -Werror=implicit-function-declaration -fvisibility=hidden -I/usr/src/usr.bin/python/Include/internal -DSQLITE_OMIT_LOAD_EXTENSION=1 -IModules/_sqlite -I/usr/include -I. -IObjects -IPython -I/usr/local/include -I/usr/src/usr.bin/python/Include -I/usr/obj/usr/src/amd64.amd64/usr.bin/python -c /usr/src/usr.bin/python/Modules/_sqlite/module.c -o build/temp.freebsd-15.0-CURRENT-amd64-3.10/usr/src/usr.bin/python/Modules/_sqlite/module.o
cc -pthread -fPIC -Wno-unused-result -Wsign-compare -Wunreachable-code -DNDEBUG -g -fwrapv -O3 -Wall -std=c99 -Wextra -Wno-unused-result -Wno-unused-parameter -Wno-missing-field-initializers -Werror=implicit-function-declaration -fvisibility=hidden -I/usr/src/usr.bin/python/Include/internal -DSQLITE_OMIT_LOAD_EXTENSION=1 -IModules/_sqlite -I/usr/include -I. -IObjects -IPython -I/usr/local/include -I/usr/src/usr.bin/python/Include -I/usr/obj/usr/src/amd64.amd64/usr.bin/python -c /usr/src/usr.bin/python/Modules/_sqlite/prepare_protocol.c -o build/temp.freebsd-15.0-CURRENT-amd64-3.10/usr/src/usr.bin/python/Modules/_sqlite/prepare_protocol.o
cc -pthread -fPIC -Wno-unused-result -Wsign-compare -Wunreachable-code -DNDEBUG -g -fwrapv -O3 -Wall -std=c99 -Wextra -Wno-unused-result -Wno-unused-parameter -Wno-missing-field-initializers -Werror=implicit-function-declaration -fvisibility=hidden -I/usr/src/usr.bin/python/Include/internal -DSQLITE_OMIT_LOAD_EXTENSION=1 -IModules/_sqlite -I/usr/include -I. -IObjects -IPython -I/usr/local/include -I/usr/src/usr.bin/python/Include -I/usr/obj/usr/src/amd64.amd64/usr.bin/python -c /usr/src/usr.bin/python/Modules/_sqlite/row.c -o build/temp.freebsd-15.0-CURRENT-amd64-3.10/usr/src/usr.bin/python/Modules/_sqlite/row.o
cc -pthread -fPIC -Wno-unused-result -Wsign-compare -Wunreachable-code -DNDEBUG -g -fwrapv -O3 -Wall -std=c99 -Wextra -Wno-unused-result -Wno-unused-parameter -Wno-missing-field-initializers -Werror=implicit-function-declaration -fvisibility=hidden -I/usr/src/usr.bin/python/Include/internal -DSQLITE_OMIT_LOAD_EXTENSION=1 -IModules/_sqlite -I/usr/include -I. -IObjects -IPython -I/usr/local/include -I/usr/src/usr.bin/python/Include -I/usr/obj/usr/src/amd64.amd64/usr.bin/python -c /usr/src/usr.bin/python/Modules/_sqlite/statement.c -o build/temp.freebsd-15.0-CURRENT-amd64-3.10/usr/src/usr.bin/python/Modules/_sqlite/statement.o
cc -pthread -fPIC -Wno-unused-result -Wsign-compare -Wunreachable-code -DNDEBUG -g -fwrapv -O3 -Wall -std=c99 -Wextra -Wno-unused-result -Wno-unused-parameter -Wno-missing-field-initializers -Werror=implicit-function-declaration -fvisibility=hidden -I/usr/src/usr.bin/python/Include/internal -DSQLITE_OMIT_LOAD_EXTENSION=1 -IModules/_sqlite -I/usr/include -I. -IObjects -IPython -I/usr/local/include -I/usr/src/usr.bin/python/Include -I/usr/obj/usr/src/amd64.amd64/usr.bin/python -c /usr/src/usr.bin/python/Modules/_sqlite/util.c -o build/temp.freebsd-15.0-CURRENT-amd64-3.10/usr/src/usr.bin/python/Modules/_sqlite/util.o
cc -pthread -shared build/temp.freebsd-15.0-CURRENT-amd64-3.10/usr/src/usr.bin/python/Modules/_sqlite/cache.o build/temp.freebsd-15.0-CURRENT-amd64-3.10/usr/src/usr.bin/python/Modules/_sqlite/connection.o build/temp.freebsd-15.0-CURRENT-amd64-3.10/usr/src/usr.bin/python/Modules/_sqlite/cursor.o build/temp.freebsd-15.0-CURRENT-amd64-3.10/usr/src/usr.bin/python/Modules/_sqlite/microprotocols.o build/temp.freebsd-15.0-CURRENT-amd64-3.10/usr/src/usr.bin/python/Modules/_sqlite/module.o build/temp.freebsd-15.0-CURRENT-amd64-3.10/usr/src/usr.bin/python/Modules/_sqlite/prepare_protocol.o build/temp.freebsd-15.0-CURRENT-amd64-3.10/usr/src/usr.bin/python/Modules/_sqlite/row.o build/temp.freebsd-15.0-CURRENT-amd64-3.10/usr/src/usr.bin/python/Modules/_sqlite/statement.o build/temp.freebsd-15.0-CURRENT-amd64-3.10/usr/src/usr.bin/python/Modules/_sqlite/util.o -L/usr/local/lib -lsqlite3 -o build/lib.freebsd-15.0-CURRENT-amd64-3.10/_sqlite3.cpython-310.so
building 'termios' extension
cc -pthread -fPIC -Wno-unused-result -Wsign-compare -Wunreachable-code -DNDEBUG -g -fwrapv -O3 -Wall -std=c99 -Wextra -Wno-unused-result -Wno-unused-parameter -Wno-missing-field-initializers -Werror=implicit-function-declaration -fvisibility=hidden -I/usr/src/usr.bin/python/Include/internal -I. -IObjects -IPython -I/usr/local/include -I/usr/src/usr.bin/python/Include -I/usr/obj/usr/src/amd64.amd64/usr.bin/python -c /usr/src/usr.bin/python/Modules/termios.c -o build/temp.freebsd-15.0-CURRENT-amd64-3.10/usr/src/usr.bin/python/Modules/termios.o
cc -pthread -shared build/temp.freebsd-15.0-CURRENT-amd64-3.10/usr/src/usr.bin/python/Modules/termios.o -L/usr/local/lib -o build/lib.freebsd-15.0-CURRENT-amd64-3.10/termios.cpython-310.so
building 'resource' extension
cc -pthread -fPIC -Wno-unused-result -Wsign-compare -Wunreachable-code -DNDEBUG -g -fwrapv -O3 -Wall -std=c99 -Wextra -Wno-unused-result -Wno-unused-parameter -Wno-missing-field-initializers -Werror=implicit-function-declaration -fvisibility=hidden -I/usr/src/usr.bin/python/Include/internal -I. -IObjects -IPython -I/usr/local/include -I/usr/src/usr.bin/python/Include -I/usr/obj/usr/src/amd64.amd64/usr.bin/python -c /usr/src/usr.bin/python/Modules/resource.c -o build/temp.freebsd-15.0-CURRENT-amd64-3.10/usr/src/usr.bin/python/Modules/resource.o
cc -pthread -shared build/temp.freebsd-15.0-CURRENT-amd64-3.10/usr/src/usr.bin/python/Modules/resource.o -L/usr/local/lib -o build/lib.freebsd-15.0-CURRENT-amd64-3.10/resource.cpython-310.so
building 'ossaudiodev' extension
cc -pthread -fPIC -Wno-unused-result -Wsign-compare -Wunreachable-code -DNDEBUG -g -fwrapv -O3 -Wall -std=c99 -Wextra -Wno-unused-result -Wno-unused-parameter -Wno-missing-field-initializers -Werror=implicit-function-declaration -fvisibility=hidden -I/usr/src/usr.bin/python/Include/internal -I. -IObjects -IPython -I/usr/local/include -I/usr/src/usr.bin/python/Include -I/usr/obj/usr/src/amd64.amd64/usr.bin/python -c /usr/src/usr.bin/python/Modules/ossaudiodev.c -o build/temp.freebsd-15.0-CURRENT-amd64-3.10/usr/src/usr.bin/python/Modules/ossaudiodev.o
cc -pthread -shared build/temp.freebsd-15.0-CURRENT-amd64-3.10/usr/src/usr.bin/python/Modules/ossaudiodev.o -L/usr/local/lib -o build/lib.freebsd-15.0-CURRENT-amd64-3.10/ossaudiodev.cpython-310.so
building 'nis' extension
cc -pthread -fPIC -Wno-unused-result -Wsign-compare -Wunreachable-code -DNDEBUG -g -fwrapv -O3 -Wall -std=c99 -Wextra -Wno-unused-result -Wno-unused-parameter -Wno-missing-field-initializers -Werror=implicit-function-declaration -fvisibility=hidden -I/usr/src/usr.bin/python/Include/internal -I. -IObjects -IPython -I/usr/local/include -I/usr/src/usr.bin/python/Include -I/usr/obj/usr/src/amd64.amd64/usr.bin/python -c /usr/src/usr.bin/python/Modules/nismodule.c -o build/temp.freebsd-15.0-CURRENT-amd64-3.10/usr/src/usr.bin/python/Modules/nismodule.o
cc -pthread -shared build/temp.freebsd-15.0-CURRENT-amd64-3.10/usr/src/usr.bin/python/Modules/nismodule.o -L/usr/local/lib -o build/lib.freebsd-15.0-CURRENT-amd64-3.10/nis.cpython-310.so
building 'zlib' extension
cc -pthread -fPIC -Wno-unused-result -Wsign-compare -Wunreachable-code -DNDEBUG -g -fwrapv -O3 -Wall -std=c99 -Wextra -Wno-unused-result -Wno-unused-parameter -Wno-missing-field-initializers -Werror=implicit-function-declaration -fvisibility=hidden -I/usr/src/usr.bin/python/Include/internal -I. -IObjects -IPython -I/usr/local/include -I/usr/src/usr.bin/python/Include -I/usr/obj/usr/src/amd64.amd64/usr.bin/python -c /usr/src/usr.bin/python/Modules/zlibmodule.c -o build/temp.freebsd-15.0-CURRENT-amd64-3.10/usr/src/usr.bin/python/Modules/zlibmodule.o
cc -pthread -shared build/temp.freebsd-15.0-CURRENT-amd64-3.10/usr/src/usr.bin/python/Modules/zlibmodule.o -L/usr/local/lib -lz -o build/lib.freebsd-15.0-CURRENT-amd64-3.10/zlib.cpython-310.so
building 'binascii' extension
cc -pthread -fPIC -Wno-unused-result -Wsign-compare -Wunreachable-code -DNDEBUG -g -fwrapv -O3 -Wall -std=c99 -Wextra -Wno-unused-result -Wno-unused-parameter -Wno-missing-field-initializers -Werror=implicit-function-declaration -fvisibility=hidden -I/usr/src/usr.bin/python/Include/internal -I. -IObjects -IPython -I/usr/local/include -I/usr/src/usr.bin/python/Include -I/usr/obj/usr/src/amd64.amd64/usr.bin/python -c /usr/src/usr.bin/python/Modules/binascii.c -o build/temp.freebsd-15.0-CURRENT-amd64-3.10/usr/src/usr.bin/python/Modules/binascii.o -DUSE_ZLIB_CRC32
cc -pthread -shared build/temp.freebsd-15.0-CURRENT-amd64-3.10/usr/src/usr.bin/python/Modules/binascii.o -L/usr/local/lib -lz -o build/lib.freebsd-15.0-CURRENT-amd64-3.10/binascii.cpython-310.so
building '_bz2' extension
cc -pthread -fPIC -Wno-unused-result -Wsign-compare -Wunreachable-code -DNDEBUG -g -fwrapv -O3 -Wall -std=c99 -Wextra -Wno-unused-result -Wno-unused-parameter -Wno-missing-field-initializers -Werror=implicit-function-declaration -fvisibility=hidden -I/usr/src/usr.bin/python/Include/internal -I. -IObjects -IPython -I/usr/local/include -I/usr/src/usr.bin/python/Include -I/usr/obj/usr/src/amd64.amd64/usr.bin/python -c /usr/src/usr.bin/python/Modules/_bz2module.c -o build/temp.freebsd-15.0-CURRENT-amd64-3.10/usr/src/usr.bin/python/Modules/_bz2module.o
cc -pthread -shared build/temp.freebsd-15.0-CURRENT-amd64-3.10/usr/src/usr.bin/python/Modules/_bz2module.o -L/usr/local/lib -lbz2 -o build/lib.freebsd-15.0-CURRENT-amd64-3.10/_bz2.cpython-310.so
building '_lzma' extension
cc -pthread -fPIC -Wno-unused-result -Wsign-compare -Wunreachable-code -DNDEBUG -g -fwrapv -O3 -Wall -std=c99 -Wextra -Wno-unused-result -Wno-unused-parameter -Wno-missing-field-initializers -Werror=implicit-function-declaration -fvisibility=hidden -I/usr/src/usr.bin/python/Include/internal -I. -IObjects -IPython -I/usr/local/include -I/usr/src/usr.bin/python/Include -I/usr/obj/usr/src/amd64.amd64/usr.bin/python -c /usr/src/usr.bin/python/Modules/_lzmamodule.c -o build/temp.freebsd-15.0-CURRENT-amd64-3.10/usr/src/usr.bin/python/Modules/_lzmamodule.o
cc -pthread -shared build/temp.freebsd-15.0-CURRENT-amd64-3.10/usr/src/usr.bin/python/Modules/_lzmamodule.o -L/usr/local/lib -llzma -o build/lib.freebsd-15.0-CURRENT-amd64-3.10/_lzma.cpython-310.so
building 'pyexpat' extension
creating build/temp.freebsd-15.0-CURRENT-amd64-3.10/usr/src/usr.bin/python/Modules/expat
cc -pthread -fPIC -Wno-unused-result -Wsign-compare -Wunreachable-code -DNDEBUG -g -fwrapv -O3 -Wall -std=c99 -Wextra -Wno-unused-result -Wno-unused-parameter -Wno-missing-field-initializers -Werror=implicit-function-declaration -fvisibility=hidden -I/usr/src/usr.bin/python/Include/internal -DHAVE_EXPAT_CONFIG_H=1 -DXML_POOR_ENTROPY=1 -DUSE_PYEXPAT_CAPI -I/usr/src/usr.bin/python/Modules/expat -I. -IObjects -IPython -I/usr/local/include -I/usr/src/usr.bin/python/Include -I/usr/obj/usr/src/amd64.amd64/usr.bin/python -c /usr/src/usr.bin/python/Modules/expat/xmlparse.c -o build/temp.freebsd-15.0-CURRENT-amd64-3.10/usr/src/usr.bin/python/Modules/expat/xmlparse.o -Wno-unreachable-code
cc -pthread -fPIC -Wno-unused-result -Wsign-compare -Wunreachable-code -DNDEBUG -g -fwrapv -O3 -Wall -std=c99 -Wextra -Wno-unused-result -Wno-unused-parameter -Wno-missing-field-initializers -Werror=implicit-function-declaration -fvisibility=hidden -I/usr/src/usr.bin/python/Include/internal -DHAVE_EXPAT_CONFIG_H=1 -DXML_POOR_ENTROPY=1 -DUSE_PYEXPAT_CAPI -I/usr/src/usr.bin/python/Modules/expat -I. -IObjects -IPython -I/usr/local/include -I/usr/src/usr.bin/python/Include -I/usr/obj/usr/src/amd64.amd64/usr.bin/python -c /usr/src/usr.bin/python/Modules/expat/xmlrole.c -o build/temp.freebsd-15.0-CURRENT-amd64-3.10/usr/src/usr.bin/python/Modules/expat/xmlrole.o -Wno-unreachable-code
cc -pthread -fPIC -Wno-unused-result -Wsign-compare -Wunreachable-code -DNDEBUG -g -fwrapv -O3 -Wall -std=c99 -Wextra -Wno-unused-result -Wno-unused-parameter -Wno-missing-field-initializers -Werror=implicit-function-declaration -fvisibility=hidden -I/usr/src/usr.bin/python/Include/internal -DHAVE_EXPAT_CONFIG_H=1 -DXML_POOR_ENTROPY=1 -DUSE_PYEXPAT_CAPI -I/usr/src/usr.bin/python/Modules/expat -I. -IObjects -IPython -I/usr/local/include -I/usr/src/usr.bin/python/Include -I/usr/obj/usr/src/amd64.amd64/usr.bin/python -c /usr/src/usr.bin/python/Modules/expat/xmltok.c -o build/temp.freebsd-15.0-CURRENT-amd64-3.10/usr/src/usr.bin/python/Modules/expat/xmltok.o -Wno-unreachable-code
cc -pthread -fPIC -Wno-unused-result -Wsign-compare -Wunreachable-code -DNDEBUG -g -fwrapv -O3 -Wall -std=c99 -Wextra -Wno-unused-result -Wno-unused-parameter -Wno-missing-field-initializers -Werror=implicit-function-declaration -fvisibility=hidden -I/usr/src/usr.bin/python/Include/internal -DHAVE_EXPAT_CONFIG_H=1 -DXML_POOR_ENTROPY=1 -DUSE_PYEXPAT_CAPI -I/usr/src/usr.bin/python/Modules/expat -I. -IObjects -IPython -I/usr/local/include -I/usr/src/usr.bin/python/Include -I/usr/obj/usr/src/amd64.amd64/usr.bin/python -c /usr/src/usr.bin/python/Modules/pyexpat.c -o build/temp.freebsd-15.0-CURRENT-amd64-3.10/usr/src/usr.bin/python/Modules/pyexpat.o -Wno-unreachable-code
cc -pthread -shared build/temp.freebsd-15.0-CURRENT-amd64-3.10/usr/src/usr.bin/python/Modules/expat/xmlparse.o build/temp.freebsd-15.0-CURRENT-amd64-3.10/usr/src/usr.bin/python/Modules/expat/xmlrole.o build/temp.freebsd-15.0-CURRENT-amd64-3.10/usr/src/usr.bin/python/Modules/expat/xmltok.o build/temp.freebsd-15.0-CURRENT-amd64-3.10/usr/src/usr.bin/python/Modules/pyexpat.o -L/usr/local/lib -lm -o build/lib.freebsd-15.0-CURRENT-amd64-3.10/pyexpat.cpython-310.so
building '_elementtree' extension
cc -pthread -fPIC -Wno-unused-result -Wsign-compare -Wunreachable-code -DNDEBUG -g -fwrapv -O3 -Wall -std=c99 -Wextra -Wno-unused-result -Wno-unused-parameter -Wno-missing-field-initializers -Werror=implicit-function-declaration -fvisibility=hidden -I/usr/src/usr.bin/python/Include/internal -DHAVE_EXPAT_CONFIG_H=1 -DXML_POOR_ENTROPY=1 -DUSE_PYEXPAT_CAPI -I/usr/src/usr.bin/python/Modules/expat -I. -IObjects -IPython -I/usr/local/include -I/usr/src/usr.bin/python/Include -I/usr/obj/usr/src/amd64.amd64/usr.bin/python -c /usr/src/usr.bin/python/Modules/_elementtree.c -o build/temp.freebsd-15.0-CURRENT-amd64-3.10/usr/src/usr.bin/python/Modules/_elementtree.o
cc -pthread -shared build/temp.freebsd-15.0-CURRENT-amd64-3.10/usr/src/usr.bin/python/Modules/_elementtree.o -L/usr/local/lib -lm -o build/lib.freebsd-15.0-CURRENT-amd64-3.10/_elementtree.cpython-310.so
building '_multibytecodec' extension
creating build/temp.freebsd-15.0-CURRENT-amd64-3.10/usr/src/usr.bin/python/Modules/cjkcodecs
cc -pthread -fPIC -Wno-unused-result -Wsign-compare -Wunreachable-code -DNDEBUG -g -fwrapv -O3 -Wall -std=c99 -Wextra -Wno-unused-result -Wno-unused-parameter -Wno-missing-field-initializers -Werror=implicit-function-declaration -fvisibility=hidden -I/usr/src/usr.bin/python/Include/internal -I. -IObjects -IPython -I/usr/local/include -I/usr/src/usr.bin/python/Include -I/usr/obj/usr/src/amd64.amd64/usr.bin/python -c /usr/src/usr.bin/python/Modules/cjkcodecs/multibytecodec.c -o build/temp.freebsd-15.0-CURRENT-amd64-3.10/usr/src/usr.bin/python/Modules/cjkcodecs/multibytecodec.o
cc -pthread -shared build/temp.freebsd-15.0-CURRENT-amd64-3.10/usr/src/usr.bin/python/Modules/cjkcodecs/multibytecodec.o -L/usr/local/lib -o build/lib.freebsd-15.0-CURRENT-amd64-3.10/_multibytecodec.cpython-310.so
building '_codecs_kr' extension
cc -pthread -fPIC -Wno-unused-result -Wsign-compare -Wunreachable-code -DNDEBUG -g -fwrapv -O3 -Wall -std=c99 -Wextra -Wno-unused-result -Wno-unused-parameter -Wno-missing-field-initializers -Werror=implicit-function-declaration -fvisibility=hidden -I/usr/src/usr.bin/python/Include/internal -I. -IObjects -IPython -I/usr/local/include -I/usr/src/usr.bin/python/Include -I/usr/obj/usr/src/amd64.amd64/usr.bin/python -c /usr/src/usr.bin/python/Modules/cjkcodecs/_codecs_kr.c -o build/temp.freebsd-15.0-CURRENT-amd64-3.10/usr/src/usr.bin/python/Modules/cjkcodecs/_codecs_kr.o
cc -pthread -shared build/temp.freebsd-15.0-CURRENT-amd64-3.10/usr/src/usr.bin/python/Modules/cjkcodecs/_codecs_kr.o -L/usr/local/lib -o build/lib.freebsd-15.0-CURRENT-amd64-3.10/_codecs_kr.cpython-310.so
building '_codecs_jp' extension
cc -pthread -fPIC -Wno-unused-result -Wsign-compare -Wunreachable-code -DNDEBUG -g -fwrapv -O3 -Wall -std=c99 -Wextra -Wno-unused-result -Wno-unused-parameter -Wno-missing-field-initializers -Werror=implicit-function-declaration -fvisibility=hidden -I/usr/src/usr.bin/python/Include/internal -I. -IObjects -IPython -I/usr/local/include -I/usr/src/usr.bin/python/Include -I/usr/obj/usr/src/amd64.amd64/usr.bin/python -c /usr/src/usr.bin/python/Modules/cjkcodecs/_codecs_jp.c -o build/temp.freebsd-15.0-CURRENT-amd64-3.10/usr/src/usr.bin/python/Modules/cjkcodecs/_codecs_jp.o
cc -pthread -shared build/temp.freebsd-15.0-CURRENT-amd64-3.10/usr/src/usr.bin/python/Modules/cjkcodecs/_codecs_jp.o -L/usr/local/lib -o build/lib.freebsd-15.0-CURRENT-amd64-3.10/_codecs_jp.cpython-310.so
building '_codecs_cn' extension
cc -pthread -fPIC -Wno-unused-result -Wsign-compare -Wunreachable-code -DNDEBUG -g -fwrapv -O3 -Wall -std=c99 -Wextra -Wno-unused-result -Wno-unused-parameter -Wno-missing-field-initializers -Werror=implicit-function-declaration -fvisibility=hidden -I/usr/src/usr.bin/python/Include/internal -I. -IObjects -IPython -I/usr/local/include -I/usr/src/usr.bin/python/Include -I/usr/obj/usr/src/amd64.amd64/usr.bin/python -c /usr/src/usr.bin/python/Modules/cjkcodecs/_codecs_cn.c -o build/temp.freebsd-15.0-CURRENT-amd64-3.10/usr/src/usr.bin/python/Modules/cjkcodecs/_codecs_cn.o
cc -pthread -shared build/temp.freebsd-15.0-CURRENT-amd64-3.10/usr/src/usr.bin/python/Modules/cjkcodecs/_codecs_cn.o -L/usr/local/lib -o build/lib.freebsd-15.0-CURRENT-amd64-3.10/_codecs_cn.cpython-310.so
building '_codecs_tw' extension
cc -pthread -fPIC -Wno-unused-result -Wsign-compare -Wunreachable-code -DNDEBUG -g -fwrapv -O3 -Wall -std=c99 -Wextra -Wno-unused-result -Wno-unused-parameter -Wno-missing-field-initializers -Werror=implicit-function-declaration -fvisibility=hidden -I/usr/src/usr.bin/python/Include/internal -I. -IObjects -IPython -I/usr/local/include -I/usr/src/usr.bin/python/Include -I/usr/obj/usr/src/amd64.amd64/usr.bin/python -c /usr/src/usr.bin/python/Modules/cjkcodecs/_codecs_tw.c -o build/temp.freebsd-15.0-CURRENT-amd64-3.10/usr/src/usr.bin/python/Modules/cjkcodecs/_codecs_tw.o
cc -pthread -shared build/temp.freebsd-15.0-CURRENT-amd64-3.10/usr/src/usr.bin/python/Modules/cjkcodecs/_codecs_tw.o -L/usr/local/lib -o build/lib.freebsd-15.0-CURRENT-amd64-3.10/_codecs_tw.cpython-310.so
building '_codecs_hk' extension
cc -pthread -fPIC -Wno-unused-result -Wsign-compare -Wunreachable-code -DNDEBUG -g -fwrapv -O3 -Wall -std=c99 -Wextra -Wno-unused-result -Wno-unused-parameter -Wno-missing-field-initializers -Werror=implicit-function-declaration -fvisibility=hidden -I/usr/src/usr.bin/python/Include/internal -I. -IObjects -IPython -I/usr/local/include -I/usr/src/usr.bin/python/Include -I/usr/obj/usr/src/amd64.amd64/usr.bin/python -c /usr/src/usr.bin/python/Modules/cjkcodecs/_codecs_hk.c -o build/temp.freebsd-15.0-CURRENT-amd64-3.10/usr/src/usr.bin/python/Modules/cjkcodecs/_codecs_hk.o
cc -pthread -shared build/temp.freebsd-15.0-CURRENT-amd64-3.10/usr/src/usr.bin/python/Modules/cjkcodecs/_codecs_hk.o -L/usr/local/lib -o build/lib.freebsd-15.0-CURRENT-amd64-3.10/_codecs_hk.cpython-310.so
building '_codecs_iso2022' extension
cc -pthread -fPIC -Wno-unused-result -Wsign-compare -Wunreachable-code -DNDEBUG -g -fwrapv -O3 -Wall -std=c99 -Wextra -Wno-unused-result -Wno-unused-parameter -Wno-missing-field-initializers -Werror=implicit-function-declaration -fvisibility=hidden -I/usr/src/usr.bin/python/Include/internal -I. -IObjects -IPython -I/usr/local/include -I/usr/src/usr.bin/python/Include -I/usr/obj/usr/src/amd64.amd64/usr.bin/python -c /usr/src/usr.bin/python/Modules/cjkcodecs/_codecs_iso2022.c -o build/temp.freebsd-15.0-CURRENT-amd64-3.10/usr/src/usr.bin/python/Modules/cjkcodecs/_codecs_iso2022.o
cc -pthread -shared build/temp.freebsd-15.0-CURRENT-amd64-3.10/usr/src/usr.bin/python/Modules/cjkcodecs/_codecs_iso2022.o -L/usr/local/lib -o build/lib.freebsd-15.0-CURRENT-amd64-3.10/_codecs_iso2022.cpython-310.so
building '_decimal' extension
creating build/temp.freebsd-15.0-CURRENT-amd64-3.10/usr/src/usr.bin/python/Modules/_decimal
creating build/temp.freebsd-15.0-CURRENT-amd64-3.10/usr/src/usr.bin/python/Modules/_decimal/libmpdec
cc -pthread -fPIC -Wno-unused-result -Wsign-compare -Wunreachable-code -DNDEBUG -g -fwrapv -O3 -Wall -std=c99 -Wextra -Wno-unused-result -Wno-unused-parameter -Wno-missing-field-initializers -Werror=implicit-function-declaration -fvisibility=hidden -I/usr/src/usr.bin/python/Include/internal -DCONFIG_64=1 -DASM=1 -I/usr/src/usr.bin/python/Modules/_decimal/libmpdec -I. -IObjects -IPython -I/usr/local/include -I/usr/src/usr.bin/python/Include -I/usr/obj/usr/src/amd64.amd64/usr.bin/python -c /usr/src/usr.bin/python/Modules/_decimal/_decimal.c -o build/temp.freebsd-15.0-CURRENT-amd64-3.10/usr/src/usr.bin/python/Modules/_decimal/_decimal.o
cc -pthread -fPIC -Wno-unused-result -Wsign-compare -Wunreachable-code -DNDEBUG -g -fwrapv -O3 -Wall -std=c99 -Wextra -Wno-unused-result -Wno-unused-parameter -Wno-missing-field-initializers -Werror=implicit-function-declaration -fvisibility=hidden -I/usr/src/usr.bin/python/Include/internal -DCONFIG_64=1 -DASM=1 -I/usr/src/usr.bin/python/Modules/_decimal/libmpdec -I. -IObjects -IPython -I/usr/local/include -I/usr/src/usr.bin/python/Include -I/usr/obj/usr/src/amd64.amd64/usr.bin/python -c /usr/src/usr.bin/python/Modules/_decimal/libmpdec/basearith.c -o build/temp.freebsd-15.0-CURRENT-amd64-3.10/usr/src/usr.bin/python/Modules/_decimal/libmpdec/basearith.o
cc -pthread -fPIC -Wno-unused-result -Wsign-compare -Wunreachable-code -DNDEBUG -g -fwrapv -O3 -Wall -std=c99 -Wextra -Wno-unused-result -Wno-unused-parameter -Wno-missing-field-initializers -Werror=implicit-function-declaration -fvisibility=hidden -I/usr/src/usr.bin/python/Include/internal -DCONFIG_64=1 -DASM=1 -I/usr/src/usr.bin/python/Modules/_decimal/libmpdec -I. -IObjects -IPython -I/usr/local/include -I/usr/src/usr.bin/python/Include -I/usr/obj/usr/src/amd64.amd64/usr.bin/python -c /usr/src/usr.bin/python/Modules/_decimal/libmpdec/constants.c -o build/temp.freebsd-15.0-CURRENT-amd64-3.10/usr/src/usr.bin/python/Modules/_decimal/libmpdec/constants.o
cc -pthread -fPIC -Wno-unused-result -Wsign-compare -Wunreachable-code -DNDEBUG -g -fwrapv -O3 -Wall -std=c99 -Wextra -Wno-unused-result -Wno-unused-parameter -Wno-missing-field-initializers -Werror=implicit-function-declaration -fvisibility=hidden -I/usr/src/usr.bin/python/Include/internal -DCONFIG_64=1 -DASM=1 -I/usr/src/usr.bin/python/Modules/_decimal/libmpdec -I. -IObjects -IPython -I/usr/local/include -I/usr/src/usr.bin/python/Include -I/usr/obj/usr/src/amd64.amd64/usr.bin/python -c /usr/src/usr.bin/python/Modules/_decimal/libmpdec/context.c -o build/temp.freebsd-15.0-CURRENT-amd64-3.10/usr/src/usr.bin/python/Modules/_decimal/libmpdec/context.o
cc -pthread -fPIC -Wno-unused-result -Wsign-compare -Wunreachable-code -DNDEBUG -g -fwrapv -O3 -Wall -std=c99 -Wextra -Wno-unused-result -Wno-unused-parameter -Wno-missing-field-initializers -Werror=implicit-function-declaration -fvisibility=hidden -I/usr/src/usr.bin/python/Include/internal -DCONFIG_64=1 -DASM=1 -I/usr/src/usr.bin/python/Modules/_decimal/libmpdec -I. -IObjects -IPython -I/usr/local/include -I/usr/src/usr.bin/python/Include -I/usr/obj/usr/src/amd64.amd64/usr.bin/python -c /usr/src/usr.bin/python/Modules/_decimal/libmpdec/convolute.c -o build/temp.freebsd-15.0-CURRENT-amd64-3.10/usr/src/usr.bin/python/Modules/_decimal/libmpdec/convolute.o
cc -pthread -fPIC -Wno-unused-result -Wsign-compare -Wunreachable-code -DNDEBUG -g -fwrapv -O3 -Wall -std=c99 -Wextra -Wno-unused-result -Wno-unused-parameter -Wno-missing-field-initializers -Werror=implicit-function-declaration -fvisibility=hidden -I/usr/src/usr.bin/python/Include/internal -DCONFIG_64=1 -DASM=1 -I/usr/src/usr.bin/python/Modules/_decimal/libmpdec -I. -IObjects -IPython -I/usr/local/include -I/usr/src/usr.bin/python/Include -I/usr/obj/usr/src/amd64.amd64/usr.bin/python -c /usr/src/usr.bin/python/Modules/_decimal/libmpdec/crt.c -o build/temp.freebsd-15.0-CURRENT-amd64-3.10/usr/src/usr.bin/python/Modules/_decimal/libmpdec/crt.o
cc -pthread -fPIC -Wno-unused-result -Wsign-compare -Wunreachable-code -DNDEBUG -g -fwrapv -O3 -Wall -std=c99 -Wextra -Wno-unused-result -Wno-unused-parameter -Wno-missing-field-initializers -Werror=implicit-function-declaration -fvisibility=hidden -I/usr/src/usr.bin/python/Include/internal -DCONFIG_64=1 -DASM=1 -I/usr/src/usr.bin/python/Modules/_decimal/libmpdec -I. -IObjects -IPython -I/usr/local/include -I/usr/src/usr.bin/python/Include -I/usr/obj/usr/src/amd64.amd64/usr.bin/python -c /usr/src/usr.bin/python/Modules/_decimal/libmpdec/difradix2.c -o build/temp.freebsd-15.0-CURRENT-amd64-3.10/usr/src/usr.bin/python/Modules/_decimal/libmpdec/difradix2.o
cc -pthread -fPIC -Wno-unused-result -Wsign-compare -Wunreachable-code -DNDEBUG -g -fwrapv -O3 -Wall -std=c99 -Wextra -Wno-unused-result -Wno-unused-parameter -Wno-missing-field-initializers -Werror=implicit-function-declaration -fvisibility=hidden -I/usr/src/usr.bin/python/Include/internal -DCONFIG_64=1 -DASM=1 -I/usr/src/usr.bin/python/Modules/_decimal/libmpdec -I. -IObjects -IPython -I/usr/local/include -I/usr/src/usr.bin/python/Include -I/usr/obj/usr/src/amd64.amd64/usr.bin/python -c /usr/src/usr.bin/python/Modules/_decimal/libmpdec/fnt.c -o build/temp.freebsd-15.0-CURRENT-amd64-3.10/usr/src/usr.bin/python/Modules/_decimal/libmpdec/fnt.o
cc -pthread -fPIC -Wno-unused-result -Wsign-compare -Wunreachable-code -DNDEBUG -g -fwrapv -O3 -Wall -std=c99 -Wextra -Wno-unused-result -Wno-unused-parameter -Wno-missing-field-initializers -Werror=implicit-function-declaration -fvisibility=hidden -I/usr/src/usr.bin/python/Include/internal -DCONFIG_64=1 -DASM=1 -I/usr/src/usr.bin/python/Modules/_decimal/libmpdec -I. -IObjects -IPython -I/usr/local/include -I/usr/src/usr.bin/python/Include -I/usr/obj/usr/src/amd64.amd64/usr.bin/python -c /usr/src/usr.bin/python/Modules/_decimal/libmpdec/fourstep.c -o build/temp.freebsd-15.0-CURRENT-amd64-3.10/usr/src/usr.bin/python/Modules/_decimal/libmpdec/fourstep.o
cc -pthread -fPIC -Wno-unused-result -Wsign-compare -Wunreachable-code -DNDEBUG -g -fwrapv -O3 -Wall -std=c99 -Wextra -Wno-unused-result -Wno-unused-parameter -Wno-missing-field-initializers -Werror=implicit-function-declaration -fvisibility=hidden -I/usr/src/usr.bin/python/Include/internal -DCONFIG_64=1 -DASM=1 -I/usr/src/usr.bin/python/Modules/_decimal/libmpdec -I. -IObjects -IPython -I/usr/local/include -I/usr/src/usr.bin/python/Include -I/usr/obj/usr/src/amd64.amd64/usr.bin/python -c /usr/src/usr.bin/python/Modules/_decimal/libmpdec/io.c -o build/temp.freebsd-15.0-CURRENT-amd64-3.10/usr/src/usr.bin/python/Modules/_decimal/libmpdec/io.o
cc -pthread -fPIC -Wno-unused-result -Wsign-compare -Wunreachable-code -DNDEBUG -g -fwrapv -O3 -Wall -std=c99 -Wextra -Wno-unused-result -Wno-unused-parameter -Wno-missing-field-initializers -Werror=implicit-function-declaration -fvisibility=hidden -I/usr/src/usr.bin/python/Include/internal -DCONFIG_64=1 -DASM=1 -I/usr/src/usr.bin/python/Modules/_decimal/libmpdec -I. -IObjects -IPython -I/usr/local/include -I/usr/src/usr.bin/python/Include -I/usr/obj/usr/src/amd64.amd64/usr.bin/python -c /usr/src/usr.bin/python/Modules/_decimal/libmpdec/mpalloc.c -o build/temp.freebsd-15.0-CURRENT-amd64-3.10/usr/src/usr.bin/python/Modules/_decimal/libmpdec/mpalloc.o
cc -pthread -fPIC -Wno-unused-result -Wsign-compare -Wunreachable-code -DNDEBUG -g -fwrapv -O3 -Wall -std=c99 -Wextra -Wno-unused-result -Wno-unused-parameter -Wno-missing-field-initializers -Werror=implicit-function-declaration -fvisibility=hidden -I/usr/src/usr.bin/python/Include/internal -DCONFIG_64=1 -DASM=1 -I/usr/src/usr.bin/python/Modules/_decimal/libmpdec -I. -IObjects -IPython -I/usr/local/include -I/usr/src/usr.bin/python/Include -I/usr/obj/usr/src/amd64.amd64/usr.bin/python -c /usr/src/usr.bin/python/Modules/_decimal/libmpdec/mpdecimal.c -o build/temp.freebsd-15.0-CURRENT-amd64-3.10/usr/src/usr.bin/python/Modules/_decimal/libmpdec/mpdecimal.o
cc -pthread -fPIC -Wno-unused-result -Wsign-compare -Wunreachable-code -DNDEBUG -g -fwrapv -O3 -Wall -std=c99 -Wextra -Wno-unused-result -Wno-unused-parameter -Wno-missing-field-initializers -Werror=implicit-function-declaration -fvisibility=hidden -I/usr/src/usr.bin/python/Include/internal -DCONFIG_64=1 -DASM=1 -I/usr/src/usr.bin/python/Modules/_decimal/libmpdec -I. -IObjects -IPython -I/usr/local/include -I/usr/src/usr.bin/python/Include -I/usr/obj/usr/src/amd64.amd64/usr.bin/python -c /usr/src/usr.bin/python/Modules/_decimal/libmpdec/numbertheory.c -o build/temp.freebsd-15.0-CURRENT-amd64-3.10/usr/src/usr.bin/python/Modules/_decimal/libmpdec/numbertheory.o
cc -pthread -fPIC -Wno-unused-result -Wsign-compare -Wunreachable-code -DNDEBUG -g -fwrapv -O3 -Wall -std=c99 -Wextra -Wno-unused-result -Wno-unused-parameter -Wno-missing-field-initializers -Werror=implicit-function-declaration -fvisibility=hidden -I/usr/src/usr.bin/python/Include/internal -DCONFIG_64=1 -DASM=1 -I/usr/src/usr.bin/python/Modules/_decimal/libmpdec -I. -IObjects -IPython -I/usr/local/include -I/usr/src/usr.bin/python/Include -I/usr/obj/usr/src/amd64.amd64/usr.bin/python -c /usr/src/usr.bin/python/Modules/_decimal/libmpdec/sixstep.c -o build/temp.freebsd-15.0-CURRENT-amd64-3.10/usr/src/usr.bin/python/Modules/_decimal/libmpdec/sixstep.o
cc -pthread -fPIC -Wno-unused-result -Wsign-compare -Wunreachable-code -DNDEBUG -g -fwrapv -O3 -Wall -std=c99 -Wextra -Wno-unused-result -Wno-unused-parameter -Wno-missing-field-initializers -Werror=implicit-function-declaration -fvisibility=hidden -I/usr/src/usr.bin/python/Include/internal -DCONFIG_64=1 -DASM=1 -I/usr/src/usr.bin/python/Modules/_decimal/libmpdec -I. -IObjects -IPython -I/usr/local/include -I/usr/src/usr.bin/python/Include -I/usr/obj/usr/src/amd64.amd64/usr.bin/python -c /usr/src/usr.bin/python/Modules/_decimal/libmpdec/transpose.c -o build/temp.freebsd-15.0-CURRENT-amd64-3.10/usr/src/usr.bin/python/Modules/_decimal/libmpdec/transpose.o
cc -pthread -shared build/temp.freebsd-15.0-CURRENT-amd64-3.10/usr/src/usr.bin/python/Modules/_decimal/_decimal.o build/temp.freebsd-15.0-CURRENT-amd64-3.10/usr/src/usr.bin/python/Modules/_decimal/libmpdec/basearith.o build/temp.freebsd-15.0-CURRENT-amd64-3.10/usr/src/usr.bin/python/Modules/_decimal/libmpdec/constants.o build/temp.freebsd-15.0-CURRENT-amd64-3.10/usr/src/usr.bin/python/Modules/_decimal/libmpdec/context.o build/temp.freebsd-15.0-CURRENT-amd64-3.10/usr/src/usr.bin/python/Modules/_decimal/libmpdec/convolute.o build/temp.freebsd-15.0-CURRENT-amd64-3.10/usr/src/usr.bin/python/Modules/_decimal/libmpdec/crt.o build/temp.freebsd-15.0-CURRENT-amd64-3.10/usr/src/usr.bin/python/Modules/_decimal/libmpdec/difradix2.o build/temp.freebsd-15.0-CURRENT-amd64-3.10/usr/src/usr.bin/python/Modules/_decimal/libmpdec/fnt.o build/temp.freebsd-15.0-CURRENT-amd64-3.10/usr/src/usr.bin/python/Modules/_decimal/libmpdec/fourstep.o build/temp.freebsd-15.0-CURRENT-amd64-3.10/usr/src/usr.bin/python/Modules/_decimal/libmpdec/io.o build/temp.freebsd-15.0-CURRENT-amd64-3.10/usr/src/usr.bin/python/Modules/_decimal/libmpdec/mpalloc.o build/temp.freebsd-15.0-CURRENT-amd64-3.10/usr/src/usr.bin/python/Modules/_decimal/libmpdec/mpdecimal.o build/temp.freebsd-15.0-CURRENT-amd64-3.10/usr/src/usr.bin/python/Modules/_decimal/libmpdec/numbertheory.o build/temp.freebsd-15.0-CURRENT-amd64-3.10/usr/src/usr.bin/python/Modules/_decimal/libmpdec/sixstep.o build/temp.freebsd-15.0-CURRENT-amd64-3.10/usr/src/usr.bin/python/Modules/_decimal/libmpdec/transpose.o -L/usr/local/lib -lm -o build/lib.freebsd-15.0-CURRENT-amd64-3.10/_decimal.cpython-310.so
building '_ctypes_test' extension
creating build/temp.freebsd-15.0-CURRENT-amd64-3.10/usr/src/usr.bin/python/Modules/_ctypes
cc -pthread -fPIC -Wno-unused-result -Wsign-compare -Wunreachable-code -DNDEBUG -g -fwrapv -O3 -Wall -std=c99 -Wextra -Wno-unused-result -Wno-unused-parameter -Wno-missing-field-initializers -Werror=implicit-function-declaration -fvisibility=hidden -I/usr/src/usr.bin/python/Include/internal -I. -IObjects -IPython -I/usr/local/include -I/usr/src/usr.bin/python/Include -I/usr/obj/usr/src/amd64.amd64/usr.bin/python -c /usr/src/usr.bin/python/Modules/_ctypes/_ctypes_test.c -o build/temp.freebsd-15.0-CURRENT-amd64-3.10/usr/src/usr.bin/python/Modules/_ctypes/_ctypes_test.o
cc -pthread -shared build/temp.freebsd-15.0-CURRENT-amd64-3.10/usr/src/usr.bin/python/Modules/_ctypes/_ctypes_test.o -L/usr/local/lib -lm -o build/lib.freebsd-15.0-CURRENT-amd64-3.10/_ctypes_test.cpython-310.so
building '_multiprocessing' extension
creating build/temp.freebsd-15.0-CURRENT-amd64-3.10/usr/src/usr.bin/python/Modules/_multiprocessing
cc -pthread -fPIC -Wno-unused-result -Wsign-compare -Wunreachable-code -DNDEBUG -g -fwrapv -O3 -Wall -std=c99 -Wextra -Wno-unused-result -Wno-unused-parameter -Wno-missing-field-initializers -Werror=implicit-function-declaration -fvisibility=hidden -I/usr/src/usr.bin/python/Include/internal -IModules/_multiprocessing -I. -IObjects -IPython -I/usr/local/include -I/usr/src/usr.bin/python/Include -I/usr/obj/usr/src/amd64.amd64/usr.bin/python -c /usr/src/usr.bin/python/Modules/_multiprocessing/multiprocessing.c -o build/temp.freebsd-15.0-CURRENT-amd64-3.10/usr/src/usr.bin/python/Modules/_multiprocessing/multiprocessing.o
cc -pthread -fPIC -Wno-unused-result -Wsign-compare -Wunreachable-code -DNDEBUG -g -fwrapv -O3 -Wall -std=c99 -Wextra -Wno-unused-result -Wno-unused-parameter -Wno-missing-field-initializers -Werror=implicit-function-declaration -fvisibility=hidden -I/usr/src/usr.bin/python/Include/internal -IModules/_multiprocessing -I. -IObjects -IPython -I/usr/local/include -I/usr/src/usr.bin/python/Include -I/usr/obj/usr/src/amd64.amd64/usr.bin/python -c /usr/src/usr.bin/python/Modules/_multiprocessing/semaphore.c -o build/temp.freebsd-15.0-CURRENT-amd64-3.10/usr/src/usr.bin/python/Modules/_multiprocessing/semaphore.o
cc -pthread -shared build/temp.freebsd-15.0-CURRENT-amd64-3.10/usr/src/usr.bin/python/Modules/_multiprocessing/multiprocessing.o build/temp.freebsd-15.0-CURRENT-amd64-3.10/usr/src/usr.bin/python/Modules/_multiprocessing/semaphore.o -L/usr/local/lib -o build/lib.freebsd-15.0-CURRENT-amd64-3.10/_multiprocessing.cpython-310.so
building '_posixshmem' extension
cc -pthread -fPIC -Wno-unused-result -Wsign-compare -Wunreachable-code -DNDEBUG -g -fwrapv -O3 -Wall -std=c99 -Wextra -Wno-unused-result -Wno-unused-parameter -Wno-missing-field-initializers -Werror=implicit-function-declaration -fvisibility=hidden -I/usr/src/usr.bin/python/Include/internal -IModules/_multiprocessing -I. -IObjects -IPython -I/usr/local/include -I/usr/src/usr.bin/python/Include -I/usr/obj/usr/src/amd64.amd64/usr.bin/python -c /usr/src/usr.bin/python/Modules/_multiprocessing/posixshmem.c -o build/temp.freebsd-15.0-CURRENT-amd64-3.10/usr/src/usr.bin/python/Modules/_multiprocessing/posixshmem.o
cc -pthread -shared build/temp.freebsd-15.0-CURRENT-amd64-3.10/usr/src/usr.bin/python/Modules/_multiprocessing/posixshmem.o -L/usr/local/lib -o build/lib.freebsd-15.0-CURRENT-amd64-3.10/_posixshmem.cpython-310.so
building '_uuid' extension
cc -pthread -fPIC -Wno-unused-result -Wsign-compare -Wunreachable-code -DNDEBUG -g -fwrapv -O3 -Wall -std=c99 -Wextra -Wno-unused-result -Wno-unused-parameter -Wno-missing-field-initializers -Werror=implicit-function-declaration -fvisibility=hidden -I/usr/src/usr.bin/python/Include/internal -I. -IObjects -IPython -I/usr/local/include -I/usr/src/usr.bin/python/Include -I/usr/obj/usr/src/amd64.amd64/usr.bin/python -c /usr/src/usr.bin/python/Modules/_uuidmodule.c -o build/temp.freebsd-15.0-CURRENT-amd64-3.10/usr/src/usr.bin/python/Modules/_uuidmodule.o
/usr/src/usr.bin/python/Modules/_uuidmodule.c:33:5: error: call to undeclared function 'uuid_create'; ISO C99 and later do not support implicit function declarations [-Werror,-Wimplicit-function-declaration]
    uuid_create(&uuid, &status);
    ^
/usr/src/usr.bin/python/Modules/_uuidmodule.c:33:5: note: did you mean 'uuid_clear'?
/usr/include/uuid/uuid.h:70:6: note: 'uuid_clear' declared here
void uuid_clear(uuid_t uu);
     ^
/usr/src/usr.bin/python/Modules/_uuidmodule.c:36:5: error: call to undeclared function 'uuid_enc_be'; ISO C99 and later do not support implicit function declarations [-Werror,-Wimplicit-function-declaration]
    uuid_enc_be(buf, &uuid);
    ^
2 errors generated.
building 'xxlimited' extension
cc -pthread -fPIC -Wno-unused-result -Wsign-compare -Wunreachable-code -DNDEBUG -g -fwrapv -O3 -Wall -std=c99 -Wextra -Wno-unused-result -Wno-unused-parameter -Wno-missing-field-initializers -Werror=implicit-function-declaration -fvisibility=hidden -I/usr/src/usr.bin/python/Include/internal -I. -IObjects -IPython -I/usr/local/include -I/usr/src/usr.bin/python/Include -I/usr/obj/usr/src/amd64.amd64/usr.bin/python -c /usr/src/usr.bin/python/Modules/xxlimited.c -o build/temp.freebsd-15.0-CURRENT-amd64-3.10/usr/src/usr.bin/python/Modules/xxlimited.o
cc -pthread -shared build/temp.freebsd-15.0-CURRENT-amd64-3.10/usr/src/usr.bin/python/Modules/xxlimited.o -L/usr/local/lib -o build/lib.freebsd-15.0-CURRENT-amd64-3.10/xxlimited.cpython-310.so
building 'xxlimited_35' extension
cc -pthread -fPIC -Wno-unused-result -Wsign-compare -Wunreachable-code -DNDEBUG -g -fwrapv -O3 -Wall -std=c99 -Wextra -Wno-unused-result -Wno-unused-parameter -Wno-missing-field-initializers -Werror=implicit-function-declaration -fvisibility=hidden -I/usr/src/usr.bin/python/Include/internal -I. -IObjects -IPython -I/usr/local/include -I/usr/src/usr.bin/python/Include -I/usr/obj/usr/src/amd64.amd64/usr.bin/python -c /usr/src/usr.bin/python/Modules/xxlimited_35.c -o build/temp.freebsd-15.0-CURRENT-amd64-3.10/usr/src/usr.bin/python/Modules/xxlimited_35.o
cc -pthread -shared build/temp.freebsd-15.0-CURRENT-amd64-3.10/usr/src/usr.bin/python/Modules/xxlimited_35.o -L/usr/local/lib -o build/lib.freebsd-15.0-CURRENT-amd64-3.10/xxlimited_35.cpython-310.so
building '_ctypes' extension
cc -pthread -fPIC -Wno-unused-result -Wsign-compare -Wunreachable-code -DNDEBUG -g -fwrapv -O3 -Wall -std=c99 -Wextra -Wno-unused-result -Wno-unused-parameter -Wno-missing-field-initializers -Werror=implicit-function-declaration -fvisibility=hidden -I/usr/src/usr.bin/python/Include/internal -I/usr/include -I. -IObjects -IPython -I/usr/local/include -I/usr/src/usr.bin/python/Include -I/usr/obj/usr/src/amd64.amd64/usr.bin/python -c /usr/src/usr.bin/python/Modules/_ctypes/_ctypes.c -o build/temp.freebsd-15.0-CURRENT-amd64-3.10/usr/src/usr.bin/python/Modules/_ctypes/_ctypes.o -DPy_BUILD_CORE_MODULE -DHAVE_FFI_PREP_CIF_VAR=1 -DHAVE_FFI_PREP_CLOSURE_LOC=1 -DHAVE_FFI_CLOSURE_ALLOC=1
cc -pthread -fPIC -Wno-unused-result -Wsign-compare -Wunreachable-code -DNDEBUG -g -fwrapv -O3 -Wall -std=c99 -Wextra -Wno-unused-result -Wno-unused-parameter -Wno-missing-field-initializers -Werror=implicit-function-declaration -fvisibility=hidden -I/usr/src/usr.bin/python/Include/internal -I/usr/include -I. -IObjects -IPython -I/usr/local/include -I/usr/src/usr.bin/python/Include -I/usr/obj/usr/src/amd64.amd64/usr.bin/python -c /usr/src/usr.bin/python/Modules/_ctypes/callbacks.c -o build/temp.freebsd-15.0-CURRENT-amd64-3.10/usr/src/usr.bin/python/Modules/_ctypes/callbacks.o -DPy_BUILD_CORE_MODULE -DHAVE_FFI_PREP_CIF_VAR=1 -DHAVE_FFI_PREP_CLOSURE_LOC=1 -DHAVE_FFI_CLOSURE_ALLOC=1
cc -pthread -fPIC -Wno-unused-result -Wsign-compare -Wunreachable-code -DNDEBUG -g -fwrapv -O3 -Wall -std=c99 -Wextra -Wno-unused-result -Wno-unused-parameter -Wno-missing-field-initializers -Werror=implicit-function-declaration -fvisibility=hidden -I/usr/src/usr.bin/python/Include/internal -I/usr/include -I. -IObjects -IPython -I/usr/local/include -I/usr/src/usr.bin/python/Include -I/usr/obj/usr/src/amd64.amd64/usr.bin/python -c /usr/src/usr.bin/python/Modules/_ctypes/callproc.c -o build/temp.freebsd-15.0-CURRENT-amd64-3.10/usr/src/usr.bin/python/Modules/_ctypes/callproc.o -DPy_BUILD_CORE_MODULE -DHAVE_FFI_PREP_CIF_VAR=1 -DHAVE_FFI_PREP_CLOSURE_LOC=1 -DHAVE_FFI_CLOSURE_ALLOC=1
cc -pthread -fPIC -Wno-unused-result -Wsign-compare -Wunreachable-code -DNDEBUG -g -fwrapv -O3 -Wall -std=c99 -Wextra -Wno-unused-result -Wno-unused-parameter -Wno-missing-field-initializers -Werror=implicit-function-declaration -fvisibility=hidden -I/usr/src/usr.bin/python/Include/internal -I/usr/include -I. -IObjects -IPython -I/usr/local/include -I/usr/src/usr.bin/python/Include -I/usr/obj/usr/src/amd64.amd64/usr.bin/python -c /usr/src/usr.bin/python/Modules/_ctypes/cfield.c -o build/temp.freebsd-15.0-CURRENT-amd64-3.10/usr/src/usr.bin/python/Modules/_ctypes/cfield.o -DPy_BUILD_CORE_MODULE -DHAVE_FFI_PREP_CIF_VAR=1 -DHAVE_FFI_PREP_CLOSURE_LOC=1 -DHAVE_FFI_CLOSURE_ALLOC=1
cc -pthread -fPIC -Wno-unused-result -Wsign-compare -Wunreachable-code -DNDEBUG -g -fwrapv -O3 -Wall -std=c99 -Wextra -Wno-unused-result -Wno-unused-parameter -Wno-missing-field-initializers -Werror=implicit-function-declaration -fvisibility=hidden -I/usr/src/usr.bin/python/Include/internal -I/usr/include -I. -IObjects -IPython -I/usr/local/include -I/usr/src/usr.bin/python/Include -I/usr/obj/usr/src/amd64.amd64/usr.bin/python -c /usr/src/usr.bin/python/Modules/_ctypes/stgdict.c -o build/temp.freebsd-15.0-CURRENT-amd64-3.10/usr/src/usr.bin/python/Modules/_ctypes/stgdict.o -DPy_BUILD_CORE_MODULE -DHAVE_FFI_PREP_CIF_VAR=1 -DHAVE_FFI_PREP_CLOSURE_LOC=1 -DHAVE_FFI_CLOSURE_ALLOC=1
cc -pthread -shared build/temp.freebsd-15.0-CURRENT-amd64-3.10/usr/src/usr.bin/python/Modules/_ctypes/_ctypes.o build/temp.freebsd-15.0-CURRENT-amd64-3.10/usr/src/usr.bin/python/Modules/_ctypes/callbacks.o build/temp.freebsd-15.0-CURRENT-amd64-3.10/usr/src/usr.bin/python/Modules/_ctypes/callproc.o build/temp.freebsd-15.0-CURRENT-amd64-3.10/usr/src/usr.bin/python/Modules/_ctypes/cfield.o build/temp.freebsd-15.0-CURRENT-amd64-3.10/usr/src/usr.bin/python/Modules/_ctypes/stgdict.o -L/usr/local/lib -lffi -ldl -o build/lib.freebsd-15.0-CURRENT-amd64-3.10/_ctypes.cpython-310.so
*** WARNING: renaming "_asyncio" since importing it failed: No module named '_socket'
*** WARNING: renaming "_ssl" since importing it failed: No module named '_socket'

The necessary bits to build these optional modules were not found:
_tkinter              spwd                                     
To find the necessary bits, look in setup.py in detect_modules() for the module's name.


The following modules found by detect_modules() in setup.py, have been
built by the Makefile instead, as configured by the Setup files:
_abc                  pwd                   time               


Failed to build these modules:
_socket               _uuid                                    


Following modules built successfully but were removed because they could not be imported:
_asyncio              _ssl                                     


Could not build the ssl module!
Python requires a OpenSSL 1.1.1 or newer

running build_scripts
creating build/scripts-3.10
copying and adjusting /usr/src/usr.bin/python/Tools/scripts/pydoc3 -> build/scripts-3.10
copying and adjusting /usr/src/usr.bin/python/Tools/scripts/idle3 -> build/scripts-3.10
copying and adjusting /usr/src/usr.bin/python/Tools/scripts/2to3 -> build/scripts-3.10
changing mode of build/scripts-3.10/pydoc3 from 644 to 755
changing mode of build/scripts-3.10/idle3 from 644 to 755
changing mode of build/scripts-3.10/2to3 from 644 to 755
renaming build/scripts-3.10/pydoc3 to build/scripts-3.10/pydoc3.10
renaming build/scripts-3.10/idle3 to build/scripts-3.10/idle3.10
renaming build/scripts-3.10/2to3 to build/scripts-3.10/2to3-3.10
/usr/bin/ginstall -c -m 644 /usr/src/usr.bin/python/Tools/gdb/libpython.py python-gdb.py
cc -pthread -c -Wno-unused-result -Wsign-compare -Wunreachable-code -DNDEBUG -g -fwrapv -O3 -Wall  -O2 -pipe -fno-common  -std=c99 -Wextra -Wno-unused-result -Wno-unused-parameter -Wno-missing-field-initializers -Werror=implicit-function-declaration -fvisibility=hidden  -I/usr/src/usr.bin/python/Include/internal -IObjects -IInclude -IPython -I. -I/usr/src/usr.bin/python/Include    -DPy_BUILD_CORE -o Programs/_testembed.o /usr/src/usr.bin/python/Programs/_testembed.c
cc -pthread     -Wl,--export-dynamic -o Programs/_testembed Programs/_testembed.o libpython3.10.a -lcrypt -lintl -ldl  -lutil -lm   -lm 
sed -e "s,@EXENAME@,/usr/bin/python3.10," < /usr/src/usr.bin/python/Misc/python-config.in >python-config.py
LC_ALL=C sed -e 's,\$(\([A-Za-z0-9_]*\)),\$\{\1\},g' < Misc/python-config.sh >python-config
